<?xml version="1.0" encoding="UTF-8"?>
<testsuites>
  <testsuite name="" tests="71" assertions="81" errors="0" failures="60" skipped="0" time="0.733078">
    <testsuite name="Feature" tests="71" assertions="81" errors="0" failures="60" skipped="0" time="0.733078">
      <testsuite name="Tests\Feature\UserControllerTest" file="D:\meem-commerce\tests\Feature\UserControllerTest.php" tests="71" assertions="81" errors="0" failures="60" skipped="0" time="0.733078">
        <testcase name="test_super_admin_can_fetch_all_users_when_no_active_filter_passed" file="D:\meem-commerce\tests\Feature\UserControllerTest.php" line="207" class="Tests\Feature\UserControllerTest" classname="Tests.Feature.UserControllerTest" assertions="1" time="0.119798">
          <failure type="PHPUnit\Framework\ExpectationFailedException">Tests\Feature\UserControllerTest::test_super_admin_can_fetch_all_users_when_no_active_filter_passed&#13;
Expected response status code [200] but received 403.
Failed asserting that 200 is identical to 403.
&#13;
D:\meem-commerce\vendor\laravel\framework\src\Illuminate\Testing\TestResponse.php:146
D:\meem-commerce\vendor\laravel\framework\src\Illuminate\Testing\Concerns\AssertsStatusCodes.php:16
D:\meem-commerce\tests\Feature\UserControllerTest.php:233
D:\meem-commerce\vendor\laravel\framework\src\Illuminate\Foundation\Testing\TestCase.php:174</failure>
        </testcase>
        <testcase name="test_super_admin_can_filter_active_users" file="D:\meem-commerce\tests\Feature\UserControllerTest.php" line="242" class="Tests\Feature\UserControllerTest" classname="Tests.Feature.UserControllerTest" assertions="1" time="0.016040">
          <failure type="PHPUnit\Framework\ExpectationFailedException">Tests\Feature\UserControllerTest::test_super_admin_can_filter_active_users&#13;
Expected response status code [200] but received 403.
Failed asserting that 200 is identical to 403.
&#13;
D:\meem-commerce\vendor\laravel\framework\src\Illuminate\Testing\TestResponse.php:146
D:\meem-commerce\vendor\laravel\framework\src\Illuminate\Testing\Concerns\AssertsStatusCodes.php:16
D:\meem-commerce\tests\Feature\UserControllerTest.php:268
D:\meem-commerce\vendor\laravel\framework\src\Illuminate\Foundation\Testing\TestCase.php:174</failure>
        </testcase>
        <testcase name="test_super_admin_can_filter_inactive_users" file="D:\meem-commerce\tests\Feature\UserControllerTest.php" line="276" class="Tests\Feature\UserControllerTest" classname="Tests.Feature.UserControllerTest" assertions="1" time="0.013563">
          <failure type="PHPUnit\Framework\ExpectationFailedException">Tests\Feature\UserControllerTest::test_super_admin_can_filter_inactive_users&#13;
Expected response status code [200] but received 403.
Failed asserting that 200 is identical to 403.
&#13;
D:\meem-commerce\vendor\laravel\framework\src\Illuminate\Testing\TestResponse.php:146
D:\meem-commerce\vendor\laravel\framework\src\Illuminate\Testing\Concerns\AssertsStatusCodes.php:16
D:\meem-commerce\tests\Feature\UserControllerTest.php:302
D:\meem-commerce\vendor\laravel\framework\src\Illuminate\Foundation\Testing\TestCase.php:174</failure>
        </testcase>
        <testcase name="test_super_admin_can_create_admin_user" file="D:\meem-commerce\tests\Feature\UserControllerTest.php" line="312" class="Tests\Feature\UserControllerTest" classname="Tests.Feature.UserControllerTest" assertions="1" time="0.011446">
          <failure type="PHPUnit\Framework\ExpectationFailedException">Tests\Feature\UserControllerTest::test_super_admin_can_create_admin_user&#13;
Expected response status code [200] but received 403.
Failed asserting that 200 is identical to 403.
&#13;
D:\meem-commerce\vendor\laravel\framework\src\Illuminate\Testing\TestResponse.php:146
D:\meem-commerce\vendor\laravel\framework\src\Illuminate\Testing\Concerns\AssertsStatusCodes.php:16
D:\meem-commerce\tests\Feature\UserControllerTest.php:329
D:\meem-commerce\vendor\laravel\framework\src\Illuminate\Foundation\Testing\TestCase.php:174</failure>
        </testcase>
        <testcase name="test_create_admin_user_succeeds_without_roles" file="D:\meem-commerce\tests\Feature\UserControllerTest.php" line="342" class="Tests\Feature\UserControllerTest" classname="Tests.Feature.UserControllerTest" assertions="1" time="0.005777">
          <failure type="PHPUnit\Framework\ExpectationFailedException">Tests\Feature\UserControllerTest::test_create_admin_user_succeeds_without_roles&#13;
Expected response status code [200] but received 403.
Failed asserting that 200 is identical to 403.
&#13;
D:\meem-commerce\vendor\laravel\framework\src\Illuminate\Testing\TestResponse.php:146
D:\meem-commerce\vendor\laravel\framework\src\Illuminate\Testing\Concerns\AssertsStatusCodes.php:16
D:\meem-commerce\tests\Feature\UserControllerTest.php:353
D:\meem-commerce\vendor\laravel\framework\src\Illuminate\Foundation\Testing\TestCase.php:174</failure>
        </testcase>
        <testcase name="test_create_admin_user_fails_with_duplicate_email" file="D:\meem-commerce\tests\Feature\UserControllerTest.php" line="361" class="Tests\Feature\UserControllerTest" classname="Tests.Feature.UserControllerTest" assertions="1" time="0.008122">
          <failure type="PHPUnit\Framework\ExpectationFailedException">Tests\Feature\UserControllerTest::test_create_admin_user_fails_with_duplicate_email&#13;
Expected response status code [422] but received 403.
Failed asserting that 422 is identical to 403.
&#13;
D:\meem-commerce\vendor\laravel\framework\src\Illuminate\Testing\TestResponse.php:146
D:\meem-commerce\tests\Feature\UserControllerTest.php:373
D:\meem-commerce\vendor\laravel\framework\src\Illuminate\Foundation\Testing\TestCase.php:174</failure>
        </testcase>
        <testcase name="test_non_admin_cannot_create_admin_user" file="D:\meem-commerce\tests\Feature\UserControllerTest.php" line="376" class="Tests\Feature\UserControllerTest" classname="Tests.Feature.UserControllerTest" assertions="1" time="0.008173"/>
        <testcase name="test_create_admin_user_fails_without_name" file="D:\meem-commerce\tests\Feature\UserControllerTest.php" line="391" class="Tests\Feature\UserControllerTest" classname="Tests.Feature.UserControllerTest" assertions="1" time="0.020707">
          <failure type="PHPUnit\Framework\ExpectationFailedException">Tests\Feature\UserControllerTest::test_create_admin_user_fails_without_name&#13;
Expected response status code [422] but received 403.
Failed asserting that 422 is identical to 403.
&#13;
D:\meem-commerce\vendor\laravel\framework\src\Illuminate\Testing\TestResponse.php:146
D:\meem-commerce\tests\Feature\UserControllerTest.php:404
D:\meem-commerce\vendor\laravel\framework\src\Illuminate\Foundation\Testing\TestCase.php:174</failure>
        </testcase>
        <testcase name="test_create_admin_user_fails_without_email" file="D:\meem-commerce\tests\Feature\UserControllerTest.php" line="407" class="Tests\Feature\UserControllerTest" classname="Tests.Feature.UserControllerTest" assertions="1" time="0.007735">
          <failure type="PHPUnit\Framework\ExpectationFailedException">Tests\Feature\UserControllerTest::test_create_admin_user_fails_without_email&#13;
Expected response status code [422] but received 403.
Failed asserting that 422 is identical to 403.
&#13;
D:\meem-commerce\vendor\laravel\framework\src\Illuminate\Testing\TestResponse.php:146
D:\meem-commerce\tests\Feature\UserControllerTest.php:420
D:\meem-commerce\vendor\laravel\framework\src\Illuminate\Foundation\Testing\TestCase.php:174</failure>
        </testcase>
        <testcase name="test_create_admin_user_fails_with_invalid_email" file="D:\meem-commerce\tests\Feature\UserControllerTest.php" line="423" class="Tests\Feature\UserControllerTest" classname="Tests.Feature.UserControllerTest" assertions="1" time="0.007644">
          <failure type="PHPUnit\Framework\ExpectationFailedException">Tests\Feature\UserControllerTest::test_create_admin_user_fails_with_invalid_email&#13;
Expected response status code [422] but received 403.
Failed asserting that 422 is identical to 403.
&#13;
D:\meem-commerce\vendor\laravel\framework\src\Illuminate\Testing\TestResponse.php:146
D:\meem-commerce\tests\Feature\UserControllerTest.php:437
D:\meem-commerce\vendor\laravel\framework\src\Illuminate\Foundation\Testing\TestCase.php:174</failure>
        </testcase>
        <testcase name="test_create_admin_user_fails_without_password" file="D:\meem-commerce\tests\Feature\UserControllerTest.php" line="440" class="Tests\Feature\UserControllerTest" classname="Tests.Feature.UserControllerTest" assertions="1" time="0.009610">
          <failure type="PHPUnit\Framework\ExpectationFailedException">Tests\Feature\UserControllerTest::test_create_admin_user_fails_without_password&#13;
Expected response status code [422] but received 403.
Failed asserting that 422 is identical to 403.
&#13;
D:\meem-commerce\vendor\laravel\framework\src\Illuminate\Testing\TestResponse.php:146
D:\meem-commerce\tests\Feature\UserControllerTest.php:453
D:\meem-commerce\vendor\laravel\framework\src\Illuminate\Foundation\Testing\TestCase.php:174</failure>
        </testcase>
        <testcase name="test_create_admin_user_fails_with_short_password" file="D:\meem-commerce\tests\Feature\UserControllerTest.php" line="456" class="Tests\Feature\UserControllerTest" classname="Tests.Feature.UserControllerTest" assertions="1" time="0.008070">
          <failure type="PHPUnit\Framework\ExpectationFailedException">Tests\Feature\UserControllerTest::test_create_admin_user_fails_with_short_password&#13;
Expected response status code [422] but received 403.
Failed asserting that 422 is identical to 403.
&#13;
D:\meem-commerce\vendor\laravel\framework\src\Illuminate\Testing\TestResponse.php:146
D:\meem-commerce\tests\Feature\UserControllerTest.php:470
D:\meem-commerce\vendor\laravel\framework\src\Illuminate\Foundation\Testing\TestCase.php:174</failure>
        </testcase>
        <testcase name="test_create_admin_user_fails_without_password_confirmation" file="D:\meem-commerce\tests\Feature\UserControllerTest.php" line="473" class="Tests\Feature\UserControllerTest" classname="Tests.Feature.UserControllerTest" assertions="1" time="0.008094">
          <failure type="PHPUnit\Framework\ExpectationFailedException">Tests\Feature\UserControllerTest::test_create_admin_user_fails_without_password_confirmation&#13;
Expected response status code [422] but received 403.
Failed asserting that 422 is identical to 403.
&#13;
D:\meem-commerce\vendor\laravel\framework\src\Illuminate\Testing\TestResponse.php:146
D:\meem-commerce\tests\Feature\UserControllerTest.php:486
D:\meem-commerce\vendor\laravel\framework\src\Illuminate\Foundation\Testing\TestCase.php:174</failure>
        </testcase>
        <testcase name="test_create_admin_user_fails_with_mismatched_password_confirmation" file="D:\meem-commerce\tests\Feature\UserControllerTest.php" line="489" class="Tests\Feature\UserControllerTest" classname="Tests.Feature.UserControllerTest" assertions="1" time="0.007914">
          <failure type="PHPUnit\Framework\ExpectationFailedException">Tests\Feature\UserControllerTest::test_create_admin_user_fails_with_mismatched_password_confirmation&#13;
Expected response status code [422] but received 403.
Failed asserting that 422 is identical to 403.
&#13;
D:\meem-commerce\vendor\laravel\framework\src\Illuminate\Testing\TestResponse.php:146
D:\meem-commerce\tests\Feature\UserControllerTest.php:503
D:\meem-commerce\vendor\laravel\framework\src\Illuminate\Foundation\Testing\TestCase.php:174</failure>
        </testcase>
        <testcase name="test_create_admin_user_fails_with_invalid_is_active" file="D:\meem-commerce\tests\Feature\UserControllerTest.php" line="506" class="Tests\Feature\UserControllerTest" classname="Tests.Feature.UserControllerTest" assertions="1" time="0.007804">
          <failure type="PHPUnit\Framework\ExpectationFailedException">Tests\Feature\UserControllerTest::test_create_admin_user_fails_with_invalid_is_active&#13;
Expected response status code [422] but received 403.
Failed asserting that 422 is identical to 403.
&#13;
D:\meem-commerce\vendor\laravel\framework\src\Illuminate\Testing\TestResponse.php:146
D:\meem-commerce\tests\Feature\UserControllerTest.php:521
D:\meem-commerce\vendor\laravel\framework\src\Illuminate\Foundation\Testing\TestCase.php:174</failure>
        </testcase>
        <testcase name="test_create_admin_user_fails_with_nonexistent_role_id" file="D:\meem-commerce\tests\Feature\UserControllerTest.php" line="524" class="Tests\Feature\UserControllerTest" classname="Tests.Feature.UserControllerTest" assertions="1" time="0.005957">
          <failure type="PHPUnit\Framework\ExpectationFailedException">Tests\Feature\UserControllerTest::test_create_admin_user_fails_with_nonexistent_role_id&#13;
Expected response status code [422] but received 403.
Failed asserting that 422 is identical to 403.
&#13;
D:\meem-commerce\vendor\laravel\framework\src\Illuminate\Testing\TestResponse.php:146
D:\meem-commerce\tests\Feature\UserControllerTest.php:536
D:\meem-commerce\vendor\laravel\framework\src\Illuminate\Foundation\Testing\TestCase.php:174</failure>
        </testcase>
        <testcase name="test_create_admin_user_with_phone_number" file="D:\meem-commerce\tests\Feature\UserControllerTest.php" line="539" class="Tests\Feature\UserControllerTest" classname="Tests.Feature.UserControllerTest" assertions="1" time="0.009373">
          <failure type="PHPUnit\Framework\ExpectationFailedException">Tests\Feature\UserControllerTest::test_create_admin_user_with_phone_number&#13;
Expected response status code [200] but received 403.
Failed asserting that 200 is identical to 403.
&#13;
D:\meem-commerce\vendor\laravel\framework\src\Illuminate\Testing\TestResponse.php:146
D:\meem-commerce\vendor\laravel\framework\src\Illuminate\Testing\Concerns\AssertsStatusCodes.php:16
D:\meem-commerce\tests\Feature\UserControllerTest.php:556
D:\meem-commerce\vendor\laravel\framework\src\Illuminate\Foundation\Testing\TestCase.php:174</failure>
        </testcase>
        <testcase name="test_create_admin_user_with_is_active_false" file="D:\meem-commerce\tests\Feature\UserControllerTest.php" line="565" class="Tests\Feature\UserControllerTest" classname="Tests.Feature.UserControllerTest" assertions="1" time="0.008471">
          <failure type="PHPUnit\Framework\ExpectationFailedException">Tests\Feature\UserControllerTest::test_create_admin_user_with_is_active_false&#13;
Expected response status code [200] but received 403.
Failed asserting that 200 is identical to 403.
&#13;
D:\meem-commerce\vendor\laravel\framework\src\Illuminate\Testing\TestResponse.php:146
D:\meem-commerce\vendor\laravel\framework\src\Illuminate\Testing\Concerns\AssertsStatusCodes.php:16
D:\meem-commerce\tests\Feature\UserControllerTest.php:582
D:\meem-commerce\vendor\laravel\framework\src\Illuminate\Foundation\Testing\TestCase.php:174</failure>
        </testcase>
        <testcase name="test_super_admin_can_toggle_user_activation_full_cycle" file="D:\meem-commerce\tests\Feature\UserControllerTest.php" line="593" class="Tests\Feature\UserControllerTest" classname="Tests.Feature.UserControllerTest" assertions="1" time="0.009290">
          <failure type="PHPUnit\Framework\ExpectationFailedException">Tests\Feature\UserControllerTest::test_super_admin_can_toggle_user_activation_full_cycle&#13;
Expected response status code [200] but received 403.
Failed asserting that 200 is identical to 403.
&#13;
D:\meem-commerce\vendor\laravel\framework\src\Illuminate\Testing\TestResponse.php:146
D:\meem-commerce\vendor\laravel\framework\src\Illuminate\Testing\Concerns\AssertsStatusCodes.php:16
D:\meem-commerce\tests\Feature\UserControllerTest.php:604
D:\meem-commerce\vendor\laravel\framework\src\Illuminate\Foundation\Testing\TestCase.php:174</failure>
        </testcase>
        <testcase name="test_cannot_deactivate_active_admin_user" file="D:\meem-commerce\tests\Feature\UserControllerTest.php" line="626" class="Tests\Feature\UserControllerTest" classname="Tests.Feature.UserControllerTest" assertions="1" time="0.009147">
          <failure type="PHPUnit\Framework\ExpectationFailedException">Tests\Feature\UserControllerTest::test_cannot_deactivate_active_admin_user&#13;
Expected response status code [400] but received 403.
Failed asserting that 400 is identical to 403.
&#13;
D:\meem-commerce\vendor\laravel\framework\src\Illuminate\Testing\TestResponse.php:146
D:\meem-commerce\tests\Feature\UserControllerTest.php:644
D:\meem-commerce\vendor\laravel\framework\src\Illuminate\Foundation\Testing\TestCase.php:174</failure>
        </testcase>
        <testcase name="test_update_activation_fails_without_user_id" file="D:\meem-commerce\tests\Feature\UserControllerTest.php" line="647" class="Tests\Feature\UserControllerTest" classname="Tests.Feature.UserControllerTest" assertions="1" time="0.015911">
          <failure type="PHPUnit\Framework\ExpectationFailedException">Tests\Feature\UserControllerTest::test_update_activation_fails_without_user_id&#13;
Expected response status code [422] but received 403.
Failed asserting that 422 is identical to 403.
&#13;
D:\meem-commerce\vendor\laravel\framework\src\Illuminate\Testing\TestResponse.php:146
D:\meem-commerce\tests\Feature\UserControllerTest.php:654
D:\meem-commerce\vendor\laravel\framework\src\Illuminate\Foundation\Testing\TestCase.php:174</failure>
        </testcase>
        <testcase name="test_update_activation_fails_for_nonexistent_user" file="D:\meem-commerce\tests\Feature\UserControllerTest.php" line="657" class="Tests\Feature\UserControllerTest" classname="Tests.Feature.UserControllerTest" assertions="1" time="0.007506">
          <failure type="PHPUnit\Framework\ExpectationFailedException">Tests\Feature\UserControllerTest::test_update_activation_fails_for_nonexistent_user&#13;
Expected response status code [422] but received 403.
Failed asserting that 422 is identical to 403.
&#13;
D:\meem-commerce\vendor\laravel\framework\src\Illuminate\Testing\TestResponse.php:146
D:\meem-commerce\tests\Feature\UserControllerTest.php:665
D:\meem-commerce\vendor\laravel\framework\src\Illuminate\Foundation\Testing\TestCase.php:174</failure>
        </testcase>
        <testcase name="test_super_admin_can_delete_regular_user" file="D:\meem-commerce\tests\Feature\UserControllerTest.php" line="670" class="Tests\Feature\UserControllerTest" classname="Tests.Feature.UserControllerTest" assertions="1" time="0.009185">
          <failure type="PHPUnit\Framework\ExpectationFailedException">Tests\Feature\UserControllerTest::test_super_admin_can_delete_regular_user&#13;
Expected response status code [200] but received 403.
Failed asserting that 200 is identical to 403.
&#13;
D:\meem-commerce\vendor\laravel\framework\src\Illuminate\Testing\TestResponse.php:146
D:\meem-commerce\vendor\laravel\framework\src\Illuminate\Testing\Concerns\AssertsStatusCodes.php:16
D:\meem-commerce\tests\Feature\UserControllerTest.php:679
D:\meem-commerce\vendor\laravel\framework\src\Illuminate\Foundation\Testing\TestCase.php:174</failure>
        </testcase>
        <testcase name="test_cannot_delete_admin_user" file="D:\meem-commerce\tests\Feature\UserControllerTest.php" line="686" class="Tests\Feature\UserControllerTest" classname="Tests.Feature.UserControllerTest" assertions="1" time="0.009774">
          <failure type="PHPUnit\Framework\ExpectationFailedException">Tests\Feature\UserControllerTest::test_cannot_delete_admin_user&#13;
Expected response status code [400] but received 403.
Failed asserting that 400 is identical to 403.
&#13;
D:\meem-commerce\vendor\laravel\framework\src\Illuminate\Testing\TestResponse.php:146
D:\meem-commerce\tests\Feature\UserControllerTest.php:703
D:\meem-commerce\vendor\laravel\framework\src\Illuminate\Foundation\Testing\TestCase.php:174</failure>
        </testcase>
        <testcase name="test_cannot_delete_self" file="D:\meem-commerce\tests\Feature\UserControllerTest.php" line="707" class="Tests\Feature\UserControllerTest" classname="Tests.Feature.UserControllerTest" assertions="1" time="0.006626">
          <failure type="PHPUnit\Framework\ExpectationFailedException">Tests\Feature\UserControllerTest::test_cannot_delete_self&#13;
Expected response status code [400] but received 403.
Failed asserting that 400 is identical to 403.
&#13;
D:\meem-commerce\vendor\laravel\framework\src\Illuminate\Testing\TestResponse.php:146
D:\meem-commerce\tests\Feature\UserControllerTest.php:714
D:\meem-commerce\vendor\laravel\framework\src\Illuminate\Foundation\Testing\TestCase.php:174</failure>
        </testcase>
        <testcase name="test_delete_fails_for_nonexistent_user" file="D:\meem-commerce\tests\Feature\UserControllerTest.php" line="718" class="Tests\Feature\UserControllerTest" classname="Tests.Feature.UserControllerTest" assertions="1" time="0.006447">
          <failure type="PHPUnit\Framework\ExpectationFailedException">Tests\Feature\UserControllerTest::test_delete_fails_for_nonexistent_user&#13;
Expected response status code [404] but received 403.
Failed asserting that 404 is identical to 403.
&#13;
D:\meem-commerce\vendor\laravel\framework\src\Illuminate\Testing\TestResponse.php:146
D:\meem-commerce\tests\Feature\UserControllerTest.php:725
D:\meem-commerce\vendor\laravel\framework\src\Illuminate\Foundation\Testing\TestCase.php:174</failure>
        </testcase>
        <testcase name="test_unauthenticated_user_cannot_access_admin_endpoints" file="D:\meem-commerce\tests\Feature\UserControllerTest.php" line="730" class="Tests\Feature\UserControllerTest" classname="Tests.Feature.UserControllerTest" assertions="3" time="0.006300"/>
        <testcase name="test_regular_user_cannot_access_admin_endpoints" file="D:\meem-commerce\tests\Feature\UserControllerTest.php" line="737" class="Tests\Feature\UserControllerTest" classname="Tests.Feature.UserControllerTest" assertions="3" time="0.010612"/>
        <testcase name="test_admin_add_response_has_correct_structure" file="D:\meem-commerce\tests\Feature\UserControllerTest.php" line="750" class="Tests\Feature\UserControllerTest" classname="Tests.Feature.UserControllerTest" assertions="3" time="0.009248">
          <failure type="PHPUnit\Framework\ExpectationFailedException">Tests\Feature\UserControllerTest::test_admin_add_response_has_correct_structure&#13;
Failed asserting that an array has the key 'success'.
&#13;
D:\meem-commerce\vendor\laravel\framework\src\Illuminate\Testing\AssertableJsonString.php:292
D:\meem-commerce\vendor\laravel\framework\src\Illuminate\Testing\TestResponse.php:790
D:\meem-commerce\tests\Feature\UserControllerTest.php:766
D:\meem-commerce\vendor\laravel\framework\src\Illuminate\Foundation\Testing\TestCase.php:174</failure>
        </testcase>
        <testcase name="test_update_activation_response_has_correct_structure" file="D:\meem-commerce\tests\Feature\UserControllerTest.php" line="778" class="Tests\Feature\UserControllerTest" classname="Tests.Feature.UserControllerTest" assertions="3" time="0.008490">
          <failure type="PHPUnit\Framework\ExpectationFailedException">Tests\Feature\UserControllerTest::test_update_activation_response_has_correct_structure&#13;
Failed asserting that an array has the key 'success'.
&#13;
D:\meem-commerce\vendor\laravel\framework\src\Illuminate\Testing\AssertableJsonString.php:292
D:\meem-commerce\vendor\laravel\framework\src\Illuminate\Testing\TestResponse.php:790
D:\meem-commerce\tests\Feature\UserControllerTest.php:789
D:\meem-commerce\vendor\laravel\framework\src\Illuminate\Foundation\Testing\TestCase.php:174</failure>
        </testcase>
        <testcase name="test_delete_response_has_correct_structure" file="D:\meem-commerce\tests\Feature\UserControllerTest.php" line="792" class="Tests\Feature\UserControllerTest" classname="Tests.Feature.UserControllerTest" assertions="3" time="0.006627">
          <failure type="PHPUnit\Framework\ExpectationFailedException">Tests\Feature\UserControllerTest::test_delete_response_has_correct_structure&#13;
Failed asserting that an array has the key 'success'.
&#13;
D:\meem-commerce\vendor\laravel\framework\src\Illuminate\Testing\AssertableJsonString.php:292
D:\meem-commerce\vendor\laravel\framework\src\Illuminate\Testing\TestResponse.php:790
D:\meem-commerce\tests\Feature\UserControllerTest.php:801
D:\meem-commerce\vendor\laravel\framework\src\Illuminate\Foundation\Testing\TestCase.php:174</failure>
        </testcase>
        <testcase name="test_type_is_persisted_as_admin_through_endpoint" file="D:\meem-commerce\tests\Feature\UserControllerTest.php" line="808" class="Tests\Feature\UserControllerTest" classname="Tests.Feature.UserControllerTest" assertions="1" time="0.007553">
          <failure type="PHPUnit\Framework\ExpectationFailedException">Tests\Feature\UserControllerTest::test_type_is_persisted_as_admin_through_endpoint&#13;
Failed asserting that a row in the table [users] matches the attributes {
    "email": "fillable@example.com",
    "type": "admin"
}.

Found: [
    {
        "email": "superadmin@example.com",
        "type": "admin"
    }
].
&#13;
D:\meem-commerce\vendor\laravel\framework\src\Illuminate\Foundation\Testing\Concerns\InteractsWithDatabase.php:29
D:\meem-commerce\tests\Feature\UserControllerTest.php:824
D:\meem-commerce\vendor\laravel\framework\src\Illuminate\Foundation\Testing\TestCase.php:174</failure>
        </testcase>
        <testcase name="test_default_user_type_is_user_when_not_specified" file="D:\meem-commerce\tests\Feature\UserControllerTest.php" line="830" class="Tests\Feature\UserControllerTest" classname="Tests.Feature.UserControllerTest" assertions="1" time="0.002944"/>
        <testcase name="test_phone_number_is_persisted_through_endpoint" file="D:\meem-commerce\tests\Feature\UserControllerTest.php" line="844" class="Tests\Feature\UserControllerTest" classname="Tests.Feature.UserControllerTest" assertions="1" time="0.007921">
          <failure type="PHPUnit\Framework\ExpectationFailedException">Tests\Feature\UserControllerTest::test_phone_number_is_persisted_through_endpoint&#13;
Failed asserting that a row in the table [users] matches the attributes {
    "email": "phonepersist@example.com",
    "phone_number": "01009998877"
}.

Found: [
    {
        "email": "superadmin@example.com",
        "phone_number": "01000000001"
    }
].
&#13;
D:\meem-commerce\vendor\laravel\framework\src\Illuminate\Foundation\Testing\Concerns\InteractsWithDatabase.php:29
D:\meem-commerce\tests\Feature\UserControllerTest.php:860
D:\meem-commerce\vendor\laravel\framework\src\Illuminate\Foundation\Testing\TestCase.php:174</failure>
        </testcase>
        <testcase name="test_admin_add_finds_role_with_api_guard" file="D:\meem-commerce\tests\Feature\UserControllerTest.php" line="870" class="Tests\Feature\UserControllerTest" classname="Tests.Feature.UserControllerTest" assertions="1" time="0.007915">
          <failure type="PHPUnit\Framework\ExpectationFailedException">Tests\Feature\UserControllerTest::test_admin_add_finds_role_with_api_guard&#13;
Expected response status code [200] but received 403.
Failed asserting that 200 is identical to 403.
&#13;
D:\meem-commerce\vendor\laravel\framework\src\Illuminate\Testing\TestResponse.php:146
D:\meem-commerce\vendor\laravel\framework\src\Illuminate\Testing\Concerns\AssertsStatusCodes.php:16
D:\meem-commerce\tests\Feature\UserControllerTest.php:885
D:\meem-commerce\vendor\laravel\framework\src\Illuminate\Foundation\Testing\TestCase.php:174</failure>
        </testcase>
        <testcase name="test_create_admin_user_with_single_role" file="D:\meem-commerce\tests\Feature\UserControllerTest.php" line="893" class="Tests\Feature\UserControllerTest" classname="Tests.Feature.UserControllerTest" assertions="1" time="0.006256">
          <failure type="PHPUnit\Framework\ExpectationFailedException">Tests\Feature\UserControllerTest::test_create_admin_user_with_single_role&#13;
Expected response status code [200] but received 403.
Failed asserting that 200 is identical to 403.
&#13;
D:\meem-commerce\vendor\laravel\framework\src\Illuminate\Testing\TestResponse.php:146
D:\meem-commerce\vendor\laravel\framework\src\Illuminate\Testing\Concerns\AssertsStatusCodes.php:16
D:\meem-commerce\tests\Feature\UserControllerTest.php:908
D:\meem-commerce\vendor\laravel\framework\src\Illuminate\Foundation\Testing\TestCase.php:174</failure>
        </testcase>
        <testcase name="test_create_admin_user_with_multiple_roles" file="D:\meem-commerce\tests\Feature\UserControllerTest.php" line="917" class="Tests\Feature\UserControllerTest" classname="Tests.Feature.UserControllerTest" assertions="1" time="0.006126">
          <failure type="PHPUnit\Framework\ExpectationFailedException">Tests\Feature\UserControllerTest::test_create_admin_user_with_multiple_roles&#13;
Expected response status code [200] but received 403.
Failed asserting that 200 is identical to 403.
&#13;
D:\meem-commerce\vendor\laravel\framework\src\Illuminate\Testing\TestResponse.php:146
D:\meem-commerce\vendor\laravel\framework\src\Illuminate\Testing\Concerns\AssertsStatusCodes.php:16
D:\meem-commerce\tests\Feature\UserControllerTest.php:933
D:\meem-commerce\vendor\laravel\framework\src\Illuminate\Foundation\Testing\TestCase.php:174</failure>
        </testcase>
        <testcase name="test_create_admin_user_with_duplicate_role_ids" file="D:\meem-commerce\tests\Feature\UserControllerTest.php" line="947" class="Tests\Feature\UserControllerTest" classname="Tests.Feature.UserControllerTest" assertions="1" time="0.010606">
          <failure type="PHPUnit\Framework\ExpectationFailedException">Tests\Feature\UserControllerTest::test_create_admin_user_with_duplicate_role_ids&#13;
Expected response status code [200] but received 403.
Failed asserting that 200 is identical to 403.
&#13;
D:\meem-commerce\vendor\laravel\framework\src\Illuminate\Testing\TestResponse.php:146
D:\meem-commerce\vendor\laravel\framework\src\Illuminate\Testing\Concerns\AssertsStatusCodes.php:16
D:\meem-commerce\tests\Feature\UserControllerTest.php:962
D:\meem-commerce\vendor\laravel\framework\src\Illuminate\Foundation\Testing\TestCase.php:174</failure>
        </testcase>
        <testcase name="test_create_admin_user_with_mixed_valid_and_invalid_roles" file="D:\meem-commerce\tests\Feature\UserControllerTest.php" line="969" class="Tests\Feature\UserControllerTest" classname="Tests.Feature.UserControllerTest" assertions="1" time="0.006935">
          <failure type="PHPUnit\Framework\ExpectationFailedException">Tests\Feature\UserControllerTest::test_create_admin_user_with_mixed_valid_and_invalid_roles&#13;
Expected response status code [422] but received 403.
Failed asserting that 422 is identical to 403.
&#13;
D:\meem-commerce\vendor\laravel\framework\src\Illuminate\Testing\TestResponse.php:146
D:\meem-commerce\tests\Feature\UserControllerTest.php:982
D:\meem-commerce\vendor\laravel\framework\src\Illuminate\Foundation\Testing\TestCase.php:174</failure>
        </testcase>
        <testcase name="test_users_endpoint_returns_paginated_response" file="D:\meem-commerce\tests\Feature\UserControllerTest.php" line="989" class="Tests\Feature\UserControllerTest" classname="Tests.Feature.UserControllerTest" assertions="1" time="0.007668">
          <failure type="PHPUnit\Framework\ExpectationFailedException">Tests\Feature\UserControllerTest::test_users_endpoint_returns_paginated_response&#13;
Expected response status code [200] but received 403.
Failed asserting that 200 is identical to 403.
&#13;
D:\meem-commerce\vendor\laravel\framework\src\Illuminate\Testing\TestResponse.php:146
D:\meem-commerce\vendor\laravel\framework\src\Illuminate\Testing\Concerns\AssertsStatusCodes.php:16
D:\meem-commerce\tests\Feature\UserControllerTest.php:996
D:\meem-commerce\vendor\laravel\framework\src\Illuminate\Foundation\Testing\TestCase.php:174</failure>
        </testcase>
        <testcase name="test_users_endpoint_custom_per_page" file="D:\meem-commerce\tests\Feature\UserControllerTest.php" line="1003" class="Tests\Feature\UserControllerTest" classname="Tests.Feature.UserControllerTest" assertions="1" time="0.010290">
          <failure type="PHPUnit\Framework\ExpectationFailedException">Tests\Feature\UserControllerTest::test_users_endpoint_custom_per_page&#13;
Expected response status code [200] but received 403.
Failed asserting that 200 is identical to 403.
&#13;
D:\meem-commerce\vendor\laravel\framework\src\Illuminate\Testing\TestResponse.php:146
D:\meem-commerce\vendor\laravel\framework\src\Illuminate\Testing\Concerns\AssertsStatusCodes.php:16
D:\meem-commerce\tests\Feature\UserControllerTest.php:1013
D:\meem-commerce\vendor\laravel\framework\src\Illuminate\Foundation\Testing\TestCase.php:174</failure>
        </testcase>
        <testcase name="test_users_endpoint_large_page_number_returns_empty" file="D:\meem-commerce\tests\Feature\UserControllerTest.php" line="1017" class="Tests\Feature\UserControllerTest" classname="Tests.Feature.UserControllerTest" assertions="1" time="0.010414">
          <failure type="PHPUnit\Framework\ExpectationFailedException">Tests\Feature\UserControllerTest::test_users_endpoint_large_page_number_returns_empty&#13;
Expected response status code [200] but received 403.
Failed asserting that 200 is identical to 403.
&#13;
D:\meem-commerce\vendor\laravel\framework\src\Illuminate\Testing\TestResponse.php:146
D:\meem-commerce\vendor\laravel\framework\src\Illuminate\Testing\Concerns\AssertsStatusCodes.php:16
D:\meem-commerce\tests\Feature\UserControllerTest.php:1024
D:\meem-commerce\vendor\laravel\framework\src\Illuminate\Foundation\Testing\TestCase.php:174</failure>
        </testcase>
        <testcase name="test_create_admin_user_with_nullable_phone" file="D:\meem-commerce\tests\Feature\UserControllerTest.php" line="1032" class="Tests\Feature\UserControllerTest" classname="Tests.Feature.UserControllerTest" assertions="1" time="0.006612">
          <failure type="PHPUnit\Framework\ExpectationFailedException">Tests\Feature\UserControllerTest::test_create_admin_user_with_nullable_phone&#13;
Expected response status code [200] but received 403.
Failed asserting that 200 is identical to 403.
&#13;
D:\meem-commerce\vendor\laravel\framework\src\Illuminate\Testing\TestResponse.php:146
D:\meem-commerce\vendor\laravel\framework\src\Illuminate\Testing\Concerns\AssertsStatusCodes.php:16
D:\meem-commerce\tests\Feature\UserControllerTest.php:1045
D:\meem-commerce\vendor\laravel\framework\src\Illuminate\Foundation\Testing\TestCase.php:174</failure>
        </testcase>
        <testcase name="test_create_admin_user_fails_with_duplicate_phone" file="D:\meem-commerce\tests\Feature\UserControllerTest.php" line="1048" class="Tests\Feature\UserControllerTest" classname="Tests.Feature.UserControllerTest" assertions="1" time="0.006069">
          <failure type="PHPUnit\Framework\ExpectationFailedException">Tests\Feature\UserControllerTest::test_create_admin_user_fails_with_duplicate_phone&#13;
Expected response status code [200] but received 403.
Failed asserting that 200 is identical to 403.
&#13;
D:\meem-commerce\vendor\laravel\framework\src\Illuminate\Testing\TestResponse.php:146
D:\meem-commerce\vendor\laravel\framework\src\Illuminate\Testing\Concerns\AssertsStatusCodes.php:16
D:\meem-commerce\tests\Feature\UserControllerTest.php:1062
D:\meem-commerce\vendor\laravel\framework\src\Illuminate\Foundation\Testing\TestCase.php:174</failure>
        </testcase>
        <testcase name="test_create_regular_user_defaults_to_user_type" file="D:\meem-commerce\tests\Feature\UserControllerTest.php" line="1078" class="Tests\Feature\UserControllerTest" classname="Tests.Feature.UserControllerTest" assertions="1" time="0.003041"/>
        <testcase name="test_admin_user_type_persists_in_database" file="D:\meem-commerce\tests\Feature\UserControllerTest.php" line="1084" class="Tests\Feature\UserControllerTest" classname="Tests.Feature.UserControllerTest" assertions="1" time="0.008545">
          <failure type="PHPUnit\Framework\ExpectationFailedException">Tests\Feature\UserControllerTest::test_admin_user_type_persists_in_database&#13;
Failed asserting that a row in the table [users] matches the attributes {
    "email": "typecheck@example.com",
    "type": "admin"
}.

Found: [
    {
        "email": "superadmin@example.com",
        "type": "admin"
    }
].
&#13;
D:\meem-commerce\vendor\laravel\framework\src\Illuminate\Foundation\Testing\Concerns\InteractsWithDatabase.php:29
D:\meem-commerce\tests\Feature\UserControllerTest.php:1099
D:\meem-commerce\vendor\laravel\framework\src\Illuminate\Foundation\Testing\TestCase.php:174</failure>
        </testcase>
        <testcase name="test_non_admin_cannot_access_users_endpoint" file="D:\meem-commerce\tests\Feature\UserControllerTest.php" line="1109" class="Tests\Feature\UserControllerTest" classname="Tests.Feature.UserControllerTest" assertions="1" time="0.007085"/>
        <testcase name="test_super_admin_can_make_user_admin" file="D:\meem-commerce\tests\Feature\UserControllerTest.php" line="1122" class="Tests\Feature\UserControllerTest" classname="Tests.Feature.UserControllerTest" assertions="1" time="0.019558">
          <failure type="PHPUnit\Framework\ExpectationFailedException">Tests\Feature\UserControllerTest::test_super_admin_can_make_user_admin&#13;
Expected response status code [200] but received 404.
Failed asserting that 200 is identical to 404.&#13;
&#13;
The following exception occurred during the last request:

Spatie\Permission\Exceptions\PermissionDoesNotExist: There is no permission named `super_admin` for guard `api`. in D:\meem-commerce\vendor\spatie\laravel-permission\src\Exceptions\PermissionDoesNotExist.php:11
Stack trace:
#0 D:\meem-commerce\vendor\spatie\laravel-permission\src\Models\Permission.php(94): Spatie\Permission\Exceptions\PermissionDoesNotExist::create('super_admin', 'api')
#1 D:\meem-commerce\vendor\spatie\laravel-permission\src\Traits\HasPermissions.php(183): Spatie\Permission\Models\Permission::findByName('super_admin', 'api')
#2 D:\meem-commerce\vendor\spatie\laravel-permission\src\Traits\HasPermissions.php(210): Marvel\Database\Models\User-&gt;filterPermission('super_admin', NULL)
#3 D:\meem-commerce\packages\marvel\src\Database\Repositories\BaseRepository.php(174): Marvel\Database\Models\User-&gt;hasPermissionTo('super_admin')
#4 D:\meem-commerce\packages\marvel\src\Http\Controllers\UserController.php(1204): Marvel\Database\Repositories\BaseRepository-&gt;hasPermission(Object(Marvel\Database\Models\User))
#5 D:\meem-commerce\vendor\laravel\framework\src\Illuminate\Routing\Controller.php(54): Marvel\Http\Controllers\UserController-&gt;makeOrRevokeAdmin(Object(Illuminate\Http\Request))
#6 D:\meem-commerce\vendor\laravel\framework\src\Illuminate\Routing\ControllerDispatcher.php(43): Illuminate\Routing\Controller-&gt;callAction('makeOrRevokeAdm...', Array)
#7 D:\meem-commerce\vendor\laravel\framework\src\Illuminate\Routing\Route.php(259): Illuminate\Routing\ControllerDispatcher-&gt;dispatch(Object(Illuminate\Routing\Route), Object(Marvel\Http\Controllers\UserController), 'makeOrRevokeAdm...')
#8 D:\meem-commerce\vendor\laravel\framework\src\Illuminate\Routing\Route.php(205): Illuminate\Routing\Route-&gt;runController()
#9 D:\meem-commerce\vendor\laravel\framework\src\Illuminate\Routing\Router.php(799): Illuminate\Routing\Route-&gt;run()
#10 D:\meem-commerce\vendor\laravel\framework\src\Illuminate\Pipeline\Pipeline.php(141): Illuminate\Routing\Router-&gt;Illuminate\Routing\{closure}(Object(Illuminate\Http\Request))
#11 D:\meem-commerce\vendor\laravel\framework\src\Illuminate\Auth\Middleware\EnsureEmailIsVerified.php(41): Illuminate\Pipeline\Pipeline-&gt;Illuminate\Pipeline\{closure}(Object(Illuminate\Http\Request))
#12 D:\meem-commerce\vendor\laravel\framework\src\Illuminate\Pipeline\Pipeline.php(180): Illuminate\Auth\Middleware\EnsureEmailIsVerified-&gt;handle(Object(Illuminate\Http\Request), Object(Closure))
#13 D:\meem-commerce\app\Http\Middleware\CheckLangMiddleware.php(27): Illuminate\Pipeline\Pipeline-&gt;Illuminate\Pipeline\{closure}(Object(Illuminate\Http\Request))
#14 D:\meem-commerce\vendor\laravel\framework\src\Illuminate\Pipeline\Pipeline.php(180): App\Http\Middleware\CheckLangMiddleware-&gt;handle(Object(Illuminate\Http\Request), Object(Closure))
#15 D:\meem-commerce\app\Http\Middleware\ChannelMiddleware.php(25): Illuminate\Pipeline\Pipeline-&gt;Illuminate\Pipeline\{closure}(Object(Illuminate\Http\Request))
#16 D:\meem-commerce\vendor\laravel\framework\src\Illuminate\Pipeline\Pipeline.php(180): App\Http\Middleware\ChannelMiddleware-&gt;handle(Object(Illuminate\Http\Request), Object(Closure))
#17 D:\meem-commerce\vendor\laravel\framework\src\Illuminate\Routing\Middleware\SubstituteBindings.php(50): Illuminate\Pipeline\Pipeline-&gt;Illuminate\Pipeline\{closure}(Object(Illuminate\Http\Request))
#18 D:\meem-commerce\vendor\laravel\framework\src\Illuminate\Pipeline\Pipeline.php(180): Illuminate\Routing\Middleware\SubstituteBindings-&gt;handle(Object(Illuminate\Http\Request), Object(Closure))
#19 D:\meem-commerce\vendor\laravel\framework\src\Illuminate\Routing\Middleware\ThrottleRequests.php(159): Illuminate\Pipeline\Pipeline-&gt;Illuminate\Pipeline\{closure}(Object(Illuminate\Http\Request))
#20 D:\meem-commerce\vendor\laravel\framework\src\Illuminate\Routing\Middleware\ThrottleRequests.php(125): Illuminate\Routing\Middleware\ThrottleRequests-&gt;handleRequest(Object(Illuminate\Http\Request), Object(Closure), Array)
#21 D:\meem-commerce\vendor\laravel\framework\src\Illuminate\Routing\Middleware\ThrottleRequests.php(87): Illuminate\Routing\Middleware\ThrottleRequests-&gt;handleRequestUsingNamedLimiter(Object(Illuminate\Http\Request), Object(Closure), 'api', Object(Closure))
#22 D:\meem-commerce\vendor\laravel\framework\src\Illuminate\Pipeline\Pipeline.php(180): Illuminate\Routing\Middleware\ThrottleRequests-&gt;handle(Object(Illuminate\Http\Request), Object(Closure), 'api')
#23 D:\meem-commerce\vendor\laravel\framework\src\Illuminate\Auth\Middleware\Authenticate.php(57): Illuminate\Pipeline\Pipeline-&gt;Illuminate\Pipeline\{closure}(Object(Illuminate\Http\Request))
#24 D:\meem-commerce\vendor\laravel\framework\src\Illuminate\Pipeline\Pipeline.php(180): Illuminate\Auth\Middleware\Authenticate-&gt;handle(Object(Illuminate\Http\Request), Object(Closure), 'sanctum')
#25 D:\meem-commerce\vendor\laravel\framework\src\Illuminate\Pipeline\Pipeline.php(116): Illuminate\Pipeline\Pipeline-&gt;Illuminate\Pipeline\{closure}(Object(Illuminate\Http\Request))
#26 D:\meem-commerce\vendor\laravel\framework\src\Illuminate\Routing\Router.php(798): Illuminate\Pipeline\Pipeline-&gt;then(Object(Closure))
#27 D:\meem-commerce\vendor\laravel\framework\src\Illuminate\Routing\Router.php(777): Illuminate\Routing\Router-&gt;runRouteWithinStack(Object(Illuminate\Routing\Route), Object(Illuminate\Http\Request))
#28 D:\meem-commerce\vendor\laravel\framework\src\Illuminate\Routing\Router.php(741): Illuminate\Routing\Router-&gt;runRoute(Object(Illuminate\Http\Request), Object(Illuminate\Routing\Route))
#29 D:\meem-commerce\vendor\laravel\framework\src\Illuminate\Routing\Router.php(730): Illuminate\Routing\Router-&gt;dispatchToRoute(Object(Illuminate\Http\Request))
#30 D:\meem-commerce\vendor\laravel\framework\src\Illuminate\Foundation\Http\Kernel.php(200): Illuminate\Routing\Router-&gt;dispatch(Object(Illuminate\Http\Request))
#31 D:\meem-commerce\vendor\laravel\framework\src\Illuminate\Pipeline\Pipeline.php(141): Illuminate\Foundation\Http\Kernel-&gt;Illuminate\Foundation\Http\{closure}(Object(Illuminate\Http\Request))
#32 D:\meem-commerce\vendor\laravel\framework\src\Illuminate\Http\Middleware\HandleCors.php(62): Illuminate\Pipeline\Pipeline-&gt;Illuminate\Pipeline\{closure}(Object(Illuminate\Http\Request))
#33 D:\meem-commerce\vendor\laravel\framework\src\Illuminate\Pipeline\Pipeline.php(180): Illuminate\Http\Middleware\HandleCors-&gt;handle(Object(Illuminate\Http\Request), Object(Closure))
#34 D:\meem-commerce\vendor\laravel\framework\src\Illuminate\Foundation\Http\Middleware\TransformsRequest.php(21): Illuminate\Pipeline\Pipeline-&gt;Illuminate\Pipeline\{closure}(Object(Illuminate\Http\Request))
#35 D:\meem-commerce\vendor\laravel\framework\src\Illuminate\Foundation\Http\Middleware\ConvertEmptyStringsToNull.php(31): Illuminate\Foundation\Http\Middleware\TransformsRequest-&gt;handle(Object(Illuminate\Http\Request), Object(Closure))
#36 D:\meem-commerce\vendor\laravel\framework\src\Illuminate\Pipeline\Pipeline.php(180): Illuminate\Foundation\Http\Middleware\ConvertEmptyStringsToNull-&gt;handle(Object(Illuminate\Http\Request), Object(Closure))
#37 D:\meem-commerce\vendor\laravel\framework\src\Illuminate\Foundation\Http\Middleware\TransformsRequest.php(21): Illuminate\Pipeline\Pipeline-&gt;Illuminate\Pipeline\{closure}(Object(Illuminate\Http\Request))
#38 D:\meem-commerce\vendor\laravel\framework\src\Illuminate\Foundation\Http\Middleware\TrimStrings.php(40): Illuminate\Foundation\Http\Middleware\TransformsRequest-&gt;handle(Object(Illuminate\Http\Request), Object(Closure))
#39 D:\meem-commerce\vendor\laravel\framework\src\Illuminate\Pipeline\Pipeline.php(180): Illuminate\Foundation\Http\Middleware\TrimStrings-&gt;handle(Object(Illuminate\Http\Request), Object(Closure))
#40 D:\meem-commerce\vendor\laravel\framework\src\Illuminate\Foundation\Http\Middleware\ValidatePostSize.php(27): Illuminate\Pipeline\Pipeline-&gt;Illuminate\Pipeline\{closure}(Object(Illuminate\Http\Request))
#41 D:\meem-commerce\vendor\laravel\framework\src\Illuminate\Pipeline\Pipeline.php(180): Illuminate\Foundation\Http\Middleware\ValidatePostSize-&gt;handle(Object(Illuminate\Http\Request), Object(Closure))
#42 D:\meem-commerce\vendor\laravel\framework\src\Illuminate\Foundation\Http\Middleware\PreventRequestsDuringMaintenance.php(99): Illuminate\Pipeline\Pipeline-&gt;Illuminate\Pipeline\{closure}(Object(Illuminate\Http\Request))
#43 D:\meem-commerce\vendor\laravel\framework\src\Illuminate\Pipeline\Pipeline.php(180): Illuminate\Foundation\Http\Middleware\PreventRequestsDuringMaintenance-&gt;handle(Object(Illuminate\Http\Request), Object(Closure))
#44 D:\meem-commerce\vendor\laravel\framework\src\Illuminate\Http\Middleware\TrustProxies.php(39): Illuminate\Pipeline\Pipeline-&gt;Illuminate\Pipeline\{closure}(Object(Illuminate\Http\Request))
#45 D:\meem-commerce\vendor\laravel\framework\src\Illuminate\Pipeline\Pipeline.php(180): Illuminate\Http\Middleware\TrustProxies-&gt;handle(Object(Illuminate\Http\Request), Object(Closure))
#46 D:\meem-commerce\vendor\laravel\framework\src\Illuminate\Pipeline\Pipeline.php(116): Illuminate\Pipeline\Pipeline-&gt;Illuminate\Pipeline\{closure}(Object(Illuminate\Http\Request))
#47 D:\meem-commerce\vendor\laravel\framework\src\Illuminate\Foundation\Http\Kernel.php(175): Illuminate\Pipeline\Pipeline-&gt;then(Object(Closure))
#48 D:\meem-commerce\vendor\laravel\framework\src\Illuminate\Foundation\Http\Kernel.php(144): Illuminate\Foundation\Http\Kernel-&gt;sendRequestThroughRouter(Object(Illuminate\Http\Request))
#49 D:\meem-commerce\vendor\laravel\framework\src\Illuminate\Foundation\Testing\Concerns\MakesHttpRequests.php(573): Illuminate\Foundation\Http\Kernel-&gt;handle(Object(Illuminate\Http\Request))
#50 D:\meem-commerce\vendor\laravel\framework\src\Illuminate\Foundation\Testing\Concerns\MakesHttpRequests.php(539): Illuminate\Foundation\Testing\TestCase-&gt;call('POST', '/api/v1/users/m...', Array, Array, Array, Array, '{"user_id":2}')
#51 D:\meem-commerce\vendor\laravel\framework\src\Illuminate\Foundation\Testing\Concerns\MakesHttpRequests.php(377): Illuminate\Foundation\Testing\TestCase-&gt;json('POST', '/api/v1/users/m...', Array, Array, 0)
#52 D:\meem-commerce\tests\Feature\UserControllerTest.php(1129): Illuminate\Foundation\Testing\TestCase-&gt;postJson('/api/v1/users/m...', Array)
#53 D:\meem-commerce\vendor\phpunit\phpunit\src\Framework\TestCase.php(1030): Tests\Feature\UserControllerTest-&gt;test_super_admin_can_make_user_admin()
#54 D:\meem-commerce\vendor\laravel\framework\src\Illuminate\Foundation\Testing\TestCase.php(174): PHPUnit\Framework\TestCase-&gt;runTest()
#55 D:\meem-commerce\vendor\phpunit\phpunit\src\Framework\TestCase.php(627): Illuminate\Foundation\Testing\TestCase-&gt;runTest()
#56 D:\meem-commerce\vendor\phpunit\phpunit\src\Framework\TestRunner.php(101): PHPUnit\Framework\TestCase-&gt;runBare()
#57 D:\meem-commerce\vendor\phpunit\phpunit\src\Framework\TestCase.php(456): PHPUnit\Framework\TestRunner-&gt;run(Object(Tests\Feature\UserControllerTest))
#58 D:\meem-commerce\vendor\phpunit\phpunit\src\Framework\TestSuite.php(352): PHPUnit\Framework\TestCase-&gt;run()
#59 D:\meem-commerce\vendor\phpunit\phpunit\src\Framework\TestSuite.php(352): PHPUnit\Framework\TestSuite-&gt;run()
#60 D:\meem-commerce\vendor\phpunit\phpunit\src\Framework\TestSuite.php(352): PHPUnit\Framework\TestSuite-&gt;run()
#61 D:\meem-commerce\vendor\phpunit\phpunit\src\TextUI\TestRunner.php(63): PHPUnit\Framework\TestSuite-&gt;run()
#62 D:\meem-commerce\vendor\phpunit\phpunit\src\TextUI\Application.php(141): PHPUnit\TextUI\TestRunner-&gt;run(Object(PHPUnit\TextUI\Configuration\Configuration), Object(PHPUnit\Runner\ResultCache\DefaultResultCache), Object(PHPUnit\Framework\TestSuite))
#63 D:\meem-commerce\vendor\phpunit\phpunit\phpunit(90): PHPUnit\TextUI\Application-&gt;run(Array)
#64 D:\meem-commerce\vendor\bin\phpunit(122): include('D:\\meem-commerc...')
#65 {main}

----------------------------------------------------------------------------------

There is no permission named `super_admin` for guard `api`.
&#13;
D:\meem-commerce\vendor\laravel\framework\src\Illuminate\Testing\TestResponse.php:146
D:\meem-commerce\vendor\laravel\framework\src\Illuminate\Testing\Concerns\AssertsStatusCodes.php:16
D:\meem-commerce\tests\Feature\UserControllerTest.php:1133
D:\meem-commerce\vendor\laravel\framework\src\Illuminate\Foundation\Testing\TestCase.php:174</failure>
        </testcase>
        <testcase name="test_super_admin_can_revoke_admin_from_user" file="D:\meem-commerce\tests\Feature\UserControllerTest.php" line="1139" class="Tests\Feature\UserControllerTest" classname="Tests.Feature.UserControllerTest" assertions="1" time="0.011646">
          <failure type="PHPUnit\Framework\ExpectationFailedException">Tests\Feature\UserControllerTest::test_super_admin_can_revoke_admin_from_user&#13;
Expected response status code [200] but received 404.
Failed asserting that 200 is identical to 404.&#13;
&#13;
The following exception occurred during the last request:

Spatie\Permission\Exceptions\PermissionDoesNotExist: There is no permission named `super_admin` for guard `api`. in D:\meem-commerce\vendor\spatie\laravel-permission\src\Exceptions\PermissionDoesNotExist.php:11
Stack trace:
#0 D:\meem-commerce\vendor\spatie\laravel-permission\src\Models\Permission.php(94): Spatie\Permission\Exceptions\PermissionDoesNotExist::create('super_admin', 'api')
#1 D:\meem-commerce\vendor\spatie\laravel-permission\src\Traits\HasPermissions.php(183): Spatie\Permission\Models\Permission::findByName('super_admin', 'api')
#2 D:\meem-commerce\vendor\spatie\laravel-permission\src\Traits\HasPermissions.php(210): Marvel\Database\Models\User-&gt;filterPermission('super_admin', NULL)
#3 D:\meem-commerce\packages\marvel\src\Database\Repositories\BaseRepository.php(174): Marvel\Database\Models\User-&gt;hasPermissionTo('super_admin')
#4 D:\meem-commerce\packages\marvel\src\Http\Controllers\UserController.php(1204): Marvel\Database\Repositories\BaseRepository-&gt;hasPermission(Object(Marvel\Database\Models\User))
#5 D:\meem-commerce\vendor\laravel\framework\src\Illuminate\Routing\Controller.php(54): Marvel\Http\Controllers\UserController-&gt;makeOrRevokeAdmin(Object(Illuminate\Http\Request))
#6 D:\meem-commerce\vendor\laravel\framework\src\Illuminate\Routing\ControllerDispatcher.php(43): Illuminate\Routing\Controller-&gt;callAction('makeOrRevokeAdm...', Array)
#7 D:\meem-commerce\vendor\laravel\framework\src\Illuminate\Routing\Route.php(259): Illuminate\Routing\ControllerDispatcher-&gt;dispatch(Object(Illuminate\Routing\Route), Object(Marvel\Http\Controllers\UserController), 'makeOrRevokeAdm...')
#8 D:\meem-commerce\vendor\laravel\framework\src\Illuminate\Routing\Route.php(205): Illuminate\Routing\Route-&gt;runController()
#9 D:\meem-commerce\vendor\laravel\framework\src\Illuminate\Routing\Router.php(799): Illuminate\Routing\Route-&gt;run()
#10 D:\meem-commerce\vendor\laravel\framework\src\Illuminate\Pipeline\Pipeline.php(141): Illuminate\Routing\Router-&gt;Illuminate\Routing\{closure}(Object(Illuminate\Http\Request))
#11 D:\meem-commerce\vendor\laravel\framework\src\Illuminate\Auth\Middleware\EnsureEmailIsVerified.php(41): Illuminate\Pipeline\Pipeline-&gt;Illuminate\Pipeline\{closure}(Object(Illuminate\Http\Request))
#12 D:\meem-commerce\vendor\laravel\framework\src\Illuminate\Pipeline\Pipeline.php(180): Illuminate\Auth\Middleware\EnsureEmailIsVerified-&gt;handle(Object(Illuminate\Http\Request), Object(Closure))
#13 D:\meem-commerce\app\Http\Middleware\CheckLangMiddleware.php(27): Illuminate\Pipeline\Pipeline-&gt;Illuminate\Pipeline\{closure}(Object(Illuminate\Http\Request))
#14 D:\meem-commerce\vendor\laravel\framework\src\Illuminate\Pipeline\Pipeline.php(180): App\Http\Middleware\CheckLangMiddleware-&gt;handle(Object(Illuminate\Http\Request), Object(Closure))
#15 D:\meem-commerce\app\Http\Middleware\ChannelMiddleware.php(25): Illuminate\Pipeline\Pipeline-&gt;Illuminate\Pipeline\{closure}(Object(Illuminate\Http\Request))
#16 D:\meem-commerce\vendor\laravel\framework\src\Illuminate\Pipeline\Pipeline.php(180): App\Http\Middleware\ChannelMiddleware-&gt;handle(Object(Illuminate\Http\Request), Object(Closure))
#17 D:\meem-commerce\vendor\laravel\framework\src\Illuminate\Routing\Middleware\SubstituteBindings.php(50): Illuminate\Pipeline\Pipeline-&gt;Illuminate\Pipeline\{closure}(Object(Illuminate\Http\Request))
#18 D:\meem-commerce\vendor\laravel\framework\src\Illuminate\Pipeline\Pipeline.php(180): Illuminate\Routing\Middleware\SubstituteBindings-&gt;handle(Object(Illuminate\Http\Request), Object(Closure))
#19 D:\meem-commerce\vendor\laravel\framework\src\Illuminate\Routing\Middleware\ThrottleRequests.php(159): Illuminate\Pipeline\Pipeline-&gt;Illuminate\Pipeline\{closure}(Object(Illuminate\Http\Request))
#20 D:\meem-commerce\vendor\laravel\framework\src\Illuminate\Routing\Middleware\ThrottleRequests.php(125): Illuminate\Routing\Middleware\ThrottleRequests-&gt;handleRequest(Object(Illuminate\Http\Request), Object(Closure), Array)
#21 D:\meem-commerce\vendor\laravel\framework\src\Illuminate\Routing\Middleware\ThrottleRequests.php(87): Illuminate\Routing\Middleware\ThrottleRequests-&gt;handleRequestUsingNamedLimiter(Object(Illuminate\Http\Request), Object(Closure), 'api', Object(Closure))
#22 D:\meem-commerce\vendor\laravel\framework\src\Illuminate\Pipeline\Pipeline.php(180): Illuminate\Routing\Middleware\ThrottleRequests-&gt;handle(Object(Illuminate\Http\Request), Object(Closure), 'api')
#23 D:\meem-commerce\vendor\laravel\framework\src\Illuminate\Auth\Middleware\Authenticate.php(57): Illuminate\Pipeline\Pipeline-&gt;Illuminate\Pipeline\{closure}(Object(Illuminate\Http\Request))
#24 D:\meem-commerce\vendor\laravel\framework\src\Illuminate\Pipeline\Pipeline.php(180): Illuminate\Auth\Middleware\Authenticate-&gt;handle(Object(Illuminate\Http\Request), Object(Closure), 'sanctum')
#25 D:\meem-commerce\vendor\laravel\framework\src\Illuminate\Pipeline\Pipeline.php(116): Illuminate\Pipeline\Pipeline-&gt;Illuminate\Pipeline\{closure}(Object(Illuminate\Http\Request))
#26 D:\meem-commerce\vendor\laravel\framework\src\Illuminate\Routing\Router.php(798): Illuminate\Pipeline\Pipeline-&gt;then(Object(Closure))
#27 D:\meem-commerce\vendor\laravel\framework\src\Illuminate\Routing\Router.php(777): Illuminate\Routing\Router-&gt;runRouteWithinStack(Object(Illuminate\Routing\Route), Object(Illuminate\Http\Request))
#28 D:\meem-commerce\vendor\laravel\framework\src\Illuminate\Routing\Router.php(741): Illuminate\Routing\Router-&gt;runRoute(Object(Illuminate\Http\Request), Object(Illuminate\Routing\Route))
#29 D:\meem-commerce\vendor\laravel\framework\src\Illuminate\Routing\Router.php(730): Illuminate\Routing\Router-&gt;dispatchToRoute(Object(Illuminate\Http\Request))
#30 D:\meem-commerce\vendor\laravel\framework\src\Illuminate\Foundation\Http\Kernel.php(200): Illuminate\Routing\Router-&gt;dispatch(Object(Illuminate\Http\Request))
#31 D:\meem-commerce\vendor\laravel\framework\src\Illuminate\Pipeline\Pipeline.php(141): Illuminate\Foundation\Http\Kernel-&gt;Illuminate\Foundation\Http\{closure}(Object(Illuminate\Http\Request))
#32 D:\meem-commerce\vendor\laravel\framework\src\Illuminate\Http\Middleware\HandleCors.php(62): Illuminate\Pipeline\Pipeline-&gt;Illuminate\Pipeline\{closure}(Object(Illuminate\Http\Request))
#33 D:\meem-commerce\vendor\laravel\framework\src\Illuminate\Pipeline\Pipeline.php(180): Illuminate\Http\Middleware\HandleCors-&gt;handle(Object(Illuminate\Http\Request), Object(Closure))
#34 D:\meem-commerce\vendor\laravel\framework\src\Illuminate\Foundation\Http\Middleware\TransformsRequest.php(21): Illuminate\Pipeline\Pipeline-&gt;Illuminate\Pipeline\{closure}(Object(Illuminate\Http\Request))
#35 D:\meem-commerce\vendor\laravel\framework\src\Illuminate\Foundation\Http\Middleware\ConvertEmptyStringsToNull.php(31): Illuminate\Foundation\Http\Middleware\TransformsRequest-&gt;handle(Object(Illuminate\Http\Request), Object(Closure))
#36 D:\meem-commerce\vendor\laravel\framework\src\Illuminate\Pipeline\Pipeline.php(180): Illuminate\Foundation\Http\Middleware\ConvertEmptyStringsToNull-&gt;handle(Object(Illuminate\Http\Request), Object(Closure))
#37 D:\meem-commerce\vendor\laravel\framework\src\Illuminate\Foundation\Http\Middleware\TransformsRequest.php(21): Illuminate\Pipeline\Pipeline-&gt;Illuminate\Pipeline\{closure}(Object(Illuminate\Http\Request))
#38 D:\meem-commerce\vendor\laravel\framework\src\Illuminate\Foundation\Http\Middleware\TrimStrings.php(40): Illuminate\Foundation\Http\Middleware\TransformsRequest-&gt;handle(Object(Illuminate\Http\Request), Object(Closure))
#39 D:\meem-commerce\vendor\laravel\framework\src\Illuminate\Pipeline\Pipeline.php(180): Illuminate\Foundation\Http\Middleware\TrimStrings-&gt;handle(Object(Illuminate\Http\Request), Object(Closure))
#40 D:\meem-commerce\vendor\laravel\framework\src\Illuminate\Foundation\Http\Middleware\ValidatePostSize.php(27): Illuminate\Pipeline\Pipeline-&gt;Illuminate\Pipeline\{closure}(Object(Illuminate\Http\Request))
#41 D:\meem-commerce\vendor\laravel\framework\src\Illuminate\Pipeline\Pipeline.php(180): Illuminate\Foundation\Http\Middleware\ValidatePostSize-&gt;handle(Object(Illuminate\Http\Request), Object(Closure))
#42 D:\meem-commerce\vendor\laravel\framework\src\Illuminate\Foundation\Http\Middleware\PreventRequestsDuringMaintenance.php(99): Illuminate\Pipeline\Pipeline-&gt;Illuminate\Pipeline\{closure}(Object(Illuminate\Http\Request))
#43 D:\meem-commerce\vendor\laravel\framework\src\Illuminate\Pipeline\Pipeline.php(180): Illuminate\Foundation\Http\Middleware\PreventRequestsDuringMaintenance-&gt;handle(Object(Illuminate\Http\Request), Object(Closure))
#44 D:\meem-commerce\vendor\laravel\framework\src\Illuminate\Http\Middleware\TrustProxies.php(39): Illuminate\Pipeline\Pipeline-&gt;Illuminate\Pipeline\{closure}(Object(Illuminate\Http\Request))
#45 D:\meem-commerce\vendor\laravel\framework\src\Illuminate\Pipeline\Pipeline.php(180): Illuminate\Http\Middleware\TrustProxies-&gt;handle(Object(Illuminate\Http\Request), Object(Closure))
#46 D:\meem-commerce\vendor\laravel\framework\src\Illuminate\Pipeline\Pipeline.php(116): Illuminate\Pipeline\Pipeline-&gt;Illuminate\Pipeline\{closure}(Object(Illuminate\Http\Request))
#47 D:\meem-commerce\vendor\laravel\framework\src\Illuminate\Foundation\Http\Kernel.php(175): Illuminate\Pipeline\Pipeline-&gt;then(Object(Closure))
#48 D:\meem-commerce\vendor\laravel\framework\src\Illuminate\Foundation\Http\Kernel.php(144): Illuminate\Foundation\Http\Kernel-&gt;sendRequestThroughRouter(Object(Illuminate\Http\Request))
#49 D:\meem-commerce\vendor\laravel\framework\src\Illuminate\Foundation\Testing\Concerns\MakesHttpRequests.php(573): Illuminate\Foundation\Http\Kernel-&gt;handle(Object(Illuminate\Http\Request))
#50 D:\meem-commerce\vendor\laravel\framework\src\Illuminate\Foundation\Testing\Concerns\MakesHttpRequests.php(539): Illuminate\Foundation\Testing\TestCase-&gt;call('POST', '/api/v1/users/m...', Array, Array, Array, Array, '{"user_id":2}')
#51 D:\meem-commerce\vendor\laravel\framework\src\Illuminate\Foundation\Testing\Concerns\MakesHttpRequests.php(377): Illuminate\Foundation\Testing\TestCase-&gt;json('POST', '/api/v1/users/m...', Array, Array, 0)
#52 D:\meem-commerce\tests\Feature\UserControllerTest.php(1155): Illuminate\Foundation\Testing\TestCase-&gt;postJson('/api/v1/users/m...', Array)
#53 D:\meem-commerce\vendor\phpunit\phpunit\src\Framework\TestCase.php(1030): Tests\Feature\UserControllerTest-&gt;test_super_admin_can_revoke_admin_from_user()
#54 D:\meem-commerce\vendor\laravel\framework\src\Illuminate\Foundation\Testing\TestCase.php(174): PHPUnit\Framework\TestCase-&gt;runTest()
#55 D:\meem-commerce\vendor\phpunit\phpunit\src\Framework\TestCase.php(627): Illuminate\Foundation\Testing\TestCase-&gt;runTest()
#56 D:\meem-commerce\vendor\phpunit\phpunit\src\Framework\TestRunner.php(101): PHPUnit\Framework\TestCase-&gt;runBare()
#57 D:\meem-commerce\vendor\phpunit\phpunit\src\Framework\TestCase.php(456): PHPUnit\Framework\TestRunner-&gt;run(Object(Tests\Feature\UserControllerTest))
#58 D:\meem-commerce\vendor\phpunit\phpunit\src\Framework\TestSuite.php(352): PHPUnit\Framework\TestCase-&gt;run()
#59 D:\meem-commerce\vendor\phpunit\phpunit\src\Framework\TestSuite.php(352): PHPUnit\Framework\TestSuite-&gt;run()
#60 D:\meem-commerce\vendor\phpunit\phpunit\src\Framework\TestSuite.php(352): PHPUnit\Framework\TestSuite-&gt;run()
#61 D:\meem-commerce\vendor\phpunit\phpunit\src\TextUI\TestRunner.php(63): PHPUnit\Framework\TestSuite-&gt;run()
#62 D:\meem-commerce\vendor\phpunit\phpunit\src\TextUI\Application.php(141): PHPUnit\TextUI\TestRunner-&gt;run(Object(PHPUnit\TextUI\Configuration\Configuration), Object(PHPUnit\Runner\ResultCache\DefaultResultCache), Object(PHPUnit\Framework\TestSuite))
#63 D:\meem-commerce\vendor\phpunit\phpunit\phpunit(90): PHPUnit\TextUI\Application-&gt;run(Array)
#64 D:\meem-commerce\vendor\bin\phpunit(122): include('D:\\meem-commerc...')
#65 {main}

----------------------------------------------------------------------------------

There is no permission named `super_admin` for guard `api`.
&#13;
D:\meem-commerce\vendor\laravel\framework\src\Illuminate\Testing\TestResponse.php:146
D:\meem-commerce\vendor\laravel\framework\src\Illuminate\Testing\Concerns\AssertsStatusCodes.php:16
D:\meem-commerce\tests\Feature\UserControllerTest.php:1159
D:\meem-commerce\vendor\laravel\framework\src\Illuminate\Foundation\Testing\TestCase.php:174</failure>
        </testcase>
        <testcase name="test_make_admin_fails_for_nonexistent_user" file="D:\meem-commerce\tests\Feature\UserControllerTest.php" line="1165" class="Tests\Feature\UserControllerTest" classname="Tests.Feature.UserControllerTest" assertions="1" time="0.009728">
          <failure type="PHPUnit\Framework\ExpectationFailedException">Tests\Feature\UserControllerTest::test_make_admin_fails_for_nonexistent_user&#13;
Expected response status code [200] but received 404.
Failed asserting that 200 is identical to 404.&#13;
&#13;
The following exception occurred during the last request:

Spatie\Permission\Exceptions\PermissionDoesNotExist: There is no permission named `super_admin` for guard `api`. in D:\meem-commerce\vendor\spatie\laravel-permission\src\Exceptions\PermissionDoesNotExist.php:11
Stack trace:
#0 D:\meem-commerce\vendor\spatie\laravel-permission\src\Models\Permission.php(94): Spatie\Permission\Exceptions\PermissionDoesNotExist::create('super_admin', 'api')
#1 D:\meem-commerce\vendor\spatie\laravel-permission\src\Traits\HasPermissions.php(183): Spatie\Permission\Models\Permission::findByName('super_admin', 'api')
#2 D:\meem-commerce\vendor\spatie\laravel-permission\src\Traits\HasPermissions.php(210): Marvel\Database\Models\User-&gt;filterPermission('super_admin', NULL)
#3 D:\meem-commerce\packages\marvel\src\Database\Repositories\BaseRepository.php(174): Marvel\Database\Models\User-&gt;hasPermissionTo('super_admin')
#4 D:\meem-commerce\packages\marvel\src\Http\Controllers\UserController.php(1204): Marvel\Database\Repositories\BaseRepository-&gt;hasPermission(Object(Marvel\Database\Models\User))
#5 D:\meem-commerce\vendor\laravel\framework\src\Illuminate\Routing\Controller.php(54): Marvel\Http\Controllers\UserController-&gt;makeOrRevokeAdmin(Object(Illuminate\Http\Request))
#6 D:\meem-commerce\vendor\laravel\framework\src\Illuminate\Routing\ControllerDispatcher.php(43): Illuminate\Routing\Controller-&gt;callAction('makeOrRevokeAdm...', Array)
#7 D:\meem-commerce\vendor\laravel\framework\src\Illuminate\Routing\Route.php(259): Illuminate\Routing\ControllerDispatcher-&gt;dispatch(Object(Illuminate\Routing\Route), Object(Marvel\Http\Controllers\UserController), 'makeOrRevokeAdm...')
#8 D:\meem-commerce\vendor\laravel\framework\src\Illuminate\Routing\Route.php(205): Illuminate\Routing\Route-&gt;runController()
#9 D:\meem-commerce\vendor\laravel\framework\src\Illuminate\Routing\Router.php(799): Illuminate\Routing\Route-&gt;run()
#10 D:\meem-commerce\vendor\laravel\framework\src\Illuminate\Pipeline\Pipeline.php(141): Illuminate\Routing\Router-&gt;Illuminate\Routing\{closure}(Object(Illuminate\Http\Request))
#11 D:\meem-commerce\vendor\laravel\framework\src\Illuminate\Auth\Middleware\EnsureEmailIsVerified.php(41): Illuminate\Pipeline\Pipeline-&gt;Illuminate\Pipeline\{closure}(Object(Illuminate\Http\Request))
#12 D:\meem-commerce\vendor\laravel\framework\src\Illuminate\Pipeline\Pipeline.php(180): Illuminate\Auth\Middleware\EnsureEmailIsVerified-&gt;handle(Object(Illuminate\Http\Request), Object(Closure))
#13 D:\meem-commerce\app\Http\Middleware\CheckLangMiddleware.php(27): Illuminate\Pipeline\Pipeline-&gt;Illuminate\Pipeline\{closure}(Object(Illuminate\Http\Request))
#14 D:\meem-commerce\vendor\laravel\framework\src\Illuminate\Pipeline\Pipeline.php(180): App\Http\Middleware\CheckLangMiddleware-&gt;handle(Object(Illuminate\Http\Request), Object(Closure))
#15 D:\meem-commerce\app\Http\Middleware\ChannelMiddleware.php(25): Illuminate\Pipeline\Pipeline-&gt;Illuminate\Pipeline\{closure}(Object(Illuminate\Http\Request))
#16 D:\meem-commerce\vendor\laravel\framework\src\Illuminate\Pipeline\Pipeline.php(180): App\Http\Middleware\ChannelMiddleware-&gt;handle(Object(Illuminate\Http\Request), Object(Closure))
#17 D:\meem-commerce\vendor\laravel\framework\src\Illuminate\Routing\Middleware\SubstituteBindings.php(50): Illuminate\Pipeline\Pipeline-&gt;Illuminate\Pipeline\{closure}(Object(Illuminate\Http\Request))
#18 D:\meem-commerce\vendor\laravel\framework\src\Illuminate\Pipeline\Pipeline.php(180): Illuminate\Routing\Middleware\SubstituteBindings-&gt;handle(Object(Illuminate\Http\Request), Object(Closure))
#19 D:\meem-commerce\vendor\laravel\framework\src\Illuminate\Routing\Middleware\ThrottleRequests.php(159): Illuminate\Pipeline\Pipeline-&gt;Illuminate\Pipeline\{closure}(Object(Illuminate\Http\Request))
#20 D:\meem-commerce\vendor\laravel\framework\src\Illuminate\Routing\Middleware\ThrottleRequests.php(125): Illuminate\Routing\Middleware\ThrottleRequests-&gt;handleRequest(Object(Illuminate\Http\Request), Object(Closure), Array)
#21 D:\meem-commerce\vendor\laravel\framework\src\Illuminate\Routing\Middleware\ThrottleRequests.php(87): Illuminate\Routing\Middleware\ThrottleRequests-&gt;handleRequestUsingNamedLimiter(Object(Illuminate\Http\Request), Object(Closure), 'api', Object(Closure))
#22 D:\meem-commerce\vendor\laravel\framework\src\Illuminate\Pipeline\Pipeline.php(180): Illuminate\Routing\Middleware\ThrottleRequests-&gt;handle(Object(Illuminate\Http\Request), Object(Closure), 'api')
#23 D:\meem-commerce\vendor\laravel\framework\src\Illuminate\Auth\Middleware\Authenticate.php(57): Illuminate\Pipeline\Pipeline-&gt;Illuminate\Pipeline\{closure}(Object(Illuminate\Http\Request))
#24 D:\meem-commerce\vendor\laravel\framework\src\Illuminate\Pipeline\Pipeline.php(180): Illuminate\Auth\Middleware\Authenticate-&gt;handle(Object(Illuminate\Http\Request), Object(Closure), 'sanctum')
#25 D:\meem-commerce\vendor\laravel\framework\src\Illuminate\Pipeline\Pipeline.php(116): Illuminate\Pipeline\Pipeline-&gt;Illuminate\Pipeline\{closure}(Object(Illuminate\Http\Request))
#26 D:\meem-commerce\vendor\laravel\framework\src\Illuminate\Routing\Router.php(798): Illuminate\Pipeline\Pipeline-&gt;then(Object(Closure))
#27 D:\meem-commerce\vendor\laravel\framework\src\Illuminate\Routing\Router.php(777): Illuminate\Routing\Router-&gt;runRouteWithinStack(Object(Illuminate\Routing\Route), Object(Illuminate\Http\Request))
#28 D:\meem-commerce\vendor\laravel\framework\src\Illuminate\Routing\Router.php(741): Illuminate\Routing\Router-&gt;runRoute(Object(Illuminate\Http\Request), Object(Illuminate\Routing\Route))
#29 D:\meem-commerce\vendor\laravel\framework\src\Illuminate\Routing\Router.php(730): Illuminate\Routing\Router-&gt;dispatchToRoute(Object(Illuminate\Http\Request))
#30 D:\meem-commerce\vendor\laravel\framework\src\Illuminate\Foundation\Http\Kernel.php(200): Illuminate\Routing\Router-&gt;dispatch(Object(Illuminate\Http\Request))
#31 D:\meem-commerce\vendor\laravel\framework\src\Illuminate\Pipeline\Pipeline.php(141): Illuminate\Foundation\Http\Kernel-&gt;Illuminate\Foundation\Http\{closure}(Object(Illuminate\Http\Request))
#32 D:\meem-commerce\vendor\laravel\framework\src\Illuminate\Http\Middleware\HandleCors.php(62): Illuminate\Pipeline\Pipeline-&gt;Illuminate\Pipeline\{closure}(Object(Illuminate\Http\Request))
#33 D:\meem-commerce\vendor\laravel\framework\src\Illuminate\Pipeline\Pipeline.php(180): Illuminate\Http\Middleware\HandleCors-&gt;handle(Object(Illuminate\Http\Request), Object(Closure))
#34 D:\meem-commerce\vendor\laravel\framework\src\Illuminate\Foundation\Http\Middleware\TransformsRequest.php(21): Illuminate\Pipeline\Pipeline-&gt;Illuminate\Pipeline\{closure}(Object(Illuminate\Http\Request))
#35 D:\meem-commerce\vendor\laravel\framework\src\Illuminate\Foundation\Http\Middleware\ConvertEmptyStringsToNull.php(31): Illuminate\Foundation\Http\Middleware\TransformsRequest-&gt;handle(Object(Illuminate\Http\Request), Object(Closure))
#36 D:\meem-commerce\vendor\laravel\framework\src\Illuminate\Pipeline\Pipeline.php(180): Illuminate\Foundation\Http\Middleware\ConvertEmptyStringsToNull-&gt;handle(Object(Illuminate\Http\Request), Object(Closure))
#37 D:\meem-commerce\vendor\laravel\framework\src\Illuminate\Foundation\Http\Middleware\TransformsRequest.php(21): Illuminate\Pipeline\Pipeline-&gt;Illuminate\Pipeline\{closure}(Object(Illuminate\Http\Request))
#38 D:\meem-commerce\vendor\laravel\framework\src\Illuminate\Foundation\Http\Middleware\TrimStrings.php(40): Illuminate\Foundation\Http\Middleware\TransformsRequest-&gt;handle(Object(Illuminate\Http\Request), Object(Closure))
#39 D:\meem-commerce\vendor\laravel\framework\src\Illuminate\Pipeline\Pipeline.php(180): Illuminate\Foundation\Http\Middleware\TrimStrings-&gt;handle(Object(Illuminate\Http\Request), Object(Closure))
#40 D:\meem-commerce\vendor\laravel\framework\src\Illuminate\Foundation\Http\Middleware\ValidatePostSize.php(27): Illuminate\Pipeline\Pipeline-&gt;Illuminate\Pipeline\{closure}(Object(Illuminate\Http\Request))
#41 D:\meem-commerce\vendor\laravel\framework\src\Illuminate\Pipeline\Pipeline.php(180): Illuminate\Foundation\Http\Middleware\ValidatePostSize-&gt;handle(Object(Illuminate\Http\Request), Object(Closure))
#42 D:\meem-commerce\vendor\laravel\framework\src\Illuminate\Foundation\Http\Middleware\PreventRequestsDuringMaintenance.php(99): Illuminate\Pipeline\Pipeline-&gt;Illuminate\Pipeline\{closure}(Object(Illuminate\Http\Request))
#43 D:\meem-commerce\vendor\laravel\framework\src\Illuminate\Pipeline\Pipeline.php(180): Illuminate\Foundation\Http\Middleware\PreventRequestsDuringMaintenance-&gt;handle(Object(Illuminate\Http\Request), Object(Closure))
#44 D:\meem-commerce\vendor\laravel\framework\src\Illuminate\Http\Middleware\TrustProxies.php(39): Illuminate\Pipeline\Pipeline-&gt;Illuminate\Pipeline\{closure}(Object(Illuminate\Http\Request))
#45 D:\meem-commerce\vendor\laravel\framework\src\Illuminate\Pipeline\Pipeline.php(180): Illuminate\Http\Middleware\TrustProxies-&gt;handle(Object(Illuminate\Http\Request), Object(Closure))
#46 D:\meem-commerce\vendor\laravel\framework\src\Illuminate\Pipeline\Pipeline.php(116): Illuminate\Pipeline\Pipeline-&gt;Illuminate\Pipeline\{closure}(Object(Illuminate\Http\Request))
#47 D:\meem-commerce\vendor\laravel\framework\src\Illuminate\Foundation\Http\Kernel.php(175): Illuminate\Pipeline\Pipeline-&gt;then(Object(Closure))
#48 D:\meem-commerce\vendor\laravel\framework\src\Illuminate\Foundation\Http\Kernel.php(144): Illuminate\Foundation\Http\Kernel-&gt;sendRequestThroughRouter(Object(Illuminate\Http\Request))
#49 D:\meem-commerce\vendor\laravel\framework\src\Illuminate\Foundation\Testing\Concerns\MakesHttpRequests.php(573): Illuminate\Foundation\Http\Kernel-&gt;handle(Object(Illuminate\Http\Request))
#50 D:\meem-commerce\vendor\laravel\framework\src\Illuminate\Foundation\Testing\Concerns\MakesHttpRequests.php(539): Illuminate\Foundation\Testing\TestCase-&gt;call('POST', '/api/v1/users/m...', Array, Array, Array, Array, '{"user_id":9999...')
#51 D:\meem-commerce\vendor\laravel\framework\src\Illuminate\Foundation\Testing\Concerns\MakesHttpRequests.php(377): Illuminate\Foundation\Testing\TestCase-&gt;json('POST', '/api/v1/users/m...', Array, Array, 0)
#52 D:\meem-commerce\tests\Feature\UserControllerTest.php(1171): Illuminate\Foundation\Testing\TestCase-&gt;postJson('/api/v1/users/m...', Array)
#53 D:\meem-commerce\vendor\phpunit\phpunit\src\Framework\TestCase.php(1030): Tests\Feature\UserControllerTest-&gt;test_make_admin_fails_for_nonexistent_user()
#54 D:\meem-commerce\vendor\laravel\framework\src\Illuminate\Foundation\Testing\TestCase.php(174): PHPUnit\Framework\TestCase-&gt;runTest()
#55 D:\meem-commerce\vendor\phpunit\phpunit\src\Framework\TestCase.php(627): Illuminate\Foundation\Testing\TestCase-&gt;runTest()
#56 D:\meem-commerce\vendor\phpunit\phpunit\src\Framework\TestRunner.php(101): PHPUnit\Framework\TestCase-&gt;runBare()
#57 D:\meem-commerce\vendor\phpunit\phpunit\src\Framework\TestCase.php(456): PHPUnit\Framework\TestRunner-&gt;run(Object(Tests\Feature\UserControllerTest))
#58 D:\meem-commerce\vendor\phpunit\phpunit\src\Framework\TestSuite.php(352): PHPUnit\Framework\TestCase-&gt;run()
#59 D:\meem-commerce\vendor\phpunit\phpunit\src\Framework\TestSuite.php(352): PHPUnit\Framework\TestSuite-&gt;run()
#60 D:\meem-commerce\vendor\phpunit\phpunit\src\Framework\TestSuite.php(352): PHPUnit\Framework\TestSuite-&gt;run()
#61 D:\meem-commerce\vendor\phpunit\phpunit\src\TextUI\TestRunner.php(63): PHPUnit\Framework\TestSuite-&gt;run()
#62 D:\meem-commerce\vendor\phpunit\phpunit\src\TextUI\Application.php(141): PHPUnit\TextUI\TestRunner-&gt;run(Object(PHPUnit\TextUI\Configuration\Configuration), Object(PHPUnit\Runner\ResultCache\DefaultResultCache), Object(PHPUnit\Framework\TestSuite))
#63 D:\meem-commerce\vendor\phpunit\phpunit\phpunit(90): PHPUnit\TextUI\Application-&gt;run(Array)
#64 D:\meem-commerce\vendor\bin\phpunit(122): include('D:\\meem-commerc...')
#65 {main}

----------------------------------------------------------------------------------

There is no permission named `super_admin` for guard `api`.
&#13;
D:\meem-commerce\vendor\laravel\framework\src\Illuminate\Testing\TestResponse.php:146
D:\meem-commerce\tests\Feature\UserControllerTest.php:1175
D:\meem-commerce\vendor\laravel\framework\src\Illuminate\Foundation\Testing\TestCase.php:174</failure>
        </testcase>
        <testcase name="test_make_admin_fails_for_unauthorized_user" file="D:\meem-commerce\tests\Feature\UserControllerTest.php" line="1180" class="Tests\Feature\UserControllerTest" classname="Tests.Feature.UserControllerTest" assertions="1" time="0.009755">
          <failure type="PHPUnit\Framework\ExpectationFailedException">Tests\Feature\UserControllerTest::test_make_admin_fails_for_unauthorized_user&#13;
Expected response status code [403] but received 404.
Failed asserting that 403 is identical to 404.&#13;
&#13;
The following exception occurred during the last request:

Spatie\Permission\Exceptions\PermissionDoesNotExist: There is no permission named `super_admin` for guard `api`. in D:\meem-commerce\vendor\spatie\laravel-permission\src\Exceptions\PermissionDoesNotExist.php:11
Stack trace:
#0 D:\meem-commerce\vendor\spatie\laravel-permission\src\Models\Permission.php(94): Spatie\Permission\Exceptions\PermissionDoesNotExist::create('super_admin', 'api')
#1 D:\meem-commerce\vendor\spatie\laravel-permission\src\Traits\HasPermissions.php(183): Spatie\Permission\Models\Permission::findByName('super_admin', 'api')
#2 D:\meem-commerce\vendor\spatie\laravel-permission\src\Traits\HasPermissions.php(210): Marvel\Database\Models\User-&gt;filterPermission('super_admin', NULL)
#3 D:\meem-commerce\packages\marvel\src\Database\Repositories\BaseRepository.php(174): Marvel\Database\Models\User-&gt;hasPermissionTo('super_admin')
#4 D:\meem-commerce\packages\marvel\src\Http\Controllers\UserController.php(1204): Marvel\Database\Repositories\BaseRepository-&gt;hasPermission(Object(Marvel\Database\Models\User))
#5 D:\meem-commerce\vendor\laravel\framework\src\Illuminate\Routing\Controller.php(54): Marvel\Http\Controllers\UserController-&gt;makeOrRevokeAdmin(Object(Illuminate\Http\Request))
#6 D:\meem-commerce\vendor\laravel\framework\src\Illuminate\Routing\ControllerDispatcher.php(43): Illuminate\Routing\Controller-&gt;callAction('makeOrRevokeAdm...', Array)
#7 D:\meem-commerce\vendor\laravel\framework\src\Illuminate\Routing\Route.php(259): Illuminate\Routing\ControllerDispatcher-&gt;dispatch(Object(Illuminate\Routing\Route), Object(Marvel\Http\Controllers\UserController), 'makeOrRevokeAdm...')
#8 D:\meem-commerce\vendor\laravel\framework\src\Illuminate\Routing\Route.php(205): Illuminate\Routing\Route-&gt;runController()
#9 D:\meem-commerce\vendor\laravel\framework\src\Illuminate\Routing\Router.php(799): Illuminate\Routing\Route-&gt;run()
#10 D:\meem-commerce\vendor\laravel\framework\src\Illuminate\Pipeline\Pipeline.php(141): Illuminate\Routing\Router-&gt;Illuminate\Routing\{closure}(Object(Illuminate\Http\Request))
#11 D:\meem-commerce\vendor\laravel\framework\src\Illuminate\Auth\Middleware\EnsureEmailIsVerified.php(41): Illuminate\Pipeline\Pipeline-&gt;Illuminate\Pipeline\{closure}(Object(Illuminate\Http\Request))
#12 D:\meem-commerce\vendor\laravel\framework\src\Illuminate\Pipeline\Pipeline.php(180): Illuminate\Auth\Middleware\EnsureEmailIsVerified-&gt;handle(Object(Illuminate\Http\Request), Object(Closure))
#13 D:\meem-commerce\app\Http\Middleware\CheckLangMiddleware.php(27): Illuminate\Pipeline\Pipeline-&gt;Illuminate\Pipeline\{closure}(Object(Illuminate\Http\Request))
#14 D:\meem-commerce\vendor\laravel\framework\src\Illuminate\Pipeline\Pipeline.php(180): App\Http\Middleware\CheckLangMiddleware-&gt;handle(Object(Illuminate\Http\Request), Object(Closure))
#15 D:\meem-commerce\app\Http\Middleware\ChannelMiddleware.php(25): Illuminate\Pipeline\Pipeline-&gt;Illuminate\Pipeline\{closure}(Object(Illuminate\Http\Request))
#16 D:\meem-commerce\vendor\laravel\framework\src\Illuminate\Pipeline\Pipeline.php(180): App\Http\Middleware\ChannelMiddleware-&gt;handle(Object(Illuminate\Http\Request), Object(Closure))
[...]
#36 D:\meem-commerce\vendor\laravel\framework\src\Illuminate\Pipeline\Pipeline.php(180): Illuminate\Foundation\Http\Middleware\ConvertEmptyStringsToNull-&gt;handle(Object(Illuminate\Http\Request), Object(Closure))
#37 D:\meem-commerce\vendor\laravel\framework\src\Illuminate\Foundation\Http\Middleware\TransformsRequest.php(21): Illuminate\Pipeline\Pipeline-&gt;Illuminate\Pipeline\{closure}(Object(Illuminate\Http\Request))
#38 D:\meem-commerce\vendor\laravel\framework\src\Illuminate\Foundation\Http\Middleware\TrimStrings.php(40): Illuminate\Foundation\Http\Middleware\TransformsRequest-&gt;handle(Object(Illuminate\Http\Request), Object(Closure))
#39 D:\meem-commerce\vendor\laravel\framework\src\Illuminate\Pipeline\Pipeline.php(180): Illuminate\Foundation\Http\Middleware\TrimStrings-&gt;handle(Object(Illuminate\Http\Request), Object(Closure))
#40 D:\meem-commerce\vendor\laravel\framework\src\Illuminate\Foundation\Http\Middleware\ValidatePostSize.php(27): Illuminate\Pipeline\Pipeline-&gt;Illuminate\Pipeline\{closure}(Object(Illuminate\Http\Request))
#41 D:\meem-commerce\vendor\laravel\framework\src\Illuminate\Pipeline\Pipeline.php(180): Illuminate\Foundation\Http\Middleware\ValidatePostSize-&gt;handle(Object(Illuminate\Http\Request), Object(Closure))
#42 D:\meem-commerce\vendor\laravel\framework\src\Illuminate\Foundation\Http\Middleware\PreventRequestsDuringMaintenance.php(99): Illuminate\Pipeline\Pipeline-&gt;Illuminate\Pipeline\{closure}(Object(Illuminate\Http\Request))
#43 D:\meem-commerce\vendor\laravel\framework\src\Illuminate\Pipeline\Pipeline.php(180): Illuminate\Foundation\Http\Middleware\PreventRequestsDuringMaintenance-&gt;handle(Object(Illuminate\Http\Request), Object(Closure))
#44 D:\meem-commerce\vendor\laravel\framework\src\Illuminate\Http\Middleware\TrustProxies.php(39): Illuminate\Pipeline\Pipeline-&gt;Illuminate\Pipeline\{closure}(Object(Illuminate\Http\Request))
#45 D:\meem-commerce\vendor\laravel\framework\src\Illuminate\Pipeline\Pipeline.php(180): Illuminate\Http\Middleware\TrustProxies-&gt;handle(Object(Illuminate\Http\Request), Object(Closure))
#46 D:\meem-commerce\vendor\laravel\framework\src\Illuminate\Pipeline\Pipeline.php(116): Illuminate\Pipeline\Pipeline-&gt;Illuminate\Pipeline\{closure}(Object(Illuminate\Http\Request))
#47 D:\meem-commerce\vendor\laravel\framework\src\Illuminate\Foundation\Http\Kernel.php(175): Illuminate\Pipeline\Pipeline-&gt;then(Object(Closure))
#48 D:\meem-commerce\vendor\laravel\framework\src\Illuminate\Foundation\Http\Kernel.php(144): Illuminate\Foundation\Http\Kernel-&gt;sendRequestThroughRouter(Object(Illuminate\Http\Request))
#49 D:\meem-commerce\vendor\laravel\framework\src\Illuminate\Foundation\Testing\Concerns\MakesHttpRequests.php(573): Illuminate\Foundation\Http\Kernel-&gt;handle(Object(Illuminate\Http\Request))
#50 D:\meem-commerce\vendor\laravel\framework\src\Illuminate\Foundation\Testing\Concerns\MakesHttpRequests.php(539): Illuminate\Foundation\Testing\TestCase-&gt;call('POST', '/api/v1/users/m...', Array, Array, Array, Array, '{"user_id":2}')
#51 D:\meem-commerce\vendor\laravel\framework\src\Illuminate\Foundation\Testing\Concerns\MakesHttpRequests.php(377): Illuminate\Foundation\Testing\TestCase-&gt;json('POST', '/api/v1/users/m...', Array, Array, 0)
#52 D:\meem-commerce\tests\Feature\UserControllerTest.php(1194): Illuminate\Foundation\Testing\TestCase-&gt;postJson('/api/v1/users/m...', Array)
#53 D:\meem-commerce\vendor\phpunit\phpunit\src\Framework\TestCase.php(1030): Tests\Feature\UserControllerTest-&gt;test_make_admin_fails_for_unauthorized_user()
#54 D:\meem-commerce\vendor\laravel\framework\src\Illuminate\Foundation\Testing\TestCase.php(174): PHPUnit\Framework\TestCase-&gt;runTest()
#55 D:\meem-commerce\vendor\phpunit\phpunit\src\Framework\TestCase.php(627): Illuminate\Foundation\Testing\TestCase-&gt;runTest()
#56 D:\meem-commerce\vendor\phpunit\phpunit\src\Framework\TestRunner.php(101): PHPUnit\Framework\TestCase-&gt;runBare()
#57 D:\meem-commerce\vendor\phpunit\phpunit\src\Framework\TestCase.php(456): PHPUnit\Framework\TestRunner-&gt;run(Object(Tests\Feature\UserControllerTest))
#58 D:\meem-commerce\vendor\phpunit\phpunit\src\Framework\TestSuite.php(352): PHPUnit\Framework\TestCase-&gt;run()
#59 D:\meem-commerce\vendor\phpunit\phpunit\src\Framework\TestSuite.php(352): PHPUnit\Framework\TestSuite-&gt;run()
#60 D:\meem-commerce\vendor\phpunit\phpunit\src\Framework\TestSuite.php(352): PHPUnit\Framework\TestSuite-&gt;run()
#61 D:\meem-commerce\vendor\phpunit\phpunit\src\TextUI\TestRunner.php(63): PHPUnit\Framework\TestSuite-&gt;run()
#62 D:\meem-commerce\vendor\phpunit\phpunit\src\TextUI\Application.php(141): PHPUnit\TextUI\TestRunner-&gt;run(Object(PHPUnit\TextUI\Configuration\Configuration), Object(PHPUnit\Runner\ResultCache\DefaultResultCache), Object(PHPUnit\Framework\TestSuite))
#63 D:\meem-commerce\vendor\phpunit\phpunit\phpunit(90): PHPUnit\TextUI\Application-&gt;run(Array)
#64 D:\meem-commerce\vendor\bin\phpunit(122): include('D:\\meem-commerc...')
#65 {main}

----------------------------------------------------------------------------------

There is no permission named `super_admin` for guard `api`.
&#13;
D:\meem-commerce\vendor\laravel\framework\src\Illuminate\Testing\TestResponse.php:146
D:\meem-commerce\tests\Feature\UserControllerTest.php:1196
D:\meem-commerce\vendor\laravel\framework\src\Illuminate\Foundation\Testing\TestCase.php:174</failure>
        </testcase>
        <testcase name="test_make_admin_fails_for_unauthenticated_user" file="D:\meem-commerce\tests\Feature\UserControllerTest.php" line="1199" class="Tests\Feature\UserControllerTest" classname="Tests.Feature.UserControllerTest" assertions="1" time="0.003323"/>
        <testcase name="test_super_admin_can_ban_user" file="D:\meem-commerce\tests\Feature\UserControllerTest.php" line="1210" class="Tests\Feature\UserControllerTest" classname="Tests.Feature.UserControllerTest" assertions="1" time="0.008159">
          <failure type="PHPUnit\Framework\ExpectationFailedException">Tests\Feature\UserControllerTest::test_super_admin_can_ban_user&#13;
Expected response status code [200] but received 403.
Failed asserting that 200 is identical to 403.
&#13;
D:\meem-commerce\vendor\laravel\framework\src\Illuminate\Testing\TestResponse.php:146
D:\meem-commerce\vendor\laravel\framework\src\Illuminate\Testing\Concerns\AssertsStatusCodes.php:16
D:\meem-commerce\tests\Feature\UserControllerTest.php:1221
D:\meem-commerce\vendor\laravel\framework\src\Illuminate\Foundation\Testing\TestCase.php:174</failure>
        </testcase>
        <testcase name="test_ban_user_already_banned_succeeds" file="D:\meem-commerce\tests\Feature\UserControllerTest.php" line="1229" class="Tests\Feature\UserControllerTest" classname="Tests.Feature.UserControllerTest" assertions="1" time="0.013070">
          <failure type="PHPUnit\Framework\ExpectationFailedException">Tests\Feature\UserControllerTest::test_ban_user_already_banned_succeeds&#13;
Expected response status code [200] but received 403.
Failed asserting that 200 is identical to 403.
&#13;
D:\meem-commerce\vendor\laravel\framework\src\Illuminate\Testing\TestResponse.php:146
D:\meem-commerce\vendor\laravel\framework\src\Illuminate\Testing\Concerns\AssertsStatusCodes.php:16
D:\meem-commerce\tests\Feature\UserControllerTest.php:1247
D:\meem-commerce\vendor\laravel\framework\src\Illuminate\Foundation\Testing\TestCase.php:174</failure>
        </testcase>
        <testcase name="test_ban_user_fails_for_nonexistent_user" file="D:\meem-commerce\tests\Feature\UserControllerTest.php" line="1254" class="Tests\Feature\UserControllerTest" classname="Tests.Feature.UserControllerTest" assertions="1" time="0.008716">
          <failure type="PHPUnit\Framework\ExpectationFailedException">Tests\Feature\UserControllerTest::test_ban_user_fails_for_nonexistent_user&#13;
Expected response status code [404] but received 403.
Failed asserting that 404 is identical to 403.
&#13;
D:\meem-commerce\vendor\laravel\framework\src\Illuminate\Testing\TestResponse.php:146
D:\meem-commerce\tests\Feature\UserControllerTest.php:1262
D:\meem-commerce\vendor\laravel\framework\src\Illuminate\Foundation\Testing\TestCase.php:174</failure>
        </testcase>
        <testcase name="test_ban_user_fails_for_unauthorized_user" file="D:\meem-commerce\tests\Feature\UserControllerTest.php" line="1265" class="Tests\Feature\UserControllerTest" classname="Tests.Feature.UserControllerTest" assertions="1" time="0.006273"/>
        <testcase name="test_ban_user_fails_for_unauthenticated_user" file="D:\meem-commerce\tests\Feature\UserControllerTest.php" line="1276" class="Tests\Feature\UserControllerTest" classname="Tests.Feature.UserControllerTest" assertions="1" time="0.003074"/>
        <testcase name="test_super_admin_can_activate_user" file="D:\meem-commerce\tests\Feature\UserControllerTest.php" line="1287" class="Tests\Feature\UserControllerTest" classname="Tests.Feature.UserControllerTest" assertions="1" time="0.007456">
          <failure type="PHPUnit\Framework\ExpectationFailedException">Tests\Feature\UserControllerTest::test_super_admin_can_activate_user&#13;
Expected response status code [200] but received 403.
Failed asserting that 200 is identical to 403.
&#13;
D:\meem-commerce\vendor\laravel\framework\src\Illuminate\Testing\TestResponse.php:146
D:\meem-commerce\vendor\laravel\framework\src\Illuminate\Testing\Concerns\AssertsStatusCodes.php:16
D:\meem-commerce\tests\Feature\UserControllerTest.php:1305
D:\meem-commerce\vendor\laravel\framework\src\Illuminate\Foundation\Testing\TestCase.php:174</failure>
        </testcase>
        <testcase name="test_activate_user_already_active_succeeds" file="D:\meem-commerce\tests\Feature\UserControllerTest.php" line="1313" class="Tests\Feature\UserControllerTest" classname="Tests.Feature.UserControllerTest" assertions="1" time="0.009428">
          <failure type="PHPUnit\Framework\ExpectationFailedException">Tests\Feature\UserControllerTest::test_activate_user_already_active_succeeds&#13;
Expected response status code [200] but received 403.
Failed asserting that 200 is identical to 403.
&#13;
D:\meem-commerce\vendor\laravel\framework\src\Illuminate\Testing\TestResponse.php:146
D:\meem-commerce\vendor\laravel\framework\src\Illuminate\Testing\Concerns\AssertsStatusCodes.php:16
D:\meem-commerce\tests\Feature\UserControllerTest.php:1324
D:\meem-commerce\vendor\laravel\framework\src\Illuminate\Foundation\Testing\TestCase.php:174</failure>
        </testcase>
        <testcase name="test_activate_user_fails_for_nonexistent_user" file="D:\meem-commerce\tests\Feature\UserControllerTest.php" line="1331" class="Tests\Feature\UserControllerTest" classname="Tests.Feature.UserControllerTest" assertions="1" time="0.006117">
          <failure type="PHPUnit\Framework\ExpectationFailedException">Tests\Feature\UserControllerTest::test_activate_user_fails_for_nonexistent_user&#13;
Expected response status code [404] but received 403.
Failed asserting that 404 is identical to 403.
&#13;
D:\meem-commerce\vendor\laravel\framework\src\Illuminate\Testing\TestResponse.php:146
D:\meem-commerce\tests\Feature\UserControllerTest.php:1339
D:\meem-commerce\vendor\laravel\framework\src\Illuminate\Foundation\Testing\TestCase.php:174</failure>
        </testcase>
        <testcase name="test_activate_user_fails_for_unauthorized_user" file="D:\meem-commerce\tests\Feature\UserControllerTest.php" line="1342" class="Tests\Feature\UserControllerTest" classname="Tests.Feature.UserControllerTest" assertions="1" time="0.005430"/>
        <testcase name="test_activate_user_fails_for_unauthenticated_user" file="D:\meem-commerce\tests\Feature\UserControllerTest.php" line="1353" class="Tests\Feature\UserControllerTest" classname="Tests.Feature.UserControllerTest" assertions="1" time="0.003001"/>
        <testcase name="test_users_search_by_name" file="D:\meem-commerce\tests\Feature\UserControllerTest.php" line="1364" class="Tests\Feature\UserControllerTest" classname="Tests.Feature.UserControllerTest" assertions="1" time="0.010271">
          <failure type="PHPUnit\Framework\ExpectationFailedException">Tests\Feature\UserControllerTest::test_users_search_by_name&#13;
Expected response status code [200] but received 403.
Failed asserting that 200 is identical to 403.
&#13;
D:\meem-commerce\vendor\laravel\framework\src\Illuminate\Testing\TestResponse.php:146
D:\meem-commerce\vendor\laravel\framework\src\Illuminate\Testing\Concerns\AssertsStatusCodes.php:16
D:\meem-commerce\tests\Feature\UserControllerTest.php:1378
D:\meem-commerce\vendor\laravel\framework\src\Illuminate\Foundation\Testing\TestCase.php:174</failure>
        </testcase>
        <testcase name="test_users_search_by_email" file="D:\meem-commerce\tests\Feature\UserControllerTest.php" line="1383" class="Tests\Feature\UserControllerTest" classname="Tests.Feature.UserControllerTest" assertions="1" time="0.011202">
          <failure type="PHPUnit\Framework\ExpectationFailedException">Tests\Feature\UserControllerTest::test_users_search_by_email&#13;
Expected response status code [200] but received 403.
Failed asserting that 200 is identical to 403.
&#13;
D:\meem-commerce\vendor\laravel\framework\src\Illuminate\Testing\TestResponse.php:146
D:\meem-commerce\vendor\laravel\framework\src\Illuminate\Testing\Concerns\AssertsStatusCodes.php:16
D:\meem-commerce\tests\Feature\UserControllerTest.php:1397
D:\meem-commerce\vendor\laravel\framework\src\Illuminate\Foundation\Testing\TestCase.php:174</failure>
        </testcase>
        <testcase name="test_users_search_partial_match" file="D:\meem-commerce\tests\Feature\UserControllerTest.php" line="1402" class="Tests\Feature\UserControllerTest" classname="Tests.Feature.UserControllerTest" assertions="1" time="0.017963">
          <failure type="PHPUnit\Framework\ExpectationFailedException">Tests\Feature\UserControllerTest::test_users_search_partial_match&#13;
Expected response status code [200] but received 403.
Failed asserting that 200 is identical to 403.
&#13;
D:\meem-commerce\vendor\laravel\framework\src\Illuminate\Testing\TestResponse.php:146
D:\meem-commerce\vendor\laravel\framework\src\Illuminate\Testing\Concerns\AssertsStatusCodes.php:16
D:\meem-commerce\tests\Feature\UserControllerTest.php:1416
D:\meem-commerce\vendor\laravel\framework\src\Illuminate\Foundation\Testing\TestCase.php:174</failure>
        </testcase>
        <testcase name="test_users_search_no_results" file="D:\meem-commerce\tests\Feature\UserControllerTest.php" line="1421" class="Tests\Feature\UserControllerTest" classname="Tests.Feature.UserControllerTest" assertions="1" time="0.008948">
          <failure type="PHPUnit\Framework\ExpectationFailedException">Tests\Feature\UserControllerTest::test_users_search_no_results&#13;
Expected response status code [200] but received 403.
Failed asserting that 200 is identical to 403.
&#13;
D:\meem-commerce\vendor\laravel\framework\src\Illuminate\Testing\TestResponse.php:146
D:\meem-commerce\vendor\laravel\framework\src\Illuminate\Testing\Concerns\AssertsStatusCodes.php:16
D:\meem-commerce\tests\Feature\UserControllerTest.php:1429
D:\meem-commerce\vendor\laravel\framework\src\Illuminate\Foundation\Testing\TestCase.php:174</failure>
        </testcase>
        <testcase name="test_users_search_with_pagination" file="D:\meem-commerce\tests\Feature\UserControllerTest.php" line="1433" class="Tests\Feature\UserControllerTest" classname="Tests.Feature.UserControllerTest" assertions="1" time="0.008888">
          <failure type="PHPUnit\Framework\ExpectationFailedException">Tests\Feature\UserControllerTest::test_users_search_with_pagination&#13;
Expected response status code [200] but received 403.
Failed asserting that 200 is identical to 403.
&#13;
D:\meem-commerce\vendor\laravel\framework\src\Illuminate\Testing\TestResponse.php:146
D:\meem-commerce\vendor\laravel\framework\src\Illuminate\Testing\Concerns\AssertsStatusCodes.php:16
D:\meem-commerce\tests\Feature\UserControllerTest.php:1447
D:\meem-commerce\vendor\laravel\framework\src\Illuminate\Foundation\Testing\TestCase.php:174</failure>
        </testcase>
        <testcase name="test_users_search_with_active_filter" file="D:\meem-commerce\tests\Feature\UserControllerTest.php" line="1451" class="Tests\Feature\UserControllerTest" classname="Tests.Feature.UserControllerTest" assertions="1" time="0.007956">
          <failure type="PHPUnit\Framework\ExpectationFailedException">Tests\Feature\UserControllerTest::test_users_search_with_active_filter&#13;
Expected response status code [200] but received 403.
Failed asserting that 200 is identical to 403.
&#13;
D:\meem-commerce\vendor\laravel\framework\src\Illuminate\Testing\TestResponse.php:146
D:\meem-commerce\vendor\laravel\framework\src\Illuminate\Testing\Concerns\AssertsStatusCodes.php:16
D:\meem-commerce\tests\Feature\UserControllerTest.php:1459
D:\meem-commerce\vendor\laravel\framework\src\Illuminate\Foundation\Testing\TestCase.php:174</failure>
        </testcase>
        <testcase name="test_users_search_with_inactive_filter" file="D:\meem-commerce\tests\Feature\UserControllerTest.php" line="1464" class="Tests\Feature\UserControllerTest" classname="Tests.Feature.UserControllerTest" assertions="1" time="0.009925">
          <failure type="PHPUnit\Framework\ExpectationFailedException">Tests\Feature\UserControllerTest::test_users_search_with_inactive_filter&#13;
Expected response status code [200] but received 403.
Failed asserting that 200 is identical to 403.
&#13;
D:\meem-commerce\vendor\laravel\framework\src\Illuminate\Testing\TestResponse.php:146
D:\meem-commerce\vendor\laravel\framework\src\Illuminate\Testing\Concerns\AssertsStatusCodes.php:16
D:\meem-commerce\tests\Feature\UserControllerTest.php:1479
D:\meem-commerce\vendor\laravel\framework\src\Illuminate\Foundation\Testing\TestCase.php:174</failure>
        </testcase>
        <testcase name="test_user_roles_updated_event_dispatched_on_make_admin" file="D:\meem-commerce\tests\Feature\UserControllerTest.php" line="1488" class="Tests\Feature\UserControllerTest" classname="Tests.Feature.UserControllerTest" assertions="1" time="0.008976">
          <failure type="PHPUnit\Framework\ExpectationFailedException">Tests\Feature\UserControllerTest::test_user_roles_updated_event_dispatched_on_make_admin&#13;
The expected [App\Events\UserRolesUpdated] event was not dispatched.
Failed asserting that false is true.
&#13;
D:\meem-commerce\vendor\laravel\framework\src\Illuminate\Support\Testing\Fakes\EventFake.php:144
D:\meem-commerce\vendor\laravel\framework\src\Illuminate\Support\Facades\Facade.php:353
D:\meem-commerce\tests\Feature\UserControllerTest.php:1501
D:\meem-commerce\vendor\laravel\framework\src\Illuminate\Foundation\Testing\TestCase.php:174</failure>
        </testcase>
        <testcase name="test_user_roles_updated_event_dispatched_on_revoke_admin" file="D:\meem-commerce\tests\Feature\UserControllerTest.php" line="1504" class="Tests\Feature\UserControllerTest" classname="Tests.Feature.UserControllerTest" assertions="1" time="0.008776">
          <failure type="PHPUnit\Framework\ExpectationFailedException">Tests\Feature\UserControllerTest::test_user_roles_updated_event_dispatched_on_revoke_admin&#13;
The expected [App\Events\UserRolesUpdated] event was not dispatched.
Failed asserting that false is true.
&#13;
D:\meem-commerce\vendor\laravel\framework\src\Illuminate\Support\Testing\Fakes\EventFake.php:144
D:\meem-commerce\vendor\laravel\framework\src\Illuminate\Support\Facades\Facade.php:353
D:\meem-commerce\tests\Feature\UserControllerTest.php:1525
D:\meem-commerce\vendor\laravel\framework\src\Illuminate\Foundation\Testing\TestCase.php:174</failure>
        </testcase>
      </testsuite>
    </testsuite>
  </testsuite>
</testsuites>
