<?xml version="1.0" encoding="UTF-8"?>
<testsuites>
  <testsuite name="Tests\Feature\ActivityLogApiTest" file="D:\meem-commerce\tests\Feature\ActivityLogApiTest.php" tests="6" assertions="6" errors="0" failures="6" skipped="0" time="0.181584">
    <testcase name="test_unauthenticated_user_cannot_access_activity_logs" file="D:\meem-commerce\tests\Feature\ActivityLogApiTest.php" line="179" class="Tests\Feature\ActivityLogApiTest" classname="Tests.Feature.ActivityLogApiTest" assertions="1" time="0.043368">
      <failure type="PHPUnit\Framework\ExpectationFailedException">Tests\Feature\ActivityLogApiTest::test_unauthenticated_user_cannot_access_activity_logs&#13;
Expected response status code [401] but received 404.
Failed asserting that 401 is identical to 404.
&#13;
D:\meem-commerce\vendor\laravel\framework\src\Illuminate\Testing\TestResponse.php:146
D:\meem-commerce\tests\Feature\ActivityLogApiTest.php:183
D:\meem-commerce\vendor\laravel\framework\src\Illuminate\Foundation\Testing\TestCase.php:174</failure>
    </testcase>
    <testcase name="test_super_admin_can_fetch_activity_logs" file="D:\meem-commerce\tests\Feature\ActivityLogApiTest.php" line="186" class="Tests\Feature\ActivityLogApiTest" classname="Tests.Feature.ActivityLogApiTest" assertions="1" time="0.076450">
      <failure type="PHPUnit\Framework\ExpectationFailedException">Tests\Feature\ActivityLogApiTest::test_super_admin_can_fetch_activity_logs&#13;
Expected response status code [200] but received 404.
Failed asserting that 200 is identical to 404.
&#13;
D:\meem-commerce\vendor\laravel\framework\src\Illuminate\Testing\TestResponse.php:146
D:\meem-commerce\tests\Feature\ActivityLogApiTest.php:204
D:\meem-commerce\vendor\laravel\framework\src\Illuminate\Foundation\Testing\TestCase.php:174</failure>
    </testcase>
    <testcase name="test_can_filter_logs_by_log_name" file="D:\meem-commerce\tests\Feature\ActivityLogApiTest.php" line="218" class="Tests\Feature\ActivityLogApiTest" classname="Tests.Feature.ActivityLogApiTest" assertions="1" time="0.016612">
      <failure type="PHPUnit\Framework\ExpectationFailedException">Tests\Feature\ActivityLogApiTest::test_can_filter_logs_by_log_name&#13;
Expected response status code [200] but received 404.
Failed asserting that 200 is identical to 404.
&#13;
D:\meem-commerce\vendor\laravel\framework\src\Illuminate\Testing\TestResponse.php:146
D:\meem-commerce\tests\Feature\ActivityLogApiTest.php:228
D:\meem-commerce\vendor\laravel\framework\src\Illuminate\Foundation\Testing\TestCase.php:174</failure>
    </testcase>
    <testcase name="test_can_search_logs" file="D:\meem-commerce\tests\Feature\ActivityLogApiTest.php" line="232" class="Tests\Feature\ActivityLogApiTest" classname="Tests.Feature.ActivityLogApiTest" assertions="1" time="0.021059">
      <failure type="PHPUnit\Framework\ExpectationFailedException">Tests\Feature\ActivityLogApiTest::test_can_search_logs&#13;
Expected response status code [200] but received 404.
Failed asserting that 200 is identical to 404.
&#13;
D:\meem-commerce\vendor\laravel\framework\src\Illuminate\Testing\TestResponse.php:146
D:\meem-commerce\tests\Feature\ActivityLogApiTest.php:242
D:\meem-commerce\vendor\laravel\framework\src\Illuminate\Foundation\Testing\TestCase.php:174</failure>
    </testcase>
    <testcase name="test_returns_empty_when_no_logs" file="D:\meem-commerce\tests\Feature\ActivityLogApiTest.php" line="246" class="Tests\Feature\ActivityLogApiTest" classname="Tests.Feature.ActivityLogApiTest" assertions="1" time="0.010672">
      <failure type="PHPUnit\Framework\ExpectationFailedException">Tests\Feature\ActivityLogApiTest::test_returns_empty_when_no_logs&#13;
Expected response status code [200] but received 404.
Failed asserting that 200 is identical to 404.
&#13;
D:\meem-commerce\vendor\laravel\framework\src\Illuminate\Testing\TestResponse.php:146
D:\meem-commerce\tests\Feature\ActivityLogApiTest.php:263
D:\meem-commerce\vendor\laravel\framework\src\Illuminate\Foundation\Testing\TestCase.php:174</failure>
    </testcase>
    <testcase name="test_non_admin_cannot_access_activity_logs" file="D:\meem-commerce\tests\Feature\ActivityLogApiTest.php" line="268" class="Tests\Feature\ActivityLogApiTest" classname="Tests.Feature.ActivityLogApiTest" assertions="1" time="0.013423">
      <failure type="PHPUnit\Framework\ExpectationFailedException">Tests\Feature\ActivityLogApiTest::test_non_admin_cannot_access_activity_logs&#13;
Expected response status code [403] but received 404.
Failed asserting that 403 is identical to 404.
&#13;
D:\meem-commerce\vendor\laravel\framework\src\Illuminate\Testing\TestResponse.php:146
D:\meem-commerce\tests\Feature\ActivityLogApiTest.php:284
D:\meem-commerce\vendor\laravel\framework\src\Illuminate\Foundation\Testing\TestCase.php:174</failure>
    </testcase>
  </testsuite>
</testsuites>
