<?xml version="1.0" encoding="UTF-8"?>
<testsuites>
  <testsuite name="Tests\Unit\Invoice\InvoiceLifecycleTest" file="D:\meem-commerce\tests\Unit\Invoice\InvoiceLifecycleTest.php" tests="24" assertions="75" errors="0" failures="0" skipped="0" time="1.098767">
    <testcase name="test_generates_invoice_from_order" file="D:\meem-commerce\tests\Unit\Invoice\InvoiceLifecycleTest.php" line="104" class="Tests\Unit\Invoice\InvoiceLifecycleTest" classname="Tests.Unit.Invoice.InvoiceLifecycleTest" assertions="9" time="0.185215"/>
    <testcase name="test_prevents_duplicate_invoice_generation" file="D:\meem-commerce\tests\Unit\Invoice\InvoiceLifecycleTest.php" line="119" class="Tests\Unit\Invoice\InvoiceLifecycleTest" classname="Tests.Unit.Invoice.InvoiceLifecycleTest" assertions="2" time="0.069625"/>
    <testcase name="test_generates_invoice_with_correct_snapshot_data" file="D:\meem-commerce\tests\Unit\Invoice\InvoiceLifecycleTest.php" line="128" class="Tests\Unit\Invoice\InvoiceLifecycleTest" classname="Tests.Unit.Invoice.InvoiceLifecycleTest" assertions="7" time="0.066625"/>
    <testcase name="test_verification_hash_is_consistent" file="D:\meem-commerce\tests\Unit\Invoice\InvoiceLifecycleTest.php" line="142" class="Tests\Unit\Invoice\InvoiceLifecycleTest" classname="Tests.Unit.Invoice.InvoiceLifecycleTest" assertions="3" time="0.066113"/>
    <testcase name="test_verify_returns_null_for_nonexistent_invoice" file="D:\meem-commerce\tests\Unit\Invoice\InvoiceLifecycleTest.php" line="152" class="Tests\Unit\Invoice\InvoiceLifecycleTest" classname="Tests.Unit.Invoice.InvoiceLifecycleTest" assertions="1" time="0.000887"/>
    <testcase name="test_corrects_invoice" file="D:\meem-commerce\tests\Unit\Invoice\InvoiceLifecycleTest.php" line="160" class="Tests\Unit\Invoice\InvoiceLifecycleTest" classname="Tests.Unit.Invoice.InvoiceLifecycleTest" assertions="6" time="0.125812"/>
    <testcase name="test_corrected_invoice_has_unique_number" file="D:\meem-commerce\tests\Unit\Invoice\InvoiceLifecycleTest.php" line="181" class="Tests\Unit\Invoice\InvoiceLifecycleTest" classname="Tests.Unit.Invoice.InvoiceLifecycleTest" assertions="1" time="0.123696"/>
    <testcase name="test_prevents_correction_of_cancelled_invoice" file="D:\meem-commerce\tests\Unit\Invoice\InvoiceLifecycleTest.php" line="189" class="Tests\Unit\Invoice\InvoiceLifecycleTest" classname="Tests.Unit.Invoice.InvoiceLifecycleTest" assertions="1" time="0.067239"/>
    <testcase name="test_cancels_invoice" file="D:\meem-commerce\tests\Unit\Invoice\InvoiceLifecycleTest.php" line="200" class="Tests\Unit\Invoice\InvoiceLifecycleTest" classname="Tests.Unit.Invoice.InvoiceLifecycleTest" assertions="3" time="0.075256"/>
    <testcase name="test_prevents_cancellation_from_pdf_generating_invoice" file="D:\meem-commerce\tests\Unit\Invoice\InvoiceLifecycleTest.php" line="210" class="Tests\Unit\Invoice\InvoiceLifecycleTest" classname="Tests.Unit.Invoice.InvoiceLifecycleTest" assertions="1" time="0.001385"/>
    <testcase name="test_generates_credit_note_for_refund" file="D:\meem-commerce\tests\Unit\Invoice\InvoiceLifecycleTest.php" line="237" class="Tests\Unit\Invoice\InvoiceLifecycleTest" classname="Tests.Unit.Invoice.InvoiceLifecycleTest" assertions="5" time="0.076535"/>
    <testcase name="test_generates_credit_note_for_cancellation" file="D:\meem-commerce\tests\Unit\Invoice\InvoiceLifecycleTest.php" line="254" class="Tests\Unit\Invoice\InvoiceLifecycleTest" classname="Tests.Unit.Invoice.InvoiceLifecycleTest" assertions="3" time="0.077650"/>
    <testcase name="test_credit_notes_have_unique_numbers" file="D:\meem-commerce\tests\Unit\Invoice\InvoiceLifecycleTest.php" line="269" class="Tests\Unit\Invoice\InvoiceLifecycleTest" classname="Tests.Unit.Invoice.InvoiceLifecycleTest" assertions="1" time="0.069171"/>
    <testcase name="test_generates_debit_note" file="D:\meem-commerce\tests\Unit\Invoice\InvoiceLifecycleTest.php" line="281" class="Tests\Unit\Invoice\InvoiceLifecycleTest" classname="Tests.Unit.Invoice.InvoiceLifecycleTest" assertions="4" time="0.078166"/>
    <testcase name="test_invoice_status_transitions_are_valid" file="D:\meem-commerce\tests\Unit\Invoice\InvoiceLifecycleTest.php" line="300" class="Tests\Unit\Invoice\InvoiceLifecycleTest" classname="Tests.Unit.Invoice.InvoiceLifecycleTest" assertions="4" time="0.000667"/>
    <testcase name="test_invoice_status_transitions_are_invalid" file="D:\meem-commerce\tests\Unit\Invoice\InvoiceLifecycleTest.php" line="308" class="Tests\Unit\Invoice\InvoiceLifecycleTest" classname="Tests.Unit.Invoice.InvoiceLifecycleTest" assertions="4" time="0.000683"/>
    <testcase name="test_invoice_status_transition_is_enforced_on_save" file="D:\meem-commerce\tests\Unit\Invoice\InvoiceLifecycleTest.php" line="321" class="Tests\Unit\Invoice\InvoiceLifecycleTest" classname="Tests.Unit.Invoice.InvoiceLifecycleTest" assertions="1" time="0.001256"/>
    <testcase name="test_creates_shipment" file="D:\meem-commerce\tests\Unit\Invoice\InvoiceLifecycleTest.php" line="345" class="Tests\Unit\Invoice\InvoiceLifecycleTest" classname="Tests.Unit.Invoice.InvoiceLifecycleTest" assertions="3" time="0.001383"/>
    <testcase name="test_shipment_status_transitions" file="D:\meem-commerce\tests\Unit\Invoice\InvoiceLifecycleTest.php" line="358" class="Tests\Unit\Invoice\InvoiceLifecycleTest" classname="Tests.Unit.Invoice.InvoiceLifecycleTest" assertions="6" time="0.004773"/>
    <testcase name="test_shipment_illegal_transition_throws" file="D:\meem-commerce\tests\Unit\Invoice\InvoiceLifecycleTest.php" line="382" class="Tests\Unit\Invoice\InvoiceLifecycleTest" classname="Tests.Unit.Invoice.InvoiceLifecycleTest" assertions="1" time="0.001281"/>
    <testcase name="test_shipment_cancellation_from_pending" file="D:\meem-commerce\tests\Unit\Invoice\InvoiceLifecycleTest.php" line="392" class="Tests\Unit\Invoice\InvoiceLifecycleTest" classname="Tests.Unit.Invoice.InvoiceLifecycleTest" assertions="1" time="0.001757"/>
    <testcase name="test_shipment_delivered_sets_timestamp" file="D:\meem-commerce\tests\Unit\Invoice\InvoiceLifecycleTest.php" line="402" class="Tests\Unit\Invoice\InvoiceLifecycleTest" classname="Tests.Unit.Invoice.InvoiceLifecycleTest" assertions="1" time="0.002030"/>
    <testcase name="test_shipment_status_enum_transitions" file="D:\meem-commerce\tests\Unit\Invoice\InvoiceLifecycleTest.php" line="415" class="Tests\Unit\Invoice\InvoiceLifecycleTest" classname="Tests.Unit.Invoice.InvoiceLifecycleTest" assertions="4" time="0.000929"/>
    <testcase name="test_shipment_status_enum_illegal_transitions" file="D:\meem-commerce\tests\Unit\Invoice\InvoiceLifecycleTest.php" line="423" class="Tests\Unit\Invoice\InvoiceLifecycleTest" classname="Tests.Unit.Invoice.InvoiceLifecycleTest" assertions="3" time="0.000633"/>
  </testsuite>
</testsuites>
