<?xml version="1.0" encoding="UTF-8"?>
<testsuites>
  <testsuite name="Tests\Feature\AuthenticationTest" file="D:\meem-commerce\tests\Feature\AuthenticationTest.php" tests="19" assertions="41" errors="0" failures="0" skipped="0" time="0.510133">
    <testcase name="test_login_with_valid_credentials_returns_token" file="D:\meem-commerce\tests\Feature\AuthenticationTest.php" line="45" class="Tests\Feature\AuthenticationTest" classname="Tests.Feature.AuthenticationTest" assertions="8" time="0.058763"/>
    <testcase name="test_login_with_invalid_password_returns_404" file="D:\meem-commerce\tests\Feature\AuthenticationTest.php" line="62" class="Tests\Feature\AuthenticationTest" classname="Tests.Feature.AuthenticationTest" assertions="2" time="0.006374"/>
    <testcase name="test_login_with_nonexistent_email_returns_404" file="D:\meem-commerce\tests\Feature\AuthenticationTest.php" line="73" class="Tests\Feature\AuthenticationTest" classname="Tests.Feature.AuthenticationTest" assertions="2" time="0.003397"/>
    <testcase name="test_login_with_inactive_user_returns_404" file="D:\meem-commerce\tests\Feature\AuthenticationTest.php" line="84" class="Tests\Feature\AuthenticationTest" classname="Tests.Feature.AuthenticationTest" assertions="2" time="0.033304"/>
    <testcase name="test_login_with_phone_number_works" file="D:\meem-commerce\tests\Feature\AuthenticationTest.php" line="97" class="Tests\Feature\AuthenticationTest" classname="Tests.Feature.AuthenticationTest" assertions="3" time="0.007301"/>
    <testcase name="test_login_without_credentials_returns_422" file="D:\meem-commerce\tests\Feature\AuthenticationTest.php" line="109" class="Tests\Feature\AuthenticationTest" classname="Tests.Feature.AuthenticationTest" assertions="1" time="0.003488"/>
    <testcase name="test_logout_revokes_token" file="D:\meem-commerce\tests\Feature\AuthenticationTest.php" line="120" class="Tests\Feature\AuthenticationTest" classname="Tests.Feature.AuthenticationTest" assertions="3" time="0.006591"/>
    <testcase name="test_logout_without_token_returns_401" file="D:\meem-commerce\tests\Feature\AuthenticationTest.php" line="132" class="Tests\Feature\AuthenticationTest" classname="Tests.Feature.AuthenticationTest" assertions="1" time="0.002456"/>
    <testcase name="test_token_is_invalid_after_logout" file="D:\meem-commerce\tests\Feature\AuthenticationTest.php" line="139" class="Tests\Feature\AuthenticationTest" classname="Tests.Feature.AuthenticationTest" assertions="1" time="0.005121"/>
    <testcase name="test_me_returns_authenticated_user" file="D:\meem-commerce\tests\Feature\AuthenticationTest.php" line="152" class="Tests\Feature\AuthenticationTest" classname="Tests.Feature.AuthenticationTest" assertions="3" time="0.021538"/>
    <testcase name="test_me_without_auth_returns_401" file="D:\meem-commerce\tests\Feature\AuthenticationTest.php" line="163" class="Tests\Feature\AuthenticationTest" classname="Tests.Feature.AuthenticationTest" assertions="1" time="0.002802"/>
    <testcase name="test_me_with_invalid_token_returns_401" file="D:\meem-commerce\tests\Feature\AuthenticationTest.php" line="170" class="Tests\Feature\AuthenticationTest" classname="Tests.Feature.AuthenticationTest" assertions="1" time="0.003010"/>
    <testcase name="test_register_creates_user" file="D:\meem-commerce\tests\Feature\AuthenticationTest.php" line="181" class="Tests\Feature\AuthenticationTest" classname="Tests.Feature.AuthenticationTest" assertions="3" time="0.179584"/>
    <testcase name="test_register_requires_email" file="D:\meem-commerce\tests\Feature\AuthenticationTest.php" line="203" class="Tests\Feature\AuthenticationTest" classname="Tests.Feature.AuthenticationTest" assertions="1" time="0.003941"/>
    <testcase name="test_register_requires_password_confirmation" file="D:\meem-commerce\tests\Feature\AuthenticationTest.php" line="217" class="Tests\Feature\AuthenticationTest" classname="Tests.Feature.AuthenticationTest" assertions="1" time="0.150854"/>
    <testcase name="test_register_duplicate_email_returns_422" file="D:\meem-commerce\tests\Feature\AuthenticationTest.php" line="232" class="Tests\Feature\AuthenticationTest" classname="Tests.Feature.AuthenticationTest" assertions="1" time="0.005001"/>
    <testcase name="test_register_creates_user_with_type_user" file="D:\meem-commerce\tests\Feature\AuthenticationTest.php" line="247" class="Tests\Feature\AuthenticationTest" classname="Tests.Feature.AuthenticationTest" assertions="3" time="0.007381"/>
    <testcase name="test_token_can_access_protected_endpoints" file="D:\meem-commerce\tests\Feature\AuthenticationTest.php" line="270" class="Tests\Feature\AuthenticationTest" classname="Tests.Feature.AuthenticationTest" assertions="2" time="0.006169"/>
    <testcase name="test_different_users_get_different_tokens" file="D:\meem-commerce\tests\Feature\AuthenticationTest.php" line="280" class="Tests\Feature\AuthenticationTest" classname="Tests.Feature.AuthenticationTest" assertions="2" time="0.003058"/>
  </testsuite>
</testsuites>
