<?xml version="1.0" encoding="UTF-8"?>
<testsuites>
  <testsuite name="Tests\Feature\BannerApiTest" file="D:\meem-commerce\tests\Feature\BannerApiTest.php" tests="35" assertions="104" errors="0" failures="0" skipped="0" time="0.335809">
    <testcase name="test_guest_gets_401_for_list_banners" file="D:\meem-commerce\tests\Feature\BannerApiTest.php" line="85" class="Tests\Feature\BannerApiTest" classname="Tests.Feature.BannerApiTest" assertions="1" time="0.031973"/>
    <testcase name="test_guest_gets_401_for_show_banner" file="D:\meem-commerce\tests\Feature\BannerApiTest.php" line="91" class="Tests\Feature\BannerApiTest" classname="Tests.Feature.BannerApiTest" assertions="1" time="0.004944"/>
    <testcase name="test_guest_gets_401_for_create_banner" file="D:\meem-commerce\tests\Feature\BannerApiTest.php" line="98" class="Tests\Feature\BannerApiTest" classname="Tests.Feature.BannerApiTest" assertions="1" time="0.003324"/>
    <testcase name="test_guest_gets_401_for_update_banner" file="D:\meem-commerce\tests\Feature\BannerApiTest.php" line="106" class="Tests\Feature\BannerApiTest" classname="Tests.Feature.BannerApiTest" assertions="1" time="0.002763"/>
    <testcase name="test_guest_gets_401_for_delete_banner" file="D:\meem-commerce\tests\Feature\BannerApiTest.php" line="115" class="Tests\Feature\BannerApiTest" classname="Tests.Feature.BannerApiTest" assertions="1" time="0.002444"/>
    <testcase name="test_guest_gets_401_for_change_status" file="D:\meem-commerce\tests\Feature\BannerApiTest.php" line="122" class="Tests\Feature\BannerApiTest" classname="Tests.Feature.BannerApiTest" assertions="1" time="0.003025"/>
    <testcase name="test_guest_gets_401_for_reorder" file="D:\meem-commerce\tests\Feature\BannerApiTest.php" line="131" class="Tests\Feature\BannerApiTest" classname="Tests.Feature.BannerApiTest" assertions="1" time="0.003537"/>
    <testcase name="test_user_without_view_permission_gets_forbidden_for_index" file="D:\meem-commerce\tests\Feature\BannerApiTest.php" line="143" class="Tests\Feature\BannerApiTest" classname="Tests.Feature.BannerApiTest" assertions="1" time="0.022246"/>
    <testcase name="test_user_without_create_permission_gets_forbidden_for_store" file="D:\meem-commerce\tests\Feature\BannerApiTest.php" line="160" class="Tests\Feature\BannerApiTest" classname="Tests.Feature.BannerApiTest" assertions="1" time="0.005674"/>
    <testcase name="test_user_without_update_permission_gets_forbidden_for_update" file="D:\meem-commerce\tests\Feature\BannerApiTest.php" line="170" class="Tests\Feature\BannerApiTest" classname="Tests.Feature.BannerApiTest" assertions="1" time="0.005136"/>
    <testcase name="test_user_without_delete_permission_gets_forbidden_for_destroy" file="D:\meem-commerce\tests\Feature\BannerApiTest.php" line="182" class="Tests\Feature\BannerApiTest" classname="Tests.Feature.BannerApiTest" assertions="1" time="0.004954"/>
    <testcase name="test_user_without_update_permission_gets_forbidden_for_change_status" file="D:\meem-commerce\tests\Feature\BannerApiTest.php" line="192" class="Tests\Feature\BannerApiTest" classname="Tests.Feature.BannerApiTest" assertions="1" time="0.004404"/>
    <testcase name="test_user_without_update_permission_gets_forbidden_for_reorder" file="D:\meem-commerce\tests\Feature\BannerApiTest.php" line="204" class="Tests\Feature\BannerApiTest" classname="Tests.Feature.BannerApiTest" assertions="1" time="0.004105"/>
    <testcase name="test_authenticated_user_can_list_banners" file="D:\meem-commerce\tests\Feature\BannerApiTest.php" line="218" class="Tests\Feature\BannerApiTest" classname="Tests.Feature.BannerApiTest" assertions="20" time="0.012654"/>
    <testcase name="test_list_banners_returns_empty_when_none_exist" file="D:\meem-commerce\tests\Feature\BannerApiTest.php" line="238" class="Tests\Feature\BannerApiTest" classname="Tests.Feature.BannerApiTest" assertions="3" time="0.006167"/>
    <testcase name="test_authenticated_user_can_show_banner" file="D:\meem-commerce\tests\Feature\BannerApiTest.php" line="253" class="Tests\Feature\BannerApiTest" classname="Tests.Feature.BannerApiTest" assertions="13" time="0.006245"/>
    <testcase name="test_show_banner_returns_404_for_nonexistent_id" file="D:\meem-commerce\tests\Feature\BannerApiTest.php" line="271" class="Tests\Feature\BannerApiTest" classname="Tests.Feature.BannerApiTest" assertions="1" time="0.005039"/>
    <testcase name="test_authenticated_admin_can_create_banner" file="D:\meem-commerce\tests\Feature\BannerApiTest.php" line="283" class="Tests\Feature\BannerApiTest" classname="Tests.Feature.BannerApiTest" assertions="14" time="0.052330"/>
    <testcase name="test_create_banner_returns_422_for_missing_title" file="D:\meem-commerce\tests\Feature\BannerApiTest.php" line="312" class="Tests\Feature\BannerApiTest" classname="Tests.Feature.BannerApiTest" assertions="1" time="0.007319"/>
    <testcase name="test_create_banner_returns_422_for_missing_images" file="D:\meem-commerce\tests\Feature\BannerApiTest.php" line="326" class="Tests\Feature\BannerApiTest" classname="Tests.Feature.BannerApiTest" assertions="1" time="0.006616"/>
    <testcase name="test_authenticated_admin_can_update_banner" file="D:\meem-commerce\tests\Feature\BannerApiTest.php" line="341" class="Tests\Feature\BannerApiTest" classname="Tests.Feature.BannerApiTest" assertions="3" time="0.006599"/>
    <testcase name="test_update_banner_returns_404_for_nonexistent_id" file="D:\meem-commerce\tests\Feature\BannerApiTest.php" line="357" class="Tests\Feature\BannerApiTest" classname="Tests.Feature.BannerApiTest" assertions="1" time="0.004854"/>
    <testcase name="test_authenticated_admin_can_soft_delete_banner" file="D:\meem-commerce\tests\Feature\BannerApiTest.php" line="371" class="Tests\Feature\BannerApiTest" classname="Tests.Feature.BannerApiTest" assertions="3" time="0.004641"/>
    <testcase name="test_delete_banner_returns_404_for_nonexistent_id" file="D:\meem-commerce\tests\Feature\BannerApiTest.php" line="384" class="Tests\Feature\BannerApiTest" classname="Tests.Feature.BannerApiTest" assertions="1" time="0.003825"/>
    <testcase name="test_soft_deleted_banner_not_listed_in_index" file="D:\meem-commerce\tests\Feature\BannerApiTest.php" line="392" class="Tests\Feature\BannerApiTest" classname="Tests.Feature.BannerApiTest" assertions="2" time="0.007465"/>
    <testcase name="test_authenticated_admin_can_toggle_banner_status" file="D:\meem-commerce\tests\Feature\BannerApiTest.php" line="411" class="Tests\Feature\BannerApiTest" classname="Tests.Feature.BannerApiTest" assertions="3" time="0.006124"/>
    <testcase name="test_change_status_returns_422_for_missing_id" file="D:\meem-commerce\tests\Feature\BannerApiTest.php" line="426" class="Tests\Feature\BannerApiTest" classname="Tests.Feature.BannerApiTest" assertions="1" time="0.004247"/>
    <testcase name="test_change_status_returns_422_for_nonexistent_id" file="D:\meem-commerce\tests\Feature\BannerApiTest.php" line="434" class="Tests\Feature\BannerApiTest" classname="Tests.Feature.BannerApiTest" assertions="1" time="0.003855"/>
    <testcase name="test_authenticated_admin_can_reorder_banners" file="D:\meem-commerce\tests\Feature\BannerApiTest.php" line="448" class="Tests\Feature\BannerApiTest" classname="Tests.Feature.BannerApiTest" assertions="2" time="0.005433"/>
    <testcase name="test_reorder_returns_422_for_missing_banners" file="D:\meem-commerce\tests\Feature\BannerApiTest.php" line="463" class="Tests\Feature\BannerApiTest" classname="Tests.Feature.BannerApiTest" assertions="1" time="0.004412"/>
    <testcase name="test_reorder_returns_422_for_invalid_ids" file="D:\meem-commerce\tests\Feature\BannerApiTest.php" line="471" class="Tests\Feature\BannerApiTest" classname="Tests.Feature.BannerApiTest" assertions="1" time="0.004325"/>
    <testcase name="test_create_banner_with_product_association" file="D:\meem-commerce\tests\Feature\BannerApiTest.php" line="485" class="Tests\Feature\BannerApiTest" classname="Tests.Feature.BannerApiTest" assertions="2" time="0.035281"/>
    <testcase name="test_banner_title_is_translatable" file="D:\meem-commerce\tests\Feature\BannerApiTest.php" line="522" class="Tests\Feature\BannerApiTest" classname="Tests.Feature.BannerApiTest" assertions="3" time="0.026421"/>
    <testcase name="test_banner_resource_structure_on_show" file="D:\meem-commerce\tests\Feature\BannerApiTest.php" line="550" class="Tests\Feature\BannerApiTest" classname="Tests.Feature.BannerApiTest" assertions="12" time="0.006257"/>
    <testcase name="test_banner_mass_assignment_protection" file="D:\meem-commerce\tests\Feature\BannerApiTest.php" line="575" class="Tests\Feature\BannerApiTest" classname="Tests.Feature.BannerApiTest" assertions="2" time="0.017170"/>
  </testsuite>
</testsuites>
