<?xml version="1.0" encoding="UTF-8"?>
<testsuites>
  <testsuite name="Tests\Feature\ContentPageSectionTypeApiTest" file="D:\meem-commerce\tests\Feature\ContentPageSectionTypeApiTest.php" tests="81" assertions="153" errors="0" failures="0" skipped="0" time="0.544425">
    <testcase name="test_guest_gets_401_for_list_content_pages" file="D:\meem-commerce\tests\Feature\ContentPageSectionTypeApiTest.php" line="141" class="Tests\Feature\ContentPageSectionTypeApiTest" classname="Tests.Feature.ContentPageSectionTypeApiTest" assertions="1" time="0.027367"/>
    <testcase name="test_guest_gets_401_for_show_content_page" file="D:\meem-commerce\tests\Feature\ContentPageSectionTypeApiTest.php" line="146" class="Tests\Feature\ContentPageSectionTypeApiTest" classname="Tests.Feature.ContentPageSectionTypeApiTest" assertions="1" time="0.004454"/>
    <testcase name="test_guest_gets_401_for_create_content_page" file="D:\meem-commerce\tests\Feature\ContentPageSectionTypeApiTest.php" line="152" class="Tests\Feature\ContentPageSectionTypeApiTest" classname="Tests.Feature.ContentPageSectionTypeApiTest" assertions="1" time="0.003680"/>
    <testcase name="test_guest_gets_401_for_update_content_page" file="D:\meem-commerce\tests\Feature\ContentPageSectionTypeApiTest.php" line="159" class="Tests\Feature\ContentPageSectionTypeApiTest" classname="Tests.Feature.ContentPageSectionTypeApiTest" assertions="1" time="0.002547"/>
    <testcase name="test_guest_gets_401_for_delete_content_page" file="D:\meem-commerce\tests\Feature\ContentPageSectionTypeApiTest.php" line="167" class="Tests\Feature\ContentPageSectionTypeApiTest" classname="Tests.Feature.ContentPageSectionTypeApiTest" assertions="1" time="0.003642"/>
    <testcase name="test_guest_gets_401_for_toggle_active" file="D:\meem-commerce\tests\Feature\ContentPageSectionTypeApiTest.php" line="173" class="Tests\Feature\ContentPageSectionTypeApiTest" classname="Tests.Feature.ContentPageSectionTypeApiTest" assertions="1" time="0.002469"/>
    <testcase name="test_guest_gets_401_for_attach_sections" file="D:\meem-commerce\tests\Feature\ContentPageSectionTypeApiTest.php" line="179" class="Tests\Feature\ContentPageSectionTypeApiTest" classname="Tests.Feature.ContentPageSectionTypeApiTest" assertions="1" time="0.002559"/>
    <testcase name="test_guest_gets_401_for_list_sections" file="D:\meem-commerce\tests\Feature\ContentPageSectionTypeApiTest.php" line="187" class="Tests\Feature\ContentPageSectionTypeApiTest" classname="Tests.Feature.ContentPageSectionTypeApiTest" assertions="1" time="0.006336"/>
    <testcase name="test_guest_gets_401_for_show_section" file="D:\meem-commerce\tests\Feature\ContentPageSectionTypeApiTest.php" line="192" class="Tests\Feature\ContentPageSectionTypeApiTest" classname="Tests.Feature.ContentPageSectionTypeApiTest" assertions="1" time="0.003757"/>
    <testcase name="test_guest_gets_401_for_create_section" file="D:\meem-commerce\tests\Feature\ContentPageSectionTypeApiTest.php" line="198" class="Tests\Feature\ContentPageSectionTypeApiTest" classname="Tests.Feature.ContentPageSectionTypeApiTest" assertions="1" time="0.003273"/>
    <testcase name="test_guest_gets_401_for_update_section" file="D:\meem-commerce\tests\Feature\ContentPageSectionTypeApiTest.php" line="206" class="Tests\Feature\ContentPageSectionTypeApiTest" classname="Tests.Feature.ContentPageSectionTypeApiTest" assertions="1" time="0.002506"/>
    <testcase name="test_guest_gets_401_for_delete_section" file="D:\meem-commerce\tests\Feature\ContentPageSectionTypeApiTest.php" line="214" class="Tests\Feature\ContentPageSectionTypeApiTest" classname="Tests.Feature.ContentPageSectionTypeApiTest" assertions="1" time="0.002470"/>
    <testcase name="test_guest_gets_401_for_reorder_sections" file="D:\meem-commerce\tests\Feature\ContentPageSectionTypeApiTest.php" line="220" class="Tests\Feature\ContentPageSectionTypeApiTest" classname="Tests.Feature.ContentPageSectionTypeApiTest" assertions="1" time="0.003547"/>
    <testcase name="test_guest_gets_401_for_toggle_section_status" file="D:\meem-commerce\tests\Feature\ContentPageSectionTypeApiTest.php" line="227" class="Tests\Feature\ContentPageSectionTypeApiTest" classname="Tests.Feature.ContentPageSectionTypeApiTest" assertions="1" time="0.002583"/>
    <testcase name="test_guest_gets_401_for_list_section_types" file="D:\meem-commerce\tests\Feature\ContentPageSectionTypeApiTest.php" line="233" class="Tests\Feature\ContentPageSectionTypeApiTest" classname="Tests.Feature.ContentPageSectionTypeApiTest" assertions="1" time="0.003594"/>
    <testcase name="test_guest_gets_401_for_create_section_type" file="D:\meem-commerce\tests\Feature\ContentPageSectionTypeApiTest.php" line="238" class="Tests\Feature\ContentPageSectionTypeApiTest" classname="Tests.Feature.ContentPageSectionTypeApiTest" assertions="1" time="0.008097"/>
    <testcase name="test_guest_gets_401_for_update_section_type" file="D:\meem-commerce\tests\Feature\ContentPageSectionTypeApiTest.php" line="245" class="Tests\Feature\ContentPageSectionTypeApiTest" classname="Tests.Feature.ContentPageSectionTypeApiTest" assertions="1" time="0.003134"/>
    <testcase name="test_guest_gets_401_for_delete_section_type" file="D:\meem-commerce\tests\Feature\ContentPageSectionTypeApiTest.php" line="253" class="Tests\Feature\ContentPageSectionTypeApiTest" classname="Tests.Feature.ContentPageSectionTypeApiTest" assertions="1" time="0.002282"/>
    <testcase name="test_guest_gets_401_for_update_settings" file="D:\meem-commerce\tests\Feature\ContentPageSectionTypeApiTest.php" line="259" class="Tests\Feature\ContentPageSectionTypeApiTest" classname="Tests.Feature.ContentPageSectionTypeApiTest" assertions="1" time="0.002768"/>
    <testcase name="test_user_without_view_content_pages_gets_forbidden" file="D:\meem-commerce\tests\Feature\ContentPageSectionTypeApiTest.php" line="271" class="Tests\Feature\ContentPageSectionTypeApiTest" classname="Tests.Feature.ContentPageSectionTypeApiTest" assertions="1" time="0.020831"/>
    <testcase name="test_user_without_create_content_pages_gets_forbidden" file="D:\meem-commerce\tests\Feature\ContentPageSectionTypeApiTest.php" line="286" class="Tests\Feature\ContentPageSectionTypeApiTest" classname="Tests.Feature.ContentPageSectionTypeApiTest" assertions="1" time="0.005312"/>
    <testcase name="test_user_without_update_content_pages_gets_forbidden" file="D:\meem-commerce\tests\Feature\ContentPageSectionTypeApiTest.php" line="295" class="Tests\Feature\ContentPageSectionTypeApiTest" classname="Tests.Feature.ContentPageSectionTypeApiTest" assertions="1" time="0.004488"/>
    <testcase name="test_user_without_delete_content_pages_gets_forbidden" file="D:\meem-commerce\tests\Feature\ContentPageSectionTypeApiTest.php" line="305" class="Tests\Feature\ContentPageSectionTypeApiTest" classname="Tests.Feature.ContentPageSectionTypeApiTest" assertions="1" time="0.004189"/>
    <testcase name="test_user_without_update_content_pages_gets_forbidden_for_toggle_active" file="D:\meem-commerce\tests\Feature\ContentPageSectionTypeApiTest.php" line="313" class="Tests\Feature\ContentPageSectionTypeApiTest" classname="Tests.Feature.ContentPageSectionTypeApiTest" assertions="1" time="0.005458"/>
    <testcase name="test_user_without_update_content_pages_gets_forbidden_for_attach_sections" file="D:\meem-commerce\tests\Feature\ContentPageSectionTypeApiTest.php" line="321" class="Tests\Feature\ContentPageSectionTypeApiTest" classname="Tests.Feature.ContentPageSectionTypeApiTest" assertions="1" time="0.005969"/>
    <testcase name="test_user_without_view_sections_gets_forbidden" file="D:\meem-commerce\tests\Feature\ContentPageSectionTypeApiTest.php" line="331" class="Tests\Feature\ContentPageSectionTypeApiTest" classname="Tests.Feature.ContentPageSectionTypeApiTest" assertions="1" time="0.008270"/>
    <testcase name="test_user_without_create_sections_gets_forbidden" file="D:\meem-commerce\tests\Feature\ContentPageSectionTypeApiTest.php" line="346" class="Tests\Feature\ContentPageSectionTypeApiTest" classname="Tests.Feature.ContentPageSectionTypeApiTest" assertions="1" time="0.005081"/>
    <testcase name="test_user_without_update_sections_gets_forbidden" file="D:\meem-commerce\tests\Feature\ContentPageSectionTypeApiTest.php" line="356" class="Tests\Feature\ContentPageSectionTypeApiTest" classname="Tests.Feature.ContentPageSectionTypeApiTest" assertions="1" time="0.005105"/>
    <testcase name="test_user_without_update_sections_gets_forbidden_for_reorder" file="D:\meem-commerce\tests\Feature\ContentPageSectionTypeApiTest.php" line="366" class="Tests\Feature\ContentPageSectionTypeApiTest" classname="Tests.Feature.ContentPageSectionTypeApiTest" assertions="1" time="0.004385"/>
    <testcase name="test_user_without_update_sections_gets_forbidden_for_toggle_status" file="D:\meem-commerce\tests\Feature\ContentPageSectionTypeApiTest.php" line="375" class="Tests\Feature\ContentPageSectionTypeApiTest" classname="Tests.Feature.ContentPageSectionTypeApiTest" assertions="1" time="0.006208"/>
    <testcase name="test_user_without_delete_sections_gets_forbidden" file="D:\meem-commerce\tests\Feature\ContentPageSectionTypeApiTest.php" line="383" class="Tests\Feature\ContentPageSectionTypeApiTest" classname="Tests.Feature.ContentPageSectionTypeApiTest" assertions="1" time="0.004638"/>
    <testcase name="test_user_without_view_section_types_gets_forbidden" file="D:\meem-commerce\tests\Feature\ContentPageSectionTypeApiTest.php" line="391" class="Tests\Feature\ContentPageSectionTypeApiTest" classname="Tests.Feature.ContentPageSectionTypeApiTest" assertions="1" time="0.006364"/>
    <testcase name="test_user_without_create_section_types_gets_forbidden" file="D:\meem-commerce\tests\Feature\ContentPageSectionTypeApiTest.php" line="406" class="Tests\Feature\ContentPageSectionTypeApiTest" classname="Tests.Feature.ContentPageSectionTypeApiTest" assertions="1" time="0.010846"/>
    <testcase name="test_user_without_update_section_types_gets_forbidden" file="D:\meem-commerce\tests\Feature\ContentPageSectionTypeApiTest.php" line="415" class="Tests\Feature\ContentPageSectionTypeApiTest" classname="Tests.Feature.ContentPageSectionTypeApiTest" assertions="1" time="0.004681"/>
    <testcase name="test_user_without_update_section_types_gets_forbidden_for_settings" file="D:\meem-commerce\tests\Feature\ContentPageSectionTypeApiTest.php" line="425" class="Tests\Feature\ContentPageSectionTypeApiTest" classname="Tests.Feature.ContentPageSectionTypeApiTest" assertions="1" time="0.005295"/>
    <testcase name="test_user_without_delete_section_types_gets_forbidden" file="D:\meem-commerce\tests\Feature\ContentPageSectionTypeApiTest.php" line="435" class="Tests\Feature\ContentPageSectionTypeApiTest" classname="Tests.Feature.ContentPageSectionTypeApiTest" assertions="1" time="0.004599"/>
    <testcase name="test_authenticated_user_can_list_content_pages" file="D:\meem-commerce\tests\Feature\ContentPageSectionTypeApiTest.php" line="447" class="Tests\Feature\ContentPageSectionTypeApiTest" classname="Tests.Feature.ContentPageSectionTypeApiTest" assertions="6" time="0.011579"/>
    <testcase name="test_list_content_pages_returns_empty_when_none_exist" file="D:\meem-commerce\tests\Feature\ContentPageSectionTypeApiTest.php" line="463" class="Tests\Feature\ContentPageSectionTypeApiTest" classname="Tests.Feature.ContentPageSectionTypeApiTest" assertions="2" time="0.008500"/>
    <testcase name="test_authenticated_user_can_show_content_page" file="D:\meem-commerce\tests\Feature\ContentPageSectionTypeApiTest.php" line="473" class="Tests\Feature\ContentPageSectionTypeApiTest" classname="Tests.Feature.ContentPageSectionTypeApiTest" assertions="4" time="0.006521"/>
    <testcase name="test_show_content_page_returns_404_for_nonexistent" file="D:\meem-commerce\tests\Feature\ContentPageSectionTypeApiTest.php" line="487" class="Tests\Feature\ContentPageSectionTypeApiTest" classname="Tests.Feature.ContentPageSectionTypeApiTest" assertions="1" time="0.004335"/>
    <testcase name="test_admin_can_create_content_page" file="D:\meem-commerce\tests\Feature\ContentPageSectionTypeApiTest.php" line="494" class="Tests\Feature\ContentPageSectionTypeApiTest" classname="Tests.Feature.ContentPageSectionTypeApiTest" assertions="3" time="0.014486"/>
    <testcase name="test_create_content_page_returns_422_for_invalid_title" file="D:\meem-commerce\tests\Feature\ContentPageSectionTypeApiTest.php" line="507" class="Tests\Feature\ContentPageSectionTypeApiTest" classname="Tests.Feature.ContentPageSectionTypeApiTest" assertions="1" time="0.014837"/>
    <testcase name="test_admin_can_update_content_page" file="D:\meem-commerce\tests\Feature\ContentPageSectionTypeApiTest.php" line="518" class="Tests\Feature\ContentPageSectionTypeApiTest" classname="Tests.Feature.ContentPageSectionTypeApiTest" assertions="3" time="0.006573"/>
    <testcase name="test_update_content_page_returns_404_for_nonexistent" file="D:\meem-commerce\tests\Feature\ContentPageSectionTypeApiTest.php" line="534" class="Tests\Feature\ContentPageSectionTypeApiTest" classname="Tests.Feature.ContentPageSectionTypeApiTest" assertions="1" time="0.005639"/>
    <testcase name="test_admin_can_toggle_active" file="D:\meem-commerce\tests\Feature\ContentPageSectionTypeApiTest.php" line="543" class="Tests\Feature\ContentPageSectionTypeApiTest" classname="Tests.Feature.ContentPageSectionTypeApiTest" assertions="3" time="0.006011"/>
    <testcase name="test_admin_can_delete_content_page" file="D:\meem-commerce\tests\Feature\ContentPageSectionTypeApiTest.php" line="556" class="Tests\Feature\ContentPageSectionTypeApiTest" classname="Tests.Feature.ContentPageSectionTypeApiTest" assertions="3" time="0.005681"/>
    <testcase name="test_delete_content_page_returns_404_for_nonexistent" file="D:\meem-commerce\tests\Feature\ContentPageSectionTypeApiTest.php" line="569" class="Tests\Feature\ContentPageSectionTypeApiTest" classname="Tests.Feature.ContentPageSectionTypeApiTest" assertions="1" time="0.004759"/>
    <testcase name="test_admin_can_attach_sections_to_content_page" file="D:\meem-commerce\tests\Feature\ContentPageSectionTypeApiTest.php" line="580" class="Tests\Feature\ContentPageSectionTypeApiTest" classname="Tests.Feature.ContentPageSectionTypeApiTest" assertions="4" time="0.008631"/>
    <testcase name="test_attach_sections_with_empty_array_detaches_all" file="D:\meem-commerce\tests\Feature\ContentPageSectionTypeApiTest.php" line="599" class="Tests\Feature\ContentPageSectionTypeApiTest" classname="Tests.Feature.ContentPageSectionTypeApiTest" assertions="3" time="0.007160"/>
    <testcase name="test_attach_sections_returns_422_for_invalid_section_ids" file="D:\meem-commerce\tests\Feature\ContentPageSectionTypeApiTest.php" line="617" class="Tests\Feature\ContentPageSectionTypeApiTest" classname="Tests.Feature.ContentPageSectionTypeApiTest" assertions="1" time="0.005487"/>
    <testcase name="test_authenticated_user_can_list_sections" file="D:\meem-commerce\tests\Feature\ContentPageSectionTypeApiTest.php" line="634" class="Tests\Feature\ContentPageSectionTypeApiTest" classname="Tests.Feature.ContentPageSectionTypeApiTest" assertions="2" time="0.006843"/>
    <testcase name="test_list_sections_returns_empty_when_none_exist" file="D:\meem-commerce\tests\Feature\ContentPageSectionTypeApiTest.php" line="647" class="Tests\Feature\ContentPageSectionTypeApiTest" classname="Tests.Feature.ContentPageSectionTypeApiTest" assertions="2" time="0.005705"/>
    <testcase name="test_authenticated_user_can_show_section" file="D:\meem-commerce\tests\Feature\ContentPageSectionTypeApiTest.php" line="657" class="Tests\Feature\ContentPageSectionTypeApiTest" classname="Tests.Feature.ContentPageSectionTypeApiTest" assertions="3" time="0.015133"/>
    <testcase name="test_show_section_returns_404_for_nonexistent" file="D:\meem-commerce\tests\Feature\ContentPageSectionTypeApiTest.php" line="670" class="Tests\Feature\ContentPageSectionTypeApiTest" classname="Tests.Feature.ContentPageSectionTypeApiTest" assertions="1" time="0.005761"/>
    <testcase name="test_admin_can_create_section" file="D:\meem-commerce\tests\Feature\ContentPageSectionTypeApiTest.php" line="677" class="Tests\Feature\ContentPageSectionTypeApiTest" classname="Tests.Feature.ContentPageSectionTypeApiTest" assertions="3" time="0.007024"/>
    <testcase name="test_create_section_returns_422_for_missing_type" file="D:\meem-commerce\tests\Feature\ContentPageSectionTypeApiTest.php" line="696" class="Tests\Feature\ContentPageSectionTypeApiTest" classname="Tests.Feature.ContentPageSectionTypeApiTest" assertions="1" time="0.006165"/>
    <testcase name="test_create_section_returns_422_for_invalid_type" file="D:\meem-commerce\tests\Feature\ContentPageSectionTypeApiTest.php" line="707" class="Tests\Feature\ContentPageSectionTypeApiTest" classname="Tests.Feature.ContentPageSectionTypeApiTest" assertions="1" time="0.005130"/>
    <testcase name="test_admin_can_update_section" file="D:\meem-commerce\tests\Feature\ContentPageSectionTypeApiTest.php" line="719" class="Tests\Feature\ContentPageSectionTypeApiTest" classname="Tests.Feature.ContentPageSectionTypeApiTest" assertions="3" time="0.006005"/>
    <testcase name="test_update_section_returns_404_for_nonexistent" file="D:\meem-commerce\tests\Feature\ContentPageSectionTypeApiTest.php" line="735" class="Tests\Feature\ContentPageSectionTypeApiTest" classname="Tests.Feature.ContentPageSectionTypeApiTest" assertions="1" time="0.003101"/>
    <testcase name="test_admin_can_toggle_section_status" file="D:\meem-commerce\tests\Feature\ContentPageSectionTypeApiTest.php" line="744" class="Tests\Feature\ContentPageSectionTypeApiTest" classname="Tests.Feature.ContentPageSectionTypeApiTest" assertions="3" time="0.005981"/>
    <testcase name="test_admin_can_delete_section" file="D:\meem-commerce\tests\Feature\ContentPageSectionTypeApiTest.php" line="757" class="Tests\Feature\ContentPageSectionTypeApiTest" classname="Tests.Feature.ContentPageSectionTypeApiTest" assertions="3" time="0.005706"/>
    <testcase name="test_delete_section_returns_404_for_nonexistent" file="D:\meem-commerce\tests\Feature\ContentPageSectionTypeApiTest.php" line="770" class="Tests\Feature\ContentPageSectionTypeApiTest" classname="Tests.Feature.ContentPageSectionTypeApiTest" assertions="1" time="0.002833"/>
    <testcase name="test_admin_can_reorder_sections" file="D:\meem-commerce\tests\Feature\ContentPageSectionTypeApiTest.php" line="781" class="Tests\Feature\ContentPageSectionTypeApiTest" classname="Tests.Feature.ContentPageSectionTypeApiTest" assertions="2" time="0.006636"/>
    <testcase name="test_reorder_returns_422_for_missing_sections" file="D:\meem-commerce\tests\Feature\ContentPageSectionTypeApiTest.php" line="796" class="Tests\Feature\ContentPageSectionTypeApiTest" classname="Tests.Feature.ContentPageSectionTypeApiTest" assertions="1" time="0.004599"/>
    <testcase name="test_reorder_returns_422_for_invalid_section_ids" file="D:\meem-commerce\tests\Feature\ContentPageSectionTypeApiTest.php" line="805" class="Tests\Feature\ContentPageSectionTypeApiTest" classname="Tests.Feature.ContentPageSectionTypeApiTest" assertions="1" time="0.004868"/>
    <testcase name="test_authenticated_user_can_list_section_types" file="D:\meem-commerce\tests\Feature\ContentPageSectionTypeApiTest.php" line="820" class="Tests\Feature\ContentPageSectionTypeApiTest" classname="Tests.Feature.ContentPageSectionTypeApiTest" assertions="2" time="0.012735"/>
    <testcase name="test_admin_can_create_section_type" file="D:\meem-commerce\tests\Feature\ContentPageSectionTypeApiTest.php" line="833" class="Tests\Feature\ContentPageSectionTypeApiTest" classname="Tests.Feature.ContentPageSectionTypeApiTest" assertions="3" time="0.005442"/>
    <testcase name="test_create_section_type_returns_422_for_empty_type" file="D:\meem-commerce\tests\Feature\ContentPageSectionTypeApiTest.php" line="846" class="Tests\Feature\ContentPageSectionTypeApiTest" classname="Tests.Feature.ContentPageSectionTypeApiTest" assertions="1" time="0.007339"/>
    <testcase name="test_create_section_type_returns_422_for_duplicate_type" file="D:\meem-commerce\tests\Feature\ContentPageSectionTypeApiTest.php" line="853" class="Tests\Feature\ContentPageSectionTypeApiTest" classname="Tests.Feature.ContentPageSectionTypeApiTest" assertions="1" time="0.005500"/>
    <testcase name="test_authenticated_user_can_show_section_type" file="D:\meem-commerce\tests\Feature\ContentPageSectionTypeApiTest.php" line="866" class="Tests\Feature\ContentPageSectionTypeApiTest" classname="Tests.Feature.ContentPageSectionTypeApiTest" assertions="2" time="0.006319"/>
    <testcase name="test_admin_can_update_section_type" file="D:\meem-commerce\tests\Feature\ContentPageSectionTypeApiTest.php" line="878" class="Tests\Feature\ContentPageSectionTypeApiTest" classname="Tests.Feature.ContentPageSectionTypeApiTest" assertions="4" time="0.005611"/>
    <testcase name="test_admin_can_delete_section_type" file="D:\meem-commerce\tests\Feature\ContentPageSectionTypeApiTest.php" line="894" class="Tests\Feature\ContentPageSectionTypeApiTest" classname="Tests.Feature.ContentPageSectionTypeApiTest" assertions="3" time="0.006056"/>
    <testcase name="test_authenticated_user_can_get_type_settings" file="D:\meem-commerce\tests\Feature\ContentPageSectionTypeApiTest.php" line="911" class="Tests\Feature\ContentPageSectionTypeApiTest" classname="Tests.Feature.ContentPageSectionTypeApiTest" assertions="2" time="0.006907"/>
    <testcase name="test_admin_can_update_type_settings" file="D:\meem-commerce\tests\Feature\ContentPageSectionTypeApiTest.php" line="928" class="Tests\Feature\ContentPageSectionTypeApiTest" classname="Tests.Feature.ContentPageSectionTypeApiTest" assertions="4" time="0.007898"/>
    <testcase name="test_update_settings_returns_404_for_nonexistent_type" file="D:\meem-commerce\tests\Feature\ContentPageSectionTypeApiTest.php" line="952" class="Tests\Feature\ContentPageSectionTypeApiTest" classname="Tests.Feature.ContentPageSectionTypeApiTest" assertions="1" time="0.014979"/>
    <testcase name="test_content_page_title_is_translatable" file="D:\meem-commerce\tests\Feature\ContentPageSectionTypeApiTest.php" line="967" class="Tests\Feature\ContentPageSectionTypeApiTest" classname="Tests.Feature.ContentPageSectionTypeApiTest" assertions="3" time="0.012886"/>
    <testcase name="test_section_title_is_translatable" file="D:\meem-commerce\tests\Feature\ContentPageSectionTypeApiTest.php" line="983" class="Tests\Feature\ContentPageSectionTypeApiTest" classname="Tests.Feature.ContentPageSectionTypeApiTest" assertions="3" time="0.013348"/>
    <testcase name="test_content_page_resource_structure" file="D:\meem-commerce\tests\Feature\ContentPageSectionTypeApiTest.php" line="1006" class="Tests\Feature\ContentPageSectionTypeApiTest" classname="Tests.Feature.ContentPageSectionTypeApiTest" assertions="9" time="0.007649"/>
    <testcase name="test_section_resource_structure" file="D:\meem-commerce\tests\Feature\ContentPageSectionTypeApiTest.php" line="1021" class="Tests\Feature\ContentPageSectionTypeApiTest" classname="Tests.Feature.ContentPageSectionTypeApiTest" assertions="11" time="0.006362"/>
    <testcase name="test_content_page_mass_assignment_protection" file="D:\meem-commerce\tests\Feature\ContentPageSectionTypeApiTest.php" line="1040" class="Tests\Feature\ContentPageSectionTypeApiTest" classname="Tests.Feature.ContentPageSectionTypeApiTest" assertions="2" time="0.013267"/>
    <testcase name="test_section_type_mass_assignment_protection" file="D:\meem-commerce\tests\Feature\ContentPageSectionTypeApiTest.php" line="1053" class="Tests\Feature\ContentPageSectionTypeApiTest" classname="Tests.Feature.ContentPageSectionTypeApiTest" assertions="2" time="0.007656"/>
  </testsuite>
</testsuites>
