<?xml version="1.0" encoding="UTF-8"?>
<testsuites>
  <testsuite name="Tests\Feature\NotificationTest" file="D:\meem-commerce\tests\Feature\NotificationTest.php" tests="38" assertions="180" errors="0" failures="0" skipped="0" time="1.094946">
    <testcase name="test_unauthenticated_user_cannot_access_notifications" file="D:\meem-commerce\tests\Feature\NotificationTest.php" line="273" class="Tests\Feature\NotificationTest" classname="Tests.Feature.NotificationTest" assertions="1" time="0.034931"/>
    <testcase name="test_unauthenticated_user_cannot_access_unread" file="D:\meem-commerce\tests\Feature\NotificationTest.php" line="279" class="Tests\Feature\NotificationTest" classname="Tests.Feature.NotificationTest" assertions="1" time="0.003506"/>
    <testcase name="test_unauthenticated_user_cannot_mark_as_read" file="D:\meem-commerce\tests\Feature\NotificationTest.php" line="285" class="Tests\Feature\NotificationTest" classname="Tests.Feature.NotificationTest" assertions="1" time="0.002234"/>
    <testcase name="test_unauthenticated_user_cannot_mark_all_as_read" file="D:\meem-commerce\tests\Feature\NotificationTest.php" line="291" class="Tests\Feature\NotificationTest" classname="Tests.Feature.NotificationTest" assertions="1" time="0.001986"/>
    <testcase name="test_unauthenticated_user_cannot_delete_notification" file="D:\meem-commerce\tests\Feature\NotificationTest.php" line="297" class="Tests\Feature\NotificationTest" classname="Tests.Feature.NotificationTest" assertions="1" time="0.002285"/>
    <testcase name="test_unauthenticated_user_cannot_delete_all_notifications" file="D:\meem-commerce\tests\Feature\NotificationTest.php" line="303" class="Tests\Feature\NotificationTest" classname="Tests.Feature.NotificationTest" assertions="1" time="0.002102"/>
    <testcase name="test_non_admin_cannot_access_notifications" file="D:\meem-commerce\tests\Feature\NotificationTest.php" line="311" class="Tests\Feature\NotificationTest" classname="Tests.Feature.NotificationTest" assertions="1" time="0.032220"/>
    <testcase name="test_non_admin_cannot_mark_as_read" file="D:\meem-commerce\tests\Feature\NotificationTest.php" line="320" class="Tests\Feature\NotificationTest" classname="Tests.Feature.NotificationTest" assertions="1" time="0.004431"/>
    <testcase name="test_non_admin_cannot_delete" file="D:\meem-commerce\tests\Feature\NotificationTest.php" line="329" class="Tests\Feature\NotificationTest" classname="Tests.Feature.NotificationTest" assertions="1" time="0.004683"/>
    <testcase name="test_admin_without_view_permission_cannot_fetch_notifications" file="D:\meem-commerce\tests\Feature\NotificationTest.php" line="340" class="Tests\Feature\NotificationTest" classname="Tests.Feature.NotificationTest" assertions="1" time="0.006432"/>
    <testcase name="test_admin_with_view_only_cannot_mark_as_read" file="D:\meem-commerce\tests\Feature\NotificationTest.php" line="357" class="Tests\Feature\NotificationTest" classname="Tests.Feature.NotificationTest" assertions="1" time="0.023802"/>
    <testcase name="test_admin_with_view_only_cannot_delete" file="D:\meem-commerce\tests\Feature\NotificationTest.php" line="367" class="Tests\Feature\NotificationTest" classname="Tests.Feature.NotificationTest" assertions="1" time="0.006685"/>
    <testcase name="test_admin_with_view_only_cannot_mark_all_as_read" file="D:\meem-commerce\tests\Feature\NotificationTest.php" line="377" class="Tests\Feature\NotificationTest" classname="Tests.Feature.NotificationTest" assertions="1" time="0.006568"/>
    <testcase name="test_admin_with_view_only_cannot_delete_all" file="D:\meem-commerce\tests\Feature\NotificationTest.php" line="386" class="Tests\Feature\NotificationTest" classname="Tests.Feature.NotificationTest" assertions="1" time="0.005934"/>
    <testcase name="test_admin_can_fetch_notifications" file="D:\meem-commerce\tests\Feature\NotificationTest.php" line="397" class="Tests\Feature\NotificationTest" classname="Tests.Feature.NotificationTest" assertions="36" time="0.031929"/>
    <testcase name="test_fetch_notifications_returns_empty_when_no_notifications" file="D:\meem-commerce\tests\Feature\NotificationTest.php" line="423" class="Tests\Feature\NotificationTest" classname="Tests.Feature.NotificationTest" assertions="4" time="0.018549"/>
    <testcase name="test_fetch_notifications_only_returns_own_notifications" file="D:\meem-commerce\tests\Feature\NotificationTest.php" line="436" class="Tests\Feature\NotificationTest" classname="Tests.Feature.NotificationTest" assertions="2" time="0.018001"/>
    <testcase name="test_fetch_notifications_supports_pagination" file="D:\meem-commerce\tests\Feature\NotificationTest.php" line="454" class="Tests\Feature\NotificationTest" classname="Tests.Feature.NotificationTest" assertions="5" time="0.020233"/>
    <testcase name="test_admin_can_fetch_unread_notifications" file="D:\meem-commerce\tests\Feature\NotificationTest.php" line="474" class="Tests\Feature\NotificationTest" classname="Tests.Feature.NotificationTest" assertions="3" time="0.018489"/>
    <testcase name="test_fetch_unread_returns_empty_when_all_read" file="D:\meem-commerce\tests\Feature\NotificationTest.php" line="490" class="Tests\Feature\NotificationTest" classname="Tests.Feature.NotificationTest" assertions="3" time="0.016173"/>
    <testcase name="test_admin_can_mark_notification_as_read" file="D:\meem-commerce\tests\Feature\NotificationTest.php" line="507" class="Tests\Feature\NotificationTest" classname="Tests.Feature.NotificationTest" assertions="5" time="0.015729"/>
    <testcase name="test_mark_as_read_is_idempotent" file="D:\meem-commerce\tests\Feature\NotificationTest.php" line="523" class="Tests\Feature\NotificationTest" classname="Tests.Feature.NotificationTest" assertions="2" time="0.014088"/>
    <testcase name="test_mark_as_read_returns_404_for_nonexistent_notification" file="D:\meem-commerce\tests\Feature\NotificationTest.php" line="536" class="Tests\Feature\NotificationTest" classname="Tests.Feature.NotificationTest" assertions="1" time="0.013441"/>
    <testcase name="test_admin_can_mark_all_notifications_as_read" file="D:\meem-commerce\tests\Feature\NotificationTest.php" line="548" class="Tests\Feature\NotificationTest" classname="Tests.Feature.NotificationTest" assertions="4" time="0.014436"/>
    <testcase name="test_mark_all_as_read_when_none_unread" file="D:\meem-commerce\tests\Feature\NotificationTest.php" line="567" class="Tests\Feature\NotificationTest" classname="Tests.Feature.NotificationTest" assertions="2" time="0.014902"/>
    <testcase name="test_admin_can_delete_single_notification" file="D:\meem-commerce\tests\Feature\NotificationTest.php" line="582" class="Tests\Feature\NotificationTest" classname="Tests.Feature.NotificationTest" assertions="3" time="0.014012"/>
    <testcase name="test_delete_returns_404_for_nonexistent_notification" file="D:\meem-commerce\tests\Feature\NotificationTest.php" line="597" class="Tests\Feature\NotificationTest" classname="Tests.Feature.NotificationTest" assertions="1" time="0.013288"/>
    <testcase name="test_admin_can_delete_all_notifications" file="D:\meem-commerce\tests\Feature\NotificationTest.php" line="609" class="Tests\Feature\NotificationTest" classname="Tests.Feature.NotificationTest" assertions="4" time="0.014305"/>
    <testcase name="test_delete_all_when_no_notifications" file="D:\meem-commerce\tests\Feature\NotificationTest.php" line="627" class="Tests\Feature\NotificationTest" classname="Tests.Feature.NotificationTest" assertions="2" time="0.014979"/>
    <testcase name="test_delete_all_only_deletes_own_notifications" file="D:\meem-commerce\tests\Feature\NotificationTest.php" line="638" class="Tests\Feature\NotificationTest" classname="Tests.Feature.NotificationTest" assertions="4" time="0.016857"/>
    <testcase name="test_order_created_event_creates_notification_for_admins" file="D:\meem-commerce\tests\Feature\NotificationTest.php" line="662" class="Tests\Feature\NotificationTest" classname="Tests.Feature.NotificationTest" assertions="5" time="0.225597"/>
    <testcase name="test_contact_message_event_creates_notification_for_admins" file="D:\meem-commerce\tests\Feature\NotificationTest.php" line="683" class="Tests\Feature\NotificationTest" classname="Tests.Feature.NotificationTest" assertions="5" time="0.162642"/>
    <testcase name="test_admin_login_event_creates_notification_for_admins" file="D:\meem-commerce\tests\Feature\NotificationTest.php" line="704" class="Tests\Feature\NotificationTest" classname="Tests.Feature.NotificationTest" assertions="5" time="0.225397"/>
    <testcase name="test_notification_response_structure" file="D:\meem-commerce\tests\Feature\NotificationTest.php" line="720" class="Tests\Feature\NotificationTest" classname="Tests.Feature.NotificationTest" assertions="24" time="0.016026"/>
    <testcase name="test_unread_response_structure" file="D:\meem-commerce\tests\Feature\NotificationTest.php" line="761" class="Tests\Feature\NotificationTest" classname="Tests.Feature.NotificationTest" assertions="19" time="0.016313"/>
    <testcase name="test_mark_as_read_response_structure" file="D:\meem-commerce\tests\Feature\NotificationTest.php" line="797" class="Tests\Feature\NotificationTest" classname="Tests.Feature.NotificationTest" assertions="15" time="0.014413"/>
    <testcase name="test_mark_all_as_read_response_structure" file="D:\meem-commerce\tests\Feature\NotificationTest.php" line="826" class="Tests\Feature\NotificationTest" classname="Tests.Feature.NotificationTest" assertions="6" time="0.013912"/>
    <testcase name="test_delete_all_response_structure" file="D:\meem-commerce\tests\Feature\NotificationTest.php" line="846" class="Tests\Feature\NotificationTest" classname="Tests.Feature.NotificationTest" assertions="6" time="0.013438"/>
  </testsuite>
</testsuites>
