<?xml version="1.0" encoding="UTF-8"?>
<testsuites>
  <testsuite name="Tests\Feature\PaymentProductionHardenTest" file="D:\meem-commerce\tests\Feature\PaymentProductionHardenTest.php" tests="35" assertions="105" errors="0" failures="0" skipped="0" time="3.903243">
    <testcase name="callback_success_completes_order" file="D:\meem-commerce\tests\Feature\PaymentProductionHardenTest.php" line="608" class="Tests\Feature\PaymentProductionHardenTest" classname="Tests.Feature.PaymentProductionHardenTest" assertions="5" time="0.211405"/>
    <testcase name="callback_failure_does_not_cancel_order" file="D:\meem-commerce\tests\Feature\PaymentProductionHardenTest.php" line="650" class="Tests\Feature\PaymentProductionHardenTest" classname="Tests.Feature.PaymentProductionHardenTest" assertions="4" time="0.009290"/>
    <testcase name="callback_amount_mismatch_does_not_cancel_order" file="D:\meem-commerce\tests\Feature\PaymentProductionHardenTest.php" line="686" class="Tests\Feature\PaymentProductionHardenTest" classname="Tests.Feature.PaymentProductionHardenTest" assertions="3" time="0.004674"/>
    <testcase name="callback_duplicate_is_idempotent" file="D:\meem-commerce\tests\Feature\PaymentProductionHardenTest.php" line="724" class="Tests\Feature\PaymentProductionHardenTest" classname="Tests.Feature.PaymentProductionHardenTest" assertions="4" time="0.250182"/>
    <testcase name="error_callback_does_not_cancel_order" file="D:\meem-commerce\tests\Feature\PaymentProductionHardenTest.php" line="762" class="Tests\Feature\PaymentProductionHardenTest" classname="Tests.Feature.PaymentProductionHardenTest" assertions="4" time="0.006283"/>
    <testcase name="transaction_cannot_transition_from_paid_to_pending" file="D:\meem-commerce\tests\Feature\PaymentProductionHardenTest.php" line="801" class="Tests\Feature\PaymentProductionHardenTest" classname="Tests.Feature.PaymentProductionHardenTest" assertions="1" time="0.001872"/>
    <testcase name="transaction_cannot_transition_from_paid_to_failed" file="D:\meem-commerce\tests\Feature\PaymentProductionHardenTest.php" line="813" class="Tests\Feature\PaymentProductionHardenTest" classname="Tests.Feature.PaymentProductionHardenTest" assertions="1" time="0.001905"/>
    <testcase name="transaction_cannot_transition_from_failed_to_paid" file="D:\meem-commerce\tests\Feature\PaymentProductionHardenTest.php" line="824" class="Tests\Feature\PaymentProductionHardenTest" classname="Tests.Feature.PaymentProductionHardenTest" assertions="1" time="0.002292"/>
    <testcase name="order_listing_has_no_n_plus_one" file="D:\meem-commerce\tests\Feature\PaymentProductionHardenTest.php" line="835" class="Tests\Feature\PaymentProductionHardenTest" classname="Tests.Feature.PaymentProductionHardenTest" assertions="1" time="0.019477"/>
    <testcase name="checkout_process_has_reasonable_query_count" file="D:\meem-commerce\tests\Feature\PaymentProductionHardenTest.php" line="854" class="Tests\Feature\PaymentProductionHardenTest" classname="Tests.Feature.PaymentProductionHardenTest" assertions="1" time="0.201731"/>
    <testcase name="checkout_with_deleted_product_returns_error" file="D:\meem-commerce\tests\Feature\PaymentProductionHardenTest.php" line="879" class="Tests\Feature\PaymentProductionHardenTest" classname="Tests.Feature.PaymentProductionHardenTest" assertions="1" time="0.017656"/>
    <testcase name="mark_paid_endpoint_returns_404_for_nonexistent_order" file="D:\meem-commerce\tests\Feature\PaymentProductionHardenTest.php" line="900" class="Tests\Feature\PaymentProductionHardenTest" classname="Tests.Feature.PaymentProductionHardenTest" assertions="1" time="0.007484"/>
    <testcase name="cancel_unpaid_orders_fires_order_cancelled_event" file="D:\meem-commerce\tests\Feature\PaymentProductionHardenTest.php" line="910" class="Tests\Feature\PaymentProductionHardenTest" classname="Tests.Feature.PaymentProductionHardenTest" assertions="5" time="0.138668"/>
    <testcase name="cancel_unpaid_orders_restores_finalized_stock" file="D:\meem-commerce\tests\Feature\PaymentProductionHardenTest.php" line="934" class="Tests\Feature\PaymentProductionHardenTest" classname="Tests.Feature.PaymentProductionHardenTest" assertions="5" time="0.241732"/>
    <testcase name="checkout_cod_response_has_correct_structure" file="D:\meem-commerce\tests\Feature\PaymentProductionHardenTest.php" line="973" class="Tests\Feature\PaymentProductionHardenTest" classname="Tests.Feature.PaymentProductionHardenTest" assertions="5" time="0.190557"/>
    <testcase name="mark_paid_response_has_correct_structure" file="D:\meem-commerce\tests\Feature\PaymentProductionHardenTest.php" line="997" class="Tests\Feature\PaymentProductionHardenTest" classname="Tests.Feature.PaymentProductionHardenTest" assertions="3" time="0.073512"/>
    <testcase name="validation_error_response_has_correct_structure" file="D:\meem-commerce\tests\Feature\PaymentProductionHardenTest.php" line="1014" class="Tests\Feature\PaymentProductionHardenTest" classname="Tests.Feature.PaymentProductionHardenTest" assertions="2" time="0.007074"/>
    <testcase name="unauthenticated_error_response_has_correct_structure" file="D:\meem-commerce\tests\Feature\PaymentProductionHardenTest.php" line="1031" class="Tests\Feature\PaymentProductionHardenTest" classname="Tests.Feature.PaymentProductionHardenTest" assertions="1" time="0.002150"/>
    <testcase name="checkout_rejects_missing_phone" file="D:\meem-commerce\tests\Feature\PaymentProductionHardenTest.php" line="1045" class="Tests\Feature\PaymentProductionHardenTest" classname="Tests.Feature.PaymentProductionHardenTest" assertions="1" time="0.005223"/>
    <testcase name="checkout_rejects_missing_address" file="D:\meem-commerce\tests\Feature\PaymentProductionHardenTest.php" line="1063" class="Tests\Feature\PaymentProductionHardenTest" classname="Tests.Feature.PaymentProductionHardenTest" assertions="1" time="0.004825"/>
    <testcase name="mark_cod_as_paid_dispatches_only_payment_succeeded" file="D:\meem-commerce\tests\Feature\PaymentProductionHardenTest.php" line="1085" class="Tests\Feature\PaymentProductionHardenTest" classname="Tests.Feature.PaymentProductionHardenTest" assertions="3" time="0.071189"/>
    <testcase name="cancel_unpaid_dispatches_both_cancelled_and_failed" file="D:\meem-commerce\tests\Feature\PaymentProductionHardenTest.php" line="1100" class="Tests\Feature\PaymentProductionHardenTest" classname="Tests.Feature.PaymentProductionHardenTest" assertions="3" time="0.009414"/>
    <testcase name="completed_order_cannot_be_cancelled" file="D:\meem-commerce\tests\Feature\PaymentProductionHardenTest.php" line="1123" class="Tests\Feature\PaymentProductionHardenTest" classname="Tests.Feature.PaymentProductionHardenTest" assertions="2" time="0.003604"/>
    <testcase name="delivered_order_cannot_return_pending" file="D:\meem-commerce\tests\Feature\PaymentProductionHardenTest.php" line="1134" class="Tests\Feature\PaymentProductionHardenTest" classname="Tests.Feature.PaymentProductionHardenTest" assertions="2" time="0.002308"/>
    <testcase name="cancelled_order_cannot_be_completed" file="D:\meem-commerce\tests\Feature\PaymentProductionHardenTest.php" line="1147" class="Tests\Feature\PaymentProductionHardenTest" classname="Tests.Feature.PaymentProductionHardenTest" assertions="2" time="0.002569"/>
    <testcase name="valid_order_transition_succeeds" file="D:\meem-commerce\tests\Feature\PaymentProductionHardenTest.php" line="1160" class="Tests\Feature\PaymentProductionHardenTest" classname="Tests.Feature.PaymentProductionHardenTest" assertions="3" time="0.221585"/>
    <testcase name="callback_still_completes_pending_orders" file="D:\meem-commerce\tests\Feature\PaymentProductionHardenTest.php" line="1172" class="Tests\Feature\PaymentProductionHardenTest" classname="Tests.Feature.PaymentProductionHardenTest" assertions="3" time="0.069751"/>
    <testcase name="cancel_callback_does_not_cancel_pending_orders" file="D:\meem-commerce\tests\Feature\PaymentProductionHardenTest.php" line="1207" class="Tests\Feature\PaymentProductionHardenTest" classname="Tests.Feature.PaymentProductionHardenTest" assertions="4" time="0.004890"/>
    <testcase name="assigned_coupon_usage_not_incremented_twice_on_duplicate_callback" file="D:\meem-commerce\tests\Feature\PaymentProductionHardenTest.php" line="1245" class="Tests\Feature\PaymentProductionHardenTest" classname="Tests.Feature.PaymentProductionHardenTest" assertions="5" time="0.414650"/>
    <testcase name="concurrent_assigned_coupon_consumption_is_safe" file="D:\meem-commerce\tests\Feature\PaymentProductionHardenTest.php" line="1323" class="Tests\Feature\PaymentProductionHardenTest" classname="Tests.Feature.PaymentProductionHardenTest" assertions="3" time="0.847125"/>
    <testcase name="callback_duplicate_does_not_dispatch_events_twice" file="D:\meem-commerce\tests\Feature\PaymentProductionHardenTest.php" line="1395" class="Tests\Feature\PaymentProductionHardenTest" classname="Tests.Feature.PaymentProductionHardenTest" assertions="6" time="0.074090"/>
    <testcase name="callback_duplicate_does_not_double_deduct_inventory" file="D:\meem-commerce\tests\Feature\PaymentProductionHardenTest.php" line="1432" class="Tests\Feature\PaymentProductionHardenTest" classname="Tests.Feature.PaymentProductionHardenTest" assertions="5" time="0.227368"/>
    <testcase name="callback_duplicate_does_not_double_increment_promotion" file="D:\meem-commerce\tests\Feature\PaymentProductionHardenTest.php" line="1503" class="Tests\Feature\PaymentProductionHardenTest" classname="Tests.Feature.PaymentProductionHardenTest" assertions="3" time="0.320276"/>
    <testcase name="callback_transaction_rolls_back_on_failure" file="D:\meem-commerce\tests\Feature\PaymentProductionHardenTest.php" line="1573" class="Tests\Feature\PaymentProductionHardenTest" classname="Tests.Feature.PaymentProductionHardenTest" assertions="8" time="0.011245"/>
    <testcase name="callback_duplicate_error_is_idempotent" file="D:\meem-commerce\tests\Feature\PaymentProductionHardenTest.php" line="1648" class="Tests\Feature\PaymentProductionHardenTest" classname="Tests.Feature.PaymentProductionHardenTest" assertions="3" time="0.225185"/>
  </testsuite>
</testsuites>
