<?xml version="1.0" encoding="UTF-8"?>
<testsuites>
  <testsuite name="Tests\Feature\Categories\CategoryAuthorizationTest" file="D:\meem-commerce\tests\Feature\Categories\CategoryAuthorizationTest.php" tests="11" assertions="13" errors="0" failures="0" skipped="0" time="0.158901">
    <testcase name="test_user_with_view_only_can_index_and_show" file="D:\meem-commerce\tests\Feature\Categories\CategoryAuthorizationTest.php" line="39" class="Tests\Feature\Categories\CategoryAuthorizationTest" classname="Tests.Feature.Categories.CategoryAuthorizationTest" assertions="2" time="0.066111"/>
    <testcase name="test_user_with_view_only_cannot_create" file="D:\meem-commerce\tests\Feature\Categories\CategoryAuthorizationTest.php" line="48" class="Tests\Feature\Categories\CategoryAuthorizationTest" classname="Tests.Feature.Categories.CategoryAuthorizationTest" assertions="1" time="0.009079"/>
    <testcase name="test_user_with_view_only_cannot_update" file="D:\meem-commerce\tests\Feature\Categories\CategoryAuthorizationTest.php" line="59" class="Tests\Feature\Categories\CategoryAuthorizationTest" classname="Tests.Feature.Categories.CategoryAuthorizationTest" assertions="1" time="0.007532"/>
    <testcase name="test_user_with_view_only_cannot_delete" file="D:\meem-commerce\tests\Feature\Categories\CategoryAuthorizationTest.php" line="70" class="Tests\Feature\Categories\CategoryAuthorizationTest" classname="Tests.Feature.Categories.CategoryAuthorizationTest" assertions="1" time="0.006263"/>
    <testcase name="test_user_with_view_only_cannot_toggle_featured" file="D:\meem-commerce\tests\Feature\Categories\CategoryAuthorizationTest.php" line="79" class="Tests\Feature\Categories\CategoryAuthorizationTest" classname="Tests.Feature.Categories.CategoryAuthorizationTest" assertions="1" time="0.006954"/>
    <testcase name="test_user_with_create_only_can_create" file="D:\meem-commerce\tests\Feature\Categories\CategoryAuthorizationTest.php" line="90" class="Tests\Feature\Categories\CategoryAuthorizationTest" classname="Tests.Feature.Categories.CategoryAuthorizationTest" assertions="1" time="0.015326"/>
    <testcase name="test_user_with_create_only_cannot_index" file="D:\meem-commerce\tests\Feature\Categories\CategoryAuthorizationTest.php" line="102" class="Tests\Feature\Categories\CategoryAuthorizationTest" classname="Tests.Feature.Categories.CategoryAuthorizationTest" assertions="1" time="0.007117"/>
    <testcase name="test_user_with_update_only_can_update" file="D:\meem-commerce\tests\Feature\Categories\CategoryAuthorizationTest.php" line="110" class="Tests\Feature\Categories\CategoryAuthorizationTest" classname="Tests.Feature.Categories.CategoryAuthorizationTest" assertions="1" time="0.014909"/>
    <testcase name="test_user_with_update_only_cannot_delete" file="D:\meem-commerce\tests\Feature\Categories\CategoryAuthorizationTest.php" line="121" class="Tests\Feature\Categories\CategoryAuthorizationTest" classname="Tests.Feature.Categories.CategoryAuthorizationTest" assertions="1" time="0.006526"/>
    <testcase name="test_user_with_delete_only_can_delete" file="D:\meem-commerce\tests\Feature\Categories\CategoryAuthorizationTest.php" line="129" class="Tests\Feature\Categories\CategoryAuthorizationTest" classname="Tests.Feature.Categories.CategoryAuthorizationTest" assertions="1" time="0.009492"/>
    <testcase name="test_user_with_no_category_permissions_gets_forbidden" file="D:\meem-commerce\tests\Feature\Categories\CategoryAuthorizationTest.php" line="137" class="Tests\Feature\Categories\CategoryAuthorizationTest" classname="Tests.Feature.Categories.CategoryAuthorizationTest" assertions="2" time="0.009593"/>
  </testsuite>
</testsuites>
