<?xml version="1.0" encoding="UTF-8"?>
<testsuites>
  <testsuite name="Tests\Feature\Categories\CategoryValidationTest" file="D:\meem-commerce\tests\Feature\Categories\CategoryValidationTest.php" tests="4" assertions="4" errors="0" failures="0" skipped="0" time="0.091621">
    <testcase name="test_create_returns_422_without_name" file="D:\meem-commerce\tests\Feature\Categories\CategoryValidationTest.php" line="36" class="Tests\Feature\Categories\CategoryValidationTest" classname="Tests.Feature.Categories.CategoryValidationTest" assertions="1" time="0.047814"/>
    <testcase name="test_update_accepts_partial_data" file="D:\meem-commerce\tests\Feature\Categories\CategoryValidationTest.php" line="45" class="Tests\Feature\Categories\CategoryValidationTest" classname="Tests.Feature.Categories.CategoryValidationTest" assertions="1" time="0.025506"/>
    <testcase name="test_update_rejects_invalid_parent_id" file="D:\meem-commerce\tests\Feature\Categories\CategoryValidationTest.php" line="61" class="Tests\Feature\Categories\CategoryValidationTest" classname="Tests.Feature.Categories.CategoryValidationTest" assertions="1" time="0.008943"/>
    <testcase name="test_update_rejects_non_array_name" file="D:\meem-commerce\tests\Feature\Categories\CategoryValidationTest.php" line="77" class="Tests\Feature\Categories\CategoryValidationTest" classname="Tests.Feature.Categories.CategoryValidationTest" assertions="1" time="0.009358"/>
  </testsuite>
</testsuites>
