<?xml version="1.0" encoding="UTF-8"?>
<testsuites>
  <testsuite name="Tests\Feature\Currency\CurrencyConversionTest" file="D:\meem-commerce\tests\Feature\Currency\CurrencyConversionTest.php" tests="11" assertions="21" errors="0" failures="0" skipped="0" time="0.054905">
    <testcase name="same_currency_conversion_is_identity" file="D:\meem-commerce\tests\Feature\Currency\CurrencyConversionTest.php" line="20" class="Tests\Feature\Currency\CurrencyConversionTest" classname="Tests.Feature.Currency.CurrencyConversionTest" assertions="5" time="0.011611"/>
    <testcase name="identity_conversion_does_not_query_database" file="D:\meem-commerce\tests\Feature\Currency\CurrencyConversionTest.php" line="34" class="Tests\Feature\Currency\CurrencyConversionTest" classname="Tests.Feature.Currency.CurrencyConversionTest" assertions="2" time="0.004220"/>
    <testcase name="usd_to_kwd_uses_exchange_rate" file="D:\meem-commerce\tests\Feature\Currency\CurrencyConversionTest.php" line="50" class="Tests\Feature\Currency\CurrencyConversionTest" classname="Tests.Feature.Currency.CurrencyConversionTest" assertions="4" time="0.006033"/>
    <testcase name="kwd_to_usd_reverses_the_conversion" file="D:\meem-commerce\tests\Feature\Currency\CurrencyConversionTest.php" line="63" class="Tests\Feature\Currency\CurrencyConversionTest" classname="Tests.Feature.Currency.CurrencyConversionTest" assertions="2" time="0.003254"/>
    <testcase name="cross_currency_conversion_works_sar_to_kwd" file="D:\meem-commerce\tests\Feature\Currency\CurrencyConversionTest.php" line="74" class="Tests\Feature\Currency\CurrencyConversionTest" classname="Tests.Feature.Currency.CurrencyConversionTest" assertions="1" time="0.004089"/>
    <testcase name="historical_rate_is_used_for_a_past_date" file="D:\meem-commerce\tests\Feature\Currency\CurrencyConversionTest.php" line="84" class="Tests\Feature\Currency\CurrencyConversionTest" classname="Tests.Feature.Currency.CurrencyConversionTest" assertions="2" time="0.004782"/>
    <testcase name="latest_rate_before_the_date_wins" file="D:\meem-commerce\tests\Feature\Currency\CurrencyConversionTest.php" line="99" class="Tests\Feature\Currency\CurrencyConversionTest" classname="Tests.Feature.Currency.CurrencyConversionTest" assertions="1" time="0.004330"/>
    <testcase name="missing_target_rate_throws" file="D:\meem-commerce\tests\Feature\Currency\CurrencyConversionTest.php" line="114" class="Tests\Feature\Currency\CurrencyConversionTest" classname="Tests.Feature.Currency.CurrencyConversionTest" assertions="1" time="0.004945"/>
    <testcase name="missing_source_rate_throws" file="D:\meem-commerce\tests\Feature\Currency\CurrencyConversionTest.php" line="125" class="Tests\Feature\Currency\CurrencyConversionTest" classname="Tests.Feature.Currency.CurrencyConversionTest" assertions="1" time="0.003776"/>
    <testcase name="convert_price_rounds_to_two_decimals" file="D:\meem-commerce\tests\Feature\Currency\CurrencyConversionTest.php" line="136" class="Tests\Feature\Currency\CurrencyConversionTest" classname="Tests.Feature.Currency.CurrencyConversionTest" assertions="1" time="0.004512"/>
    <testcase name="bcmath_arithmetic_is_precise_for_large_amounts" file="D:\meem-commerce\tests\Feature\Currency\CurrencyConversionTest.php" line="146" class="Tests\Feature\Currency\CurrencyConversionTest" classname="Tests.Feature.Currency.CurrencyConversionTest" assertions="1" time="0.003353"/>
  </testsuite>
</testsuites>
