<?xml version="1.0" encoding="UTF-8"?>
<testsuites>
  <testsuite name="Tests\Feature\Digital\DigitalClosureBatteryTest" file="D:\meem-commerce\tests\Feature\Digital\DigitalClosureBatteryTest.php" tests="10" assertions="171" errors="0" failures="0" skipped="0" time="0.792565">
    <testcase name="test_neg_traversal_filename_is_sanitized_metadata_only" file="D:\meem-commerce\tests\Feature\Digital\DigitalClosureBatteryTest.php" line="95" class="Tests\Feature\Digital\DigitalClosureBatteryTest" classname="Tests.Feature.Digital.DigitalClosureBatteryTest" assertions="4" time="0.079646"/>
    <testcase name="test_neg_oversize_upload_rejected_http_boundary" file="D:\meem-commerce\tests\Feature\Digital\DigitalClosureBatteryTest.php" line="110" class="Tests\Feature\Digital\DigitalClosureBatteryTest" classname="Tests.Feature.Digital.DigitalClosureBatteryTest" assertions="3" time="0.009047"/>
    <testcase name="test_neg_malformed_pdf_bytes_rejected_by_content_truth" file="D:\meem-commerce\tests\Feature\Digital\DigitalClosureBatteryTest.php" line="128" class="Tests\Feature\Digital\DigitalClosureBatteryTest" classname="Tests.Feature.Digital.DigitalClosureBatteryTest" assertions="2" time="0.010735"/>
    <testcase name="test_neg_executables_rejected_end_to_end" file="D:\meem-commerce\tests\Feature\Digital\DigitalClosureBatteryTest.php" line="138" class="Tests\Feature\Digital\DigitalClosureBatteryTest" classname="Tests.Feature.Digital.DigitalClosureBatteryTest" assertions="2" time="0.005462"/>
    <testcase name="test_neg_deleted_asset_download_returns_404_preserving_credit" file="D:\meem-commerce\tests\Feature\Digital\DigitalClosureBatteryTest.php" line="151" class="Tests\Feature\Digital\DigitalClosureBatteryTest" classname="Tests.Feature.Digital.DigitalClosureBatteryTest" assertions="3" time="0.034388"/>
    <testcase name="test_neg_no_public_storage_urls_ever_emitted" file="D:\meem-commerce\tests\Feature\Digital\DigitalClosureBatteryTest.php" line="169" class="Tests\Feature\Digital\DigitalClosureBatteryTest" classname="Tests.Feature.Digital.DigitalClosureBatteryTest" assertions="3" time="0.019139"/>
    <testcase name="test_e2e_purchase_fulfillment_notification_download_limit_expiry_restore" file="D:\meem-commerce\tests\Feature\Digital\DigitalClosureBatteryTest.php" line="187" class="Tests\Feature\Digital\DigitalClosureBatteryTest" classname="Tests.Feature.Digital.DigitalClosureBatteryTest" assertions="13" time="0.495609"/>
    <testcase name="test_entitlement_listing_query_count_is_bounded_not_n_plus_one" file="D:\meem-commerce\tests\Feature\Digital\DigitalClosureBatteryTest.php" line="250" class="Tests\Feature\Digital\DigitalClosureBatteryTest" classname="Tests.Feature.Digital.DigitalClosureBatteryTest" assertions="3" time="0.128115"/>
    <testcase name="test_all_digital_translation_keys_resolve_in_en_ar_de" file="D:\meem-commerce\tests\Feature\Digital\DigitalClosureBatteryTest.php" line="280" class="Tests\Feature\Digital\DigitalClosureBatteryTest" classname="Tests.Feature.Digital.DigitalClosureBatteryTest" assertions="133" time="0.003009"/>
    <testcase name="test_digital_permissions_exist_in_db_with_labels_and_enforce" file="D:\meem-commerce\tests\Feature\Digital\DigitalClosureBatteryTest.php" line="311" class="Tests\Feature\Digital\DigitalClosureBatteryTest" classname="Tests.Feature.Digital.DigitalClosureBatteryTest" assertions="5" time="0.007415"/>
  </testsuite>
</testsuites>
