<?xml version="1.0" encoding="UTF-8"?>
<testsuites>
  <testsuite name="Tests\Feature\FlashSales\FlashSaleProductionHardenTest" file="D:\meem-commerce\tests\Feature\FlashSales\FlashSaleProductionHardenTest.php" tests="26" assertions="59" errors="0" failures="0" skipped="0" time="2.570040">
    <testcase name="listener_sets_has_flash_sale_when_products_attached" file="D:\meem-commerce\tests\Feature\FlashSales\FlashSaleProductionHardenTest.php" line="50" class="Tests\Feature\FlashSales\FlashSaleProductionHardenTest" classname="Tests.Feature.FlashSales.FlashSaleProductionHardenTest" assertions="2" time="0.306663"/>
    <testcase name="listener_clears_has_flash_sale_when_products_detached" file="D:\meem-commerce\tests\Feature\FlashSales\FlashSaleProductionHardenTest.php" line="91" class="Tests\Feature\FlashSales\FlashSaleProductionHardenTest" classname="Tests.Feature.FlashSales.FlashSaleProductionHardenTest" assertions="2" time="0.004997"/>
    <testcase name="listener_clears_has_flash_sale_on_vendor_request_delete" file="D:\meem-commerce\tests\Feature\FlashSales\FlashSaleProductionHardenTest.php" line="120" class="Tests\Feature\FlashSales\FlashSaleProductionHardenTest" classname="Tests.Feature.FlashSales.FlashSaleProductionHardenTest" assertions="2" time="0.004797"/>
    <testcase name="admin_create_flash_sale_validates_image_required" file="D:\meem-commerce\tests\Feature\FlashSales\FlashSaleProductionHardenTest.php" line="151" class="Tests\Feature\FlashSales\FlashSaleProductionHardenTest" classname="Tests.Feature.FlashSales.FlashSaleProductionHardenTest" assertions="1" time="0.053766"/>
    <testcase name="admin_create_flash_sale_sets_has_flash_sale_on_products" file="D:\meem-commerce\tests\Feature\FlashSales\FlashSaleProductionHardenTest.php" line="169" class="Tests\Feature\FlashSales\FlashSaleProductionHardenTest" classname="Tests.Feature.FlashSales.FlashSaleProductionHardenTest" assertions="2" time="0.236661"/>
    <testcase name="admin_can_update_flash_sale" file="D:\meem-commerce\tests\Feature\FlashSales\FlashSaleProductionHardenTest.php" line="204" class="Tests\Feature\FlashSales\FlashSaleProductionHardenTest" classname="Tests.Feature.FlashSales.FlashSaleProductionHardenTest" assertions="3" time="0.225028"/>
    <testcase name="admin_can_delete_flash_sale" file="D:\meem-commerce\tests\Feature\FlashSales\FlashSaleProductionHardenTest.php" line="231" class="Tests\Feature\FlashSales\FlashSaleProductionHardenTest" classname="Tests.Feature.FlashSales.FlashSaleProductionHardenTest" assertions="3" time="0.222474"/>
    <testcase name="flash_sale_overrides_normal_discount_in_pricing" file="D:\meem-commerce\tests\Feature\FlashSales\FlashSaleProductionHardenTest.php" line="256" class="Tests\Feature\FlashSales\FlashSaleProductionHardenTest" classname="Tests.Feature.FlashSales.FlashSaleProductionHardenTest" assertions="4" time="0.218542"/>
    <testcase name="expired_flash_sale_is_ignored" file="D:\meem-commerce\tests\Feature\FlashSales\FlashSaleProductionHardenTest.php" line="293" class="Tests\Feature\FlashSales\FlashSaleProductionHardenTest" classname="Tests.Feature.FlashSales.FlashSaleProductionHardenTest" assertions="3" time="0.216658"/>
    <testcase name="inactive_flash_sale_is_ignored" file="D:\meem-commerce\tests\Feature\FlashSales\FlashSaleProductionHardenTest.php" line="329" class="Tests\Feature\FlashSales\FlashSaleProductionHardenTest" classname="Tests.Feature.FlashSales.FlashSaleProductionHardenTest" assertions="3" time="0.004671"/>
    <testcase name="calculate_flash_sale_price_with_percentage_type" file="D:\meem-commerce\tests\Feature\FlashSales\FlashSaleProductionHardenTest.php" line="365" class="Tests\Feature\FlashSales\FlashSaleProductionHardenTest" classname="Tests.Feature.FlashSales.FlashSaleProductionHardenTest" assertions="1" time="0.000657"/>
    <testcase name="calculate_flash_sale_price_with_fixed_rate_type" file="D:\meem-commerce\tests\Feature\FlashSales\FlashSaleProductionHardenTest.php" line="380" class="Tests\Feature\FlashSales\FlashSaleProductionHardenTest" classname="Tests.Feature.FlashSales.FlashSaleProductionHardenTest" assertions="1" time="0.000657"/>
    <testcase name="calculate_flash_sale_price_with_final_price_type" file="D:\meem-commerce\tests\Feature\FlashSales\FlashSaleProductionHardenTest.php" line="395" class="Tests\Feature\FlashSales\FlashSaleProductionHardenTest" classname="Tests.Feature.FlashSales.FlashSaleProductionHardenTest" assertions="1" time="0.000813"/>
    <testcase name="null_flash_sale_returns_null_price" file="D:\meem-commerce\tests\Feature\FlashSales\FlashSaleProductionHardenTest.php" line="410" class="Tests\Feature\FlashSales\FlashSaleProductionHardenTest" classname="Tests.Feature.FlashSales.FlashSaleProductionHardenTest" assertions="1" time="0.000405"/>
    <testcase name="flash_sale_resource_has_description_field" file="D:\meem-commerce\tests\Feature\FlashSales\FlashSaleProductionHardenTest.php" line="420" class="Tests\Feature\FlashSales\FlashSaleProductionHardenTest" classname="Tests.Feature.FlashSales.FlashSaleProductionHardenTest" assertions="15" time="0.220269"/>
    <testcase name="create_flash_sale_validates_required_fields" file="D:\meem-commerce\tests\Feature\FlashSales\FlashSaleProductionHardenTest.php" line="450" class="Tests\Feature\FlashSales\FlashSaleProductionHardenTest" classname="Tests.Feature.FlashSales.FlashSaleProductionHardenTest" assertions="1" time="0.005577"/>
    <testcase name="unauthenticated_user_cannot_create_flash_sale" file="D:\meem-commerce\tests\Feature\FlashSales\FlashSaleProductionHardenTest.php" line="460" class="Tests\Feature\FlashSales\FlashSaleProductionHardenTest" classname="Tests.Feature.FlashSales.FlashSaleProductionHardenTest" assertions="1" time="0.002941"/>
    <testcase name="unauthorized_user_cannot_delete_flash_sale" file="D:\meem-commerce\tests\Feature\FlashSales\FlashSaleProductionHardenTest.php" line="470" class="Tests\Feature\FlashSales\FlashSaleProductionHardenTest" classname="Tests.Feature.FlashSales.FlashSaleProductionHardenTest" assertions="1" time="0.005112"/>
    <testcase name="flash_sale_show_returns_404_for_nonexistent" file="D:\meem-commerce\tests\Feature\FlashSales\FlashSaleProductionHardenTest.php" line="480" class="Tests\Feature\FlashSales\FlashSaleProductionHardenTest" classname="Tests.Feature.FlashSales.FlashSaleProductionHardenTest" assertions="1" time="0.008152"/>
    <testcase name="flash_sale_type_must_be_valid_enum" file="D:\meem-commerce\tests\Feature\FlashSales\FlashSaleProductionHardenTest.php" line="490" class="Tests\Feature\FlashSales\FlashSaleProductionHardenTest" classname="Tests.Feature.FlashSales.FlashSaleProductionHardenTest" assertions="1" time="0.006444"/>
    <testcase name="flash_sale_discount_must_be_numeric" file="D:\meem-commerce\tests\Feature\FlashSales\FlashSaleProductionHardenTest.php" line="508" class="Tests\Feature\FlashSales\FlashSaleProductionHardenTest" classname="Tests.Feature.FlashSales.FlashSaleProductionHardenTest" assertions="1" time="0.006334"/>
    <testcase name="valid_scope_only_returns_active_flash_sales" file="D:\meem-commerce\tests\Feature\FlashSales\FlashSaleProductionHardenTest.php" line="528" class="Tests\Feature\FlashSales\FlashSaleProductionHardenTest" classname="Tests.Feature.FlashSales.FlashSaleProductionHardenTest" assertions="3" time="0.370341"/>
    <testcase name="product_get_active_flash_sale_returns_correct_sale" file="D:\meem-commerce\tests\Feature\FlashSales\FlashSaleProductionHardenTest.php" line="568" class="Tests\Feature\FlashSales\FlashSaleProductionHardenTest" classname="Tests.Feature.FlashSales.FlashSaleProductionHardenTest" assertions="2" time="0.216716"/>
    <testcase name="product_without_has_flash_sale_returns_null_active_sale" file="D:\meem-commerce\tests\Feature\FlashSales\FlashSaleProductionHardenTest.php" line="600" class="Tests\Feature\FlashSales\FlashSaleProductionHardenTest" classname="Tests.Feature.FlashSales.FlashSaleProductionHardenTest" assertions="1" time="0.002694"/>
    <testcase name="flash_sale_can_be_soft_deleted_and_restored" file="D:\meem-commerce\tests\Feature\FlashSales\FlashSaleProductionHardenTest.php" line="620" class="Tests\Feature\FlashSales\FlashSaleProductionHardenTest" classname="Tests.Feature.FlashSales.FlashSaleProductionHardenTest" assertions="2" time="0.220486"/>
    <testcase name="reorder_route_does_not_conflict_with_show" file="D:\meem-commerce\tests\Feature\FlashSales\FlashSaleProductionHardenTest.php" line="642" class="Tests\Feature\FlashSales\FlashSaleProductionHardenTest" classname="Tests.Feature.FlashSales.FlashSaleProductionHardenTest" assertions="1" time="0.008185"/>
  </testsuite>
</testsuites>
