<?xml version="1.0" encoding="UTF-8"?>
<testsuites>
  <testsuite name="Tests\Feature\Invoice\AdminInvoiceDebitNoteEndpointTest" file="D:\meem-commerce\tests\Feature\Invoice\AdminInvoiceDebitNoteEndpointTest.php" tests="7" assertions="36" errors="0" failures="0" skipped="0" time="0.147120">
    <testcase name="test_issues_debit_note_with_dn_series_and_persists_record" file="D:\meem-commerce\tests\Feature\Invoice\AdminInvoiceDebitNoteEndpointTest.php" line="30" class="Tests\Feature\Invoice\AdminInvoiceDebitNoteEndpointTest" classname="Tests.Feature.Invoice.AdminInvoiceDebitNoteEndpointTest" assertions="11" time="0.068337"/>
    <testcase name="test_multiple_debit_notes_allowed_with_sequential_numbers" file="D:\meem-commerce\tests\Feature\Invoice\AdminInvoiceDebitNoteEndpointTest.php" line="60" class="Tests\Feature\Invoice\AdminInvoiceDebitNoteEndpointTest" classname="Tests.Feature.Invoice.AdminInvoiceDebitNoteEndpointTest" assertions="6" time="0.014757"/>
    <testcase name="test_amount_is_required" file="D:\meem-commerce\tests\Feature\Invoice\AdminInvoiceDebitNoteEndpointTest.php" line="85" class="Tests\Feature\Invoice\AdminInvoiceDebitNoteEndpointTest" classname="Tests.Feature.Invoice.AdminInvoiceDebitNoteEndpointTest" assertions="3" time="0.010313"/>
    <testcase name="test_zero_and_negative_amount_rejected" file="D:\meem-commerce\tests\Feature\Invoice\AdminInvoiceDebitNoteEndpointTest.php" line="94" class="Tests\Feature\Invoice\AdminInvoiceDebitNoteEndpointTest" classname="Tests.Feature.Invoice.AdminInvoiceDebitNoteEndpointTest" assertions="6" time="0.012244"/>
    <testcase name="test_reason_required_and_capped_at_500" file="D:\meem-commerce\tests\Feature\Invoice\AdminInvoiceDebitNoteEndpointTest.php" line="106" class="Tests\Feature\Invoice\AdminInvoiceDebitNoteEndpointTest" classname="Tests.Feature.Invoice.AdminInvoiceDebitNoteEndpointTest" assertions="6" time="0.012457"/>
    <testcase name="test_debit_note_rejected_for_non_issued_statuses" file="D:\meem-commerce\tests\Feature\Invoice\AdminInvoiceDebitNoteEndpointTest.php" line="122" class="Tests\Feature\Invoice\AdminInvoiceDebitNoteEndpointTest" classname="Tests.Feature.Invoice.AdminInvoiceDebitNoteEndpointTest" assertions="3" time="0.012436"/>
    <testcase name="test_nonexistent_invoice_returns_404" file="D:\meem-commerce\tests\Feature\Invoice\AdminInvoiceDebitNoteEndpointTest.php" line="143" class="Tests\Feature\Invoice\AdminInvoiceDebitNoteEndpointTest" classname="Tests.Feature.Invoice.AdminInvoiceDebitNoteEndpointTest" assertions="1" time="0.016576"/>
  </testsuite>
</testsuites>
