<?xml version="1.0" encoding="UTF-8"?>
<testsuites>
  <testsuite name="Tests\Feature\Invoice\InvoiceDownloadPermissionTest" file="D:\meem-commerce\tests\Feature\Invoice\InvoiceDownloadPermissionTest.php" tests="18" assertions="48" errors="0" failures="0" skipped="0" time="0.196875">
    <testcase name="test_unauthenticated_user_gets_401" file="D:\meem-commerce\tests\Feature\Invoice\InvoiceDownloadPermissionTest.php" line="132" class="Tests\Feature\Invoice\InvoiceDownloadPermissionTest" classname="Tests.Feature.Invoice.InvoiceDownloadPermissionTest" assertions="1" time="0.030715"/>
    <testcase name="test_owner_can_download_without_permission" file="D:\meem-commerce\tests\Feature\Invoice\InvoiceDownloadPermissionTest.php" line="143" class="Tests\Feature\Invoice\InvoiceDownloadPermissionTest" classname="Tests.Feature.Invoice.InvoiceDownloadPermissionTest" assertions="3" time="0.025457"/>
    <testcase name="test_non_owner_with_download_permission_can_download" file="D:\meem-commerce\tests\Feature\Invoice\InvoiceDownloadPermissionTest.php" line="160" class="Tests\Feature\Invoice\InvoiceDownloadPermissionTest" classname="Tests.Feature.Invoice.InvoiceDownloadPermissionTest" assertions="3" time="0.015574"/>
    <testcase name="test_non_owner_with_view_invoice_permission_only_is_denied" file="D:\meem-commerce\tests\Feature\Invoice\InvoiceDownloadPermissionTest.php" line="180" class="Tests\Feature\Invoice\InvoiceDownloadPermissionTest" classname="Tests.Feature.Invoice.InvoiceDownloadPermissionTest" assertions="2" time="0.011082"/>
    <testcase name="test_non_owner_without_permission_is_denied" file="D:\meem-commerce\tests\Feature\Invoice\InvoiceDownloadPermissionTest.php" line="196" class="Tests\Feature\Invoice\InvoiceDownloadPermissionTest" classname="Tests.Feature.Invoice.InvoiceDownloadPermissionTest" assertions="2" time="0.010181"/>
    <testcase name="test_super_admin_can_download" file="D:\meem-commerce\tests\Feature\Invoice\InvoiceDownloadPermissionTest.php" line="210" class="Tests\Feature\Invoice\InvoiceDownloadPermissionTest" classname="Tests.Feature.Invoice.InvoiceDownloadPermissionTest" assertions="2" time="0.017837"/>
    <testcase name="test_real_pdf_file_exists_and_is_readable" file="D:\meem-commerce\tests\Feature\Invoice\InvoiceDownloadPermissionTest.php" line="234" class="Tests\Feature\Invoice\InvoiceDownloadPermissionTest" classname="Tests.Feature.Invoice.InvoiceDownloadPermissionTest" assertions="8" time="0.007590"/>
    <testcase name="test_invoice_without_pdf_returns_404" file="D:\meem-commerce\tests\Feature\Invoice\InvoiceDownloadPermissionTest.php" line="259" class="Tests\Feature\Invoice\InvoiceDownloadPermissionTest" classname="Tests.Feature.Invoice.InvoiceDownloadPermissionTest" assertions="2" time="0.006249"/>
    <testcase name="test_unknown_uuid_returns_404" file="D:\meem-commerce\tests\Feature\Invoice\InvoiceDownloadPermissionTest.php" line="277" class="Tests\Feature\Invoice\InvoiceDownloadPermissionTest" classname="Tests.Feature.Invoice.InvoiceDownloadPermissionTest" assertions="1" time="0.006190"/>
    <testcase name="test_invalid_uuid_format_returns_404" file="D:\meem-commerce\tests\Feature\Invoice\InvoiceDownloadPermissionTest.php" line="292" class="Tests\Feature\Invoice\InvoiceDownloadPermissionTest" classname="Tests.Feature.Invoice.InvoiceDownloadPermissionTest" assertions="1" time="0.010194"/>
    <testcase name="test_downloaded_at_is_set_on_first_download" file="D:\meem-commerce\tests\Feature\Invoice\InvoiceDownloadPermissionTest.php" line="304" class="Tests\Feature\Invoice\InvoiceDownloadPermissionTest" classname="Tests.Feature.Invoice.InvoiceDownloadPermissionTest" assertions="4" time="0.008897"/>
    <testcase name="test_repeated_download_preserves_original_downloaded_at" file="D:\meem-commerce\tests\Feature\Invoice\InvoiceDownloadPermissionTest.php" line="320" class="Tests\Feature\Invoice\InvoiceDownloadPermissionTest" classname="Tests.Feature.Invoice.InvoiceDownloadPermissionTest" assertions="4" time="0.009955"/>
    <testcase name="test_timeline_download_event_is_recorded" file="D:\meem-commerce\tests\Feature\Invoice\InvoiceDownloadPermissionTest.php" line="341" class="Tests\Feature\Invoice\InvoiceDownloadPermissionTest" classname="Tests.Feature.Invoice.InvoiceDownloadPermissionTest" assertions="2" time="0.007909"/>
    <testcase name="test_permission_record_exists_in_database" file="D:\meem-commerce\tests\Feature\Invoice\InvoiceDownloadPermissionTest.php" line="356" class="Tests\Feature\Invoice\InvoiceDownloadPermissionTest" classname="Tests.Feature.Invoice.InvoiceDownloadPermissionTest" assertions="4" time="0.002123"/>
    <testcase name="test_super_admin_role_has_download_permission" file="D:\meem-commerce\tests\Feature\Invoice\InvoiceDownloadPermissionTest.php" line="372" class="Tests\Feature\Invoice\InvoiceDownloadPermissionTest" classname="Tests.Feature.Invoice.InvoiceDownloadPermissionTest" assertions="2" time="0.003195"/>
    <testcase name="test_enum_constant_maps_to_expected_value" file="D:\meem-commerce\tests\Feature\Invoice\InvoiceDownloadPermissionTest.php" line="391" class="Tests\Feature\Invoice\InvoiceDownloadPermissionTest" classname="Tests.Feature.Invoice.InvoiceDownloadPermissionTest" assertions="3" time="0.000771"/>
    <testcase name="test_authorization_failure_does_not_leak_invoice_existence" file="D:\meem-commerce\tests\Feature\Invoice\InvoiceDownloadPermissionTest.php" line="400" class="Tests\Feature\Invoice\InvoiceDownloadPermissionTest" classname="Tests.Feature.Invoice.InvoiceDownloadPermissionTest" assertions="3" time="0.014286"/>
    <testcase name="test_owner_with_download_permission_still_downloads" file="D:\meem-commerce\tests\Feature\Invoice\InvoiceDownloadPermissionTest.php" line="420" class="Tests\Feature\Invoice\InvoiceDownloadPermissionTest" classname="Tests.Feature.Invoice.InvoiceDownloadPermissionTest" assertions="1" time="0.008670"/>
  </testsuite>
</testsuites>
