<?xml version="1.0" encoding="UTF-8"?>
<testsuites>
  <testsuite name="Tests\Feature\Pages\SectionCacheInvalidationTest" file="D:\meem-commerce\tests\Feature\Pages\SectionCacheInvalidationTest.php" tests="15" assertions="64" errors="0" failures="0" skipped="0" time="0.243374">
    <testcase name="test_section_created_via_api_invalidates_public_home_cache" file="D:\meem-commerce\tests\Feature\Pages\SectionCacheInvalidationTest.php" line="132" class="Tests\Feature\Pages\SectionCacheInvalidationTest" classname="Tests.Feature.Pages.SectionCacheInvalidationTest" assertions="5" time="0.059608"/>
    <testcase name="test_section_updated_via_api_invalidates_public_home_cache" file="D:\meem-commerce\tests\Feature\Pages\SectionCacheInvalidationTest.php" line="155" class="Tests\Feature\Pages\SectionCacheInvalidationTest" classname="Tests.Feature.Pages.SectionCacheInvalidationTest" assertions="5" time="0.013544"/>
    <testcase name="test_section_deleted_via_api_invalidates_public_home_cache" file="D:\meem-commerce\tests\Feature\Pages\SectionCacheInvalidationTest.php" line="174" class="Tests\Feature\Pages\SectionCacheInvalidationTest" classname="Tests.Feature.Pages.SectionCacheInvalidationTest" assertions="5" time="0.011985"/>
    <testcase name="test_attach_sections_via_api_invalidates_public_home_cache" file="D:\meem-commerce\tests\Feature\Pages\SectionCacheInvalidationTest.php" line="189" class="Tests\Feature\Pages\SectionCacheInvalidationTest" classname="Tests.Feature.Pages.SectionCacheInvalidationTest" assertions="5" time="0.013153"/>
    <testcase name="test_detach_all_sections_via_api_invalidates_public_home_cache" file="D:\meem-commerce\tests\Feature\Pages\SectionCacheInvalidationTest.php" line="207" class="Tests\Feature\Pages\SectionCacheInvalidationTest" classname="Tests.Feature.Pages.SectionCacheInvalidationTest" assertions="6" time="0.011647"/>
    <testcase name="test_update_settings_via_api_invalidates_public_home_cache" file="D:\meem-commerce\tests\Feature\Pages\SectionCacheInvalidationTest.php" line="225" class="Tests\Feature\Pages\SectionCacheInvalidationTest" classname="Tests.Feature.Pages.SectionCacheInvalidationTest" assertions="6" time="0.022040"/>
    <testcase name="test_reorder_via_api_invalidates_public_home_cache_and_order_is_reflected" file="D:\meem-commerce\tests\Feature\Pages\SectionCacheInvalidationTest.php" line="246" class="Tests\Feature\Pages\SectionCacheInvalidationTest" classname="Tests.Feature.Pages.SectionCacheInvalidationTest" assertions="5" time="0.013374"/>
    <testcase name="test_section_type_setting_created_via_model_invalidates_public_home_cache" file="D:\meem-commerce\tests\Feature\Pages\SectionCacheInvalidationTest.php" line="267" class="Tests\Feature\Pages\SectionCacheInvalidationTest" classname="Tests.Feature.Pages.SectionCacheInvalidationTest" assertions="4" time="0.007466"/>
    <testcase name="test_section_created_via_model_invalidates_public_home_cache" file="D:\meem-commerce\tests\Feature\Pages\SectionCacheInvalidationTest.php" line="287" class="Tests\Feature\Pages\SectionCacheInvalidationTest" classname="Tests.Feature.Pages.SectionCacheInvalidationTest" assertions="4" time="0.004077"/>
    <testcase name="test_section_mutation_does_not_flush_products_cache" file="D:\meem-commerce\tests\Feature\Pages\SectionCacheInvalidationTest.php" line="304" class="Tests\Feature\Pages\SectionCacheInvalidationTest" classname="Tests.Feature.Pages.SectionCacheInvalidationTest" assertions="4" time="0.033263"/>
    <testcase name="test_content_page_updated_via_api_invalidates_public_home_cache" file="D:\meem-commerce\tests\Feature\Pages\SectionCacheInvalidationTest.php" line="346" class="Tests\Feature\Pages\SectionCacheInvalidationTest" classname="Tests.Feature.Pages.SectionCacheInvalidationTest" assertions="5" time="0.012210"/>
    <testcase name="test_content_page_deleted_via_api_invalidates_public_home_cache" file="D:\meem-commerce\tests\Feature\Pages\SectionCacheInvalidationTest.php" line="363" class="Tests\Feature\Pages\SectionCacheInvalidationTest" classname="Tests.Feature.Pages.SectionCacheInvalidationTest" assertions="3" time="0.011294"/>
    <testcase name="test_content_page_toggled_inactive_is_hidden_from_public" file="D:\meem-commerce\tests\Feature\Pages\SectionCacheInvalidationTest.php" line="376" class="Tests\Feature\Pages\SectionCacheInvalidationTest" classname="Tests.Feature.Pages.SectionCacheInvalidationTest" assertions="3" time="0.016369"/>
    <testcase name="test_content_page_created_via_api_appears_in_public_index" file="D:\meem-commerce\tests\Feature\Pages\SectionCacheInvalidationTest.php" line="389" class="Tests\Feature\Pages\SectionCacheInvalidationTest" classname="Tests.Feature.Pages.SectionCacheInvalidationTest" assertions="3" time="0.010129"/>
    <testcase name="test_put_reorder_is_no_longer_the_reorder_method" file="D:\meem-commerce\tests\Feature\Pages\SectionCacheInvalidationTest.php" line="403" class="Tests\Feature\Pages\SectionCacheInvalidationTest" classname="Tests.Feature.Pages.SectionCacheInvalidationTest" assertions="1" time="0.003215"/>
  </testsuite>
</testsuites>
