<?xml version="1.0" encoding="UTF-8"?>
<testsuites>
  <testsuite name="Tests\Feature\StaticPages\StaticPageAuthorizationTest" file="D:\meem-commerce\tests\Feature\StaticPages\StaticPageAuthorizationTest.php" tests="15" assertions="37" errors="0" failures="0" skipped="0" time="0.226858">
    <testcase name="test_guest_cannot_access_admin_index" file="D:\meem-commerce\tests\Feature\StaticPages\StaticPageAuthorizationTest.php" line="122" class="Tests\Feature\StaticPages\StaticPageAuthorizationTest" classname="Tests.Feature.StaticPages.StaticPageAuthorizationTest" assertions="1" time="0.026087"/>
    <testcase name="test_guest_cannot_access_admin_show" file="D:\meem-commerce\tests\Feature\StaticPages\StaticPageAuthorizationTest.php" line="127" class="Tests\Feature\StaticPages\StaticPageAuthorizationTest" classname="Tests.Feature.StaticPages.StaticPageAuthorizationTest" assertions="1" time="0.004229"/>
    <testcase name="test_guest_cannot_update_page" file="D:\meem-commerce\tests\Feature\StaticPages\StaticPageAuthorizationTest.php" line="133" class="Tests\Feature\StaticPages\StaticPageAuthorizationTest" classname="Tests.Feature.StaticPages.StaticPageAuthorizationTest" assertions="1" time="0.006954"/>
    <testcase name="test_guest_cannot_create_section" file="D:\meem-commerce\tests\Feature\StaticPages\StaticPageAuthorizationTest.php" line="139" class="Tests\Feature\StaticPages\StaticPageAuthorizationTest" classname="Tests.Feature.StaticPages.StaticPageAuthorizationTest" assertions="1" time="0.003329"/>
    <testcase name="test_guest_cannot_update_section" file="D:\meem-commerce\tests\Feature\StaticPages\StaticPageAuthorizationTest.php" line="148" class="Tests\Feature\StaticPages\StaticPageAuthorizationTest" classname="Tests.Feature.StaticPages.StaticPageAuthorizationTest" assertions="1" time="0.008494"/>
    <testcase name="test_guest_cannot_delete_section" file="D:\meem-commerce\tests\Feature\StaticPages\StaticPageAuthorizationTest.php" line="157" class="Tests\Feature\StaticPages\StaticPageAuthorizationTest" classname="Tests.Feature.StaticPages.StaticPageAuthorizationTest" assertions="1" time="0.002956"/>
    <testcase name="test_guest_cannot_reorder_sections" file="D:\meem-commerce\tests\Feature\StaticPages\StaticPageAuthorizationTest.php" line="164" class="Tests\Feature\StaticPages\StaticPageAuthorizationTest" classname="Tests.Feature.StaticPages.StaticPageAuthorizationTest" assertions="1" time="0.010016"/>
    <testcase name="test_user_without_permission_gets_403" file="D:\meem-commerce\tests\Feature\StaticPages\StaticPageAuthorizationTest.php" line="173" class="Tests\Feature\StaticPages\StaticPageAuthorizationTest" classname="Tests.Feature.StaticPages.StaticPageAuthorizationTest" assertions="2" time="0.023822"/>
    <testcase name="test_view_permission_allows_index_and_show_but_blocks_mutations" file="D:\meem-commerce\tests\Feature\StaticPages\StaticPageAuthorizationTest.php" line="183" class="Tests\Feature\StaticPages\StaticPageAuthorizationTest" classname="Tests.Feature.StaticPages.StaticPageAuthorizationTest" assertions="7" time="0.037594"/>
    <testcase name="test_update_page_permission_only_allows_update" file="D:\meem-commerce\tests\Feature\StaticPages\StaticPageAuthorizationTest.php" line="201" class="Tests\Feature\StaticPages\StaticPageAuthorizationTest" classname="Tests.Feature.StaticPages.StaticPageAuthorizationTest" assertions="3" time="0.024311"/>
    <testcase name="test_create_section_permission_only_allows_store" file="D:\meem-commerce\tests\Feature\StaticPages\StaticPageAuthorizationTest.php" line="214" class="Tests\Feature\StaticPages\StaticPageAuthorizationTest" classname="Tests.Feature.StaticPages.StaticPageAuthorizationTest" assertions="3" time="0.012982"/>
    <testcase name="test_update_section_permission_allows_update_and_reorder" file="D:\meem-commerce\tests\Feature\StaticPages\StaticPageAuthorizationTest.php" line="228" class="Tests\Feature\StaticPages\StaticPageAuthorizationTest" classname="Tests.Feature.StaticPages.StaticPageAuthorizationTest" assertions="4" time="0.017271"/>
    <testcase name="test_delete_section_permission_only_allows_delete" file="D:\meem-commerce\tests\Feature\StaticPages\StaticPageAuthorizationTest.php" line="244" class="Tests\Feature\StaticPages\StaticPageAuthorizationTest" classname="Tests.Feature.StaticPages.StaticPageAuthorizationTest" assertions="2" time="0.018187"/>
    <testcase name="test_full_permissions_allows_all_admin_operations" file="D:\meem-commerce\tests\Feature\StaticPages\StaticPageAuthorizationTest.php" line="254" class="Tests\Feature\StaticPages\StaticPageAuthorizationTest" classname="Tests.Feature.StaticPages.StaticPageAuthorizationTest" assertions="7" time="0.024428"/>
    <testcase name="test_public_endpoints_are_accessible_without_authentication" file="D:\meem-commerce\tests\Feature\StaticPages\StaticPageAuthorizationTest.php" line="272" class="Tests\Feature\StaticPages\StaticPageAuthorizationTest" classname="Tests.Feature.StaticPages.StaticPageAuthorizationTest" assertions="2" time="0.006198"/>
  </testsuite>
</testsuites>
