<?xml version="1.0" encoding="UTF-8"?>
<testsuites>
  <testsuite name="Tests\Feature\StaticPages\StaticPageCacheTest" file="D:\meem-commerce\tests\Feature\StaticPages\StaticPageCacheTest.php" tests="10" assertions="36" errors="0" failures="0" skipped="0" time="0.129953">
    <testcase name="test_public_index_populates_cache_with_tag" file="D:\meem-commerce\tests\Feature\StaticPages\StaticPageCacheTest.php" line="109" class="Tests\Feature\StaticPages\StaticPageCacheTest" classname="Tests.Feature.StaticPages.StaticPageCacheTest" assertions="3" time="0.026606"/>
    <testcase name="test_public_show_populates_cache_with_tag" file="D:\meem-commerce\tests\Feature\StaticPages\StaticPageCacheTest.php" line="121" class="Tests\Feature\StaticPages\StaticPageCacheTest" classname="Tests.Feature.StaticPages.StaticPageCacheTest" assertions="2" time="0.003524"/>
    <testcase name="test_second_index_call_served_from_cache" file="D:\meem-commerce\tests\Feature\StaticPages\StaticPageCacheTest.php" line="133" class="Tests\Feature\StaticPages\StaticPageCacheTest" classname="Tests.Feature.StaticPages.StaticPageCacheTest" assertions="3" time="0.007723"/>
    <testcase name="test_cache_stores_models_not_rendered_resources" file="D:\meem-commerce\tests\Feature\StaticPages\StaticPageCacheTest.php" line="145" class="Tests\Feature\StaticPages\StaticPageCacheTest" classname="Tests.Feature.StaticPages.StaticPageCacheTest" assertions="3" time="0.003631"/>
    <testcase name="test_page_update_invalidates_cache" file="D:\meem-commerce\tests\Feature\StaticPages\StaticPageCacheTest.php" line="156" class="Tests\Feature\StaticPages\StaticPageCacheTest" classname="Tests.Feature.StaticPages.StaticPageCacheTest" assertions="4" time="0.040392"/>
    <testcase name="test_section_creation_invalidates_cache" file="D:\meem-commerce\tests\Feature\StaticPages\StaticPageCacheTest.php" line="171" class="Tests\Feature\StaticPages\StaticPageCacheTest" classname="Tests.Feature.StaticPages.StaticPageCacheTest" assertions="4" time="0.010942"/>
    <testcase name="test_section_update_invalidates_cache" file="D:\meem-commerce\tests\Feature\StaticPages\StaticPageCacheTest.php" line="189" class="Tests\Feature\StaticPages\StaticPageCacheTest" classname="Tests.Feature.StaticPages.StaticPageCacheTest" assertions="4" time="0.008953"/>
    <testcase name="test_section_delete_invalidates_cache" file="D:\meem-commerce\tests\Feature\StaticPages\StaticPageCacheTest.php" line="207" class="Tests\Feature\StaticPages\StaticPageCacheTest" classname="Tests.Feature.StaticPages.StaticPageCacheTest" assertions="4" time="0.007684"/>
    <testcase name="test_section_reorder_invalidates_cache" file="D:\meem-commerce\tests\Feature\StaticPages\StaticPageCacheTest.php" line="223" class="Tests\Feature\StaticPages\StaticPageCacheTest" classname="Tests.Feature.StaticPages.StaticPageCacheTest" assertions="4" time="0.009587"/>
    <testcase name="test_mutated_data_is_not_served_from_stale_cache" file="D:\meem-commerce\tests\Feature\StaticPages\StaticPageCacheTest.php" line="242" class="Tests\Feature\StaticPages\StaticPageCacheTest" classname="Tests.Feature.StaticPages.StaticPageCacheTest" assertions="5" time="0.010912"/>
  </testsuite>
</testsuites>
