<?xml version="1.0" encoding="UTF-8"?>
<testsuites>
  <testsuite name="Tests\Feature\StaticPages\StaticPageSeederTest" file="D:\meem-commerce\tests\Feature\StaticPages\StaticPageSeederTest.php" tests="10" assertions="19" errors="0" failures="0" skipped="0" time="0.076499">
    <testcase name="test_seeder_creates_three_pages" file="D:\meem-commerce\tests\Feature\StaticPages\StaticPageSeederTest.php" line="25" class="Tests\Feature\StaticPages\StaticPageSeederTest" classname="Tests.Feature.StaticPages.StaticPageSeederTest" assertions="1" time="0.009968"/>
    <testcase name="test_seeder_pages_have_expected_slugs" file="D:\meem-commerce\tests\Feature\StaticPages\StaticPageSeederTest.php" line="32" class="Tests\Feature\StaticPages\StaticPageSeederTest" classname="Tests.Feature.StaticPages.StaticPageSeederTest" assertions="1" time="0.001998"/>
    <testcase name="test_seeder_pages_have_english_titles" file="D:\meem-commerce\tests\Feature\StaticPages\StaticPageSeederTest.php" line="42" class="Tests\Feature\StaticPages\StaticPageSeederTest" classname="Tests.Feature.StaticPages.StaticPageSeederTest" assertions="3" time="0.001992"/>
    <testcase name="test_seeder_pages_have_arabic_titles" file="D:\meem-commerce\tests\Feature\StaticPages\StaticPageSeederTest.php" line="51" class="Tests\Feature\StaticPages\StaticPageSeederTest" classname="Tests.Feature.StaticPages.StaticPageSeederTest" assertions="3" time="0.001967"/>
    <testcase name="test_seeder_pages_are_active" file="D:\meem-commerce\tests\Feature\StaticPages\StaticPageSeederTest.php" line="60" class="Tests\Feature\StaticPages\StaticPageSeederTest" classname="Tests.Feature.StaticPages.StaticPageSeederTest" assertions="2" time="0.001844"/>
    <testcase name="test_seeder_creates_no_sections" file="D:\meem-commerce\tests\Feature\StaticPages\StaticPageSeederTest.php" line="68" class="Tests\Feature\StaticPages\StaticPageSeederTest" classname="Tests.Feature.StaticPages.StaticPageSeederTest" assertions="1" time="0.002182"/>
    <testcase name="test_seeder_is_idempotent" file="D:\meem-commerce\tests\Feature\StaticPages\StaticPageSeederTest.php" line="75" class="Tests\Feature\StaticPages\StaticPageSeederTest" classname="Tests.Feature.StaticPages.StaticPageSeederTest" assertions="1" time="0.003133"/>
    <testcase name="test_seeder_preserves_edited_titles" file="D:\meem-commerce\tests\Feature\StaticPages\StaticPageSeederTest.php" line="84" class="Tests\Feature\StaticPages\StaticPageSeederTest" classname="Tests.Feature.StaticPages.StaticPageSeederTest" assertions="1" time="0.001915"/>
    <testcase name="test_seeder_preserves_deactivated_pages" file="D:\meem-commerce\tests\Feature\StaticPages\StaticPageSeederTest.php" line="99" class="Tests\Feature\StaticPages\StaticPageSeederTest" classname="Tests.Feature.StaticPages.StaticPageSeederTest" assertions="1" time="0.002114"/>
    <testcase name="test_seeded_pages_are_publicly_accessible" file="D:\meem-commerce\tests\Feature\StaticPages\StaticPageSeederTest.php" line="114" class="Tests\Feature\StaticPages\StaticPageSeederTest" classname="Tests.Feature.StaticPages.StaticPageSeederTest" assertions="5" time="0.049386"/>
  </testsuite>
</testsuites>
