<?xml version="1.0" encoding="UTF-8"?>
<testsuites>
  <testsuite name="Tests\Feature\StaticPages\StaticPageValidationTest" file="D:\meem-commerce\tests\Feature\StaticPages\StaticPageValidationTest.php" tests="16" assertions="38" errors="0" failures="0" skipped="0" time="0.160841">
    <testcase name="test_store_section_requires_title" file="D:\meem-commerce\tests\Feature\StaticPages\StaticPageValidationTest.php" line="109" class="Tests\Feature\StaticPages\StaticPageValidationTest" classname="Tests.Feature.StaticPages.StaticPageValidationTest" assertions="2" time="0.053400"/>
    <testcase name="test_store_section_requires_title_en" file="D:\meem-commerce\tests\Feature\StaticPages\StaticPageValidationTest.php" line="122" class="Tests\Feature\StaticPages\StaticPageValidationTest" classname="Tests.Feature.StaticPages.StaticPageValidationTest" assertions="2" time="0.008519"/>
    <testcase name="test_store_section_requires_content" file="D:\meem-commerce\tests\Feature\StaticPages\StaticPageValidationTest.php" line="136" class="Tests\Feature\StaticPages\StaticPageValidationTest" classname="Tests.Feature.StaticPages.StaticPageValidationTest" assertions="2" time="0.005715"/>
    <testcase name="test_store_section_rejects_top_level_list_content" file="D:\meem-commerce\tests\Feature\StaticPages\StaticPageValidationTest.php" line="149" class="Tests\Feature\StaticPages\StaticPageValidationTest" classname="Tests.Feature.StaticPages.StaticPageValidationTest" assertions="3" time="0.007663"/>
    <testcase name="test_store_section_rejects_non_array_content_en" file="D:\meem-commerce\tests\Feature\StaticPages\StaticPageValidationTest.php" line="165" class="Tests\Feature\StaticPages\StaticPageValidationTest" classname="Tests.Feature.StaticPages.StaticPageValidationTest" assertions="2" time="0.005944"/>
    <testcase name="test_store_section_title_locale_must_be_string" file="D:\meem-commerce\tests\Feature\StaticPages\StaticPageValidationTest.php" line="179" class="Tests\Feature\StaticPages\StaticPageValidationTest" classname="Tests.Feature.StaticPages.StaticPageValidationTest" assertions="2" time="0.006062"/>
    <testcase name="test_store_section_title_locale_exceeding_max_length_rejected" file="D:\meem-commerce\tests\Feature\StaticPages\StaticPageValidationTest.php" line="193" class="Tests\Feature\StaticPages\StaticPageValidationTest" classname="Tests.Feature.StaticPages.StaticPageValidationTest" assertions="2" time="0.006083"/>
    <testcase name="test_update_page_title_must_be_array" file="D:\meem-commerce\tests\Feature\StaticPages\StaticPageValidationTest.php" line="207" class="Tests\Feature\StaticPages\StaticPageValidationTest" classname="Tests.Feature.StaticPages.StaticPageValidationTest" assertions="2" time="0.007087"/>
    <testcase name="test_update_page_is_active_must_be_valid_value" file="D:\meem-commerce\tests\Feature\StaticPages\StaticPageValidationTest.php" line="220" class="Tests\Feature\StaticPages\StaticPageValidationTest" classname="Tests.Feature.StaticPages.StaticPageValidationTest" assertions="2" time="0.005196"/>
    <testcase name="test_update_section_rejects_list_content" file="D:\meem-commerce\tests\Feature\StaticPages\StaticPageValidationTest.php" line="233" class="Tests\Feature\StaticPages\StaticPageValidationTest" classname="Tests.Feature.StaticPages.StaticPageValidationTest" assertions="3" time="0.007284"/>
    <testcase name="test_update_section_title_must_be_string" file="D:\meem-commerce\tests\Feature\StaticPages\StaticPageValidationTest.php" line="250" class="Tests\Feature\StaticPages\StaticPageValidationTest" classname="Tests.Feature.StaticPages.StaticPageValidationTest" assertions="2" time="0.008560"/>
    <testcase name="test_reorder_requires_sections" file="D:\meem-commerce\tests\Feature\StaticPages\StaticPageValidationTest.php" line="264" class="Tests\Feature\StaticPages\StaticPageValidationTest" classname="Tests.Feature.StaticPages.StaticPageValidationTest" assertions="2" time="0.011282"/>
    <testcase name="test_reorder_rejects_nonexistent_section" file="D:\meem-commerce\tests\Feature\StaticPages\StaticPageValidationTest.php" line="275" class="Tests\Feature\StaticPages\StaticPageValidationTest" classname="Tests.Feature.StaticPages.StaticPageValidationTest" assertions="2" time="0.006368"/>
    <testcase name="test_reorder_rejects_duplicate_ids" file="D:\meem-commerce\tests\Feature\StaticPages\StaticPageValidationTest.php" line="288" class="Tests\Feature\StaticPages\StaticPageValidationTest" classname="Tests.Feature.StaticPages.StaticPageValidationTest" assertions="2" time="0.006559"/>
    <testcase name="test_reorder_rejects_non_integer_id" file="D:\meem-commerce\tests\Feature\StaticPages\StaticPageValidationTest.php" line="302" class="Tests\Feature\StaticPages\StaticPageValidationTest" classname="Tests.Feature.StaticPages.StaticPageValidationTest" assertions="2" time="0.006848"/>
    <testcase name="test_validation_failures_do_not_persist" file="D:\meem-commerce\tests\Feature\StaticPages\StaticPageValidationTest.php" line="315" class="Tests\Feature\StaticPages\StaticPageValidationTest" classname="Tests.Feature.StaticPages.StaticPageValidationTest" assertions="6" time="0.008272"/>
  </testsuite>
</testsuites>
